<?xml version="1.0" encoding="UTF-8"?>
<testsuite name="Sanity Merlin Json" tests="1" skipped="0" failures="1" errors="0" timestamp="2022-04-22T16:56:25" hostname="22LAP5CD1195R94" time="203.665">
  <properties/>
  <testcase name="se requiere ejecutar el Json" classname="Sanity Merlin Json" time="203.665">
    <failure message="java.lang.AssertionError: Finaliza de manera Exitosa la automatizacion&#10;Expected: &quot;Exitoso&quot;&#10;     but: was &quot;Fallido&quot;" type="java.lang.AssertionError">java.lang.AssertionError: Finaliza de manera Exitosa la automatizacion
Expected: &quot;Exitoso&quot;
     but: was &quot;Fallido&quot;
	at org.hamcrest.MatcherAssert.assertThat(MatcherAssert.java:20)
	at com.indra.actions.ConsultResultAutomation.consultResultOfAutomation(ConsultResultAutomation.java:36)
	at com.indra.steps_definitions.SanitySteps.seObtieneLaRespuestaDeLaEjecucionDelJson(SanitySteps.java:31)
	at ✽.Se obtiene la respuesta de la ejecucion del json(src/test/resources/features/execute.feature:10)
</failure>
  </testcase>
  <system-out><![CDATA[11:56:27.136 [Test worker] DEBUG org.apache.http.impl.conn.BasicClientConnectionManager - Get connection for route {}->http://10.69.42.60:8089
11:56:27.143 [Test worker] DEBUG org.apache.http.impl.conn.DefaultClientConnectionOperator - Connecting to 10.69.42.60:8089
11:56:27.168 [Test worker] DEBUG org.apache.http.client.protocol.RequestAddCookies - CookieSpec selected: ignoreCookies
11:56:27.169 [Test worker] DEBUG org.apache.http.client.protocol.RequestAuthCache - Auth cache not set in the context
11:56:27.169 [Test worker] DEBUG org.apache.http.client.protocol.RequestTargetAuthentication - Target auth state: UNCHALLENGED
11:56:27.170 [Test worker] DEBUG org.apache.http.client.protocol.RequestProxyAuthentication - Proxy auth state: UNCHALLENGED
11:56:27.170 [Test worker] DEBUG org.apache.http.impl.client.DefaultHttpClient - Attempt 1 to execute request
11:56:27.170 [Test worker] DEBUG org.apache.http.impl.conn.DefaultClientConnection - Sending request: POST /api/authenticate-api HTTP/1.1
11:56:27.170 [Test worker] DEBUG org.apache.http.wire -  >> "POST /api/authenticate-api HTTP/1.1[\r][\n]"
11:56:27.171 [Test worker] DEBUG org.apache.http.wire -  >> "Accept: */*[\r][\n]"
11:56:27.171 [Test worker] DEBUG org.apache.http.wire -  >> "Content-Type: application/json; charset=UTF-8[\r][\n]"
11:56:27.171 [Test worker] DEBUG org.apache.http.wire -  >> "Content-Length: 69[\r][\n]"
11:56:27.171 [Test worker] DEBUG org.apache.http.wire -  >> "Host: 10.69.42.60:8089[\r][\n]"
11:56:27.171 [Test worker] DEBUG org.apache.http.wire -  >> "Connection: Keep-Alive[\r][\n]"
11:56:27.171 [Test worker] DEBUG org.apache.http.wire -  >> "User-Agent: Apache-HttpClient/4.5.9 (Java/1.8.0_301)[\r][\n]"
11:56:27.171 [Test worker] DEBUG org.apache.http.wire -  >> "Accept-Encoding: gzip,deflate[\r][\n]"
11:56:27.172 [Test worker] DEBUG org.apache.http.wire -  >> "[\r][\n]"
11:56:27.172 [Test worker] DEBUG org.apache.http.headers - >> POST /api/authenticate-api HTTP/1.1
11:56:27.172 [Test worker] DEBUG org.apache.http.headers - >> Accept: */*
11:56:27.172 [Test worker] DEBUG org.apache.http.headers - >> Content-Type: application/json; charset=UTF-8
11:56:27.172 [Test worker] DEBUG org.apache.http.headers - >> Content-Length: 69
11:56:27.172 [Test worker] DEBUG org.apache.http.headers - >> Host: 10.69.42.60:8089
11:56:27.172 [Test worker] DEBUG org.apache.http.headers - >> Connection: Keep-Alive
11:56:27.172 [Test worker] DEBUG org.apache.http.headers - >> User-Agent: Apache-HttpClient/4.5.9 (Java/1.8.0_301)
11:56:27.172 [Test worker] DEBUG org.apache.http.headers - >> Accept-Encoding: gzip,deflate
11:56:27.172 [Test worker] DEBUG org.apache.http.wire -  >> "{[\n]"
11:56:27.172 [Test worker] DEBUG org.apache.http.wire -  >> "    "username": "Orlando.Pautt",[\n]"
11:56:27.172 [Test worker] DEBUG org.apache.http.wire -  >> "    "password": "OrlandoDar.12*"[\n]"
11:56:27.172 [Test worker] DEBUG org.apache.http.wire -  >> "}"
11:56:27.320 [Test worker] DEBUG org.apache.http.wire -  << "HTTP/1.1 200 [\r][\n]"
11:56:27.321 [Test worker] DEBUG org.apache.http.wire -  << "Vary: Origin[\r][\n]"
11:56:27.321 [Test worker] DEBUG org.apache.http.wire -  << "Vary: Access-Control-Request-Method[\r][\n]"
11:56:27.321 [Test worker] DEBUG org.apache.http.wire -  << "Vary: Access-Control-Request-Headers[\r][\n]"
11:56:27.321 [Test worker] DEBUG org.apache.http.wire -  << "Vary: Origin[\r][\n]"
11:56:27.321 [Test worker] DEBUG org.apache.http.wire -  << "Vary: Access-Control-Request-Method[\r][\n]"
11:56:27.321 [Test worker] DEBUG org.apache.http.wire -  << "Vary: Access-Control-Request-Headers[\r][\n]"
11:56:27.321 [Test worker] DEBUG org.apache.http.wire -  << "X-Content-Type-Options: nosniff[\r][\n]"
11:56:27.321 [Test worker] DEBUG org.apache.http.wire -  << "X-XSS-Protection: 1; mode=block[\r][\n]"
11:56:27.322 [Test worker] DEBUG org.apache.http.wire -  << "Cache-Control: no-cache, no-store, max-age=0, must-revalidate[\r][\n]"
11:56:27.322 [Test worker] DEBUG org.apache.http.wire -  << "Pragma: no-cache[\r][\n]"
11:56:27.322 [Test worker] DEBUG org.apache.http.wire -  << "Expires: 0[\r][\n]"
11:56:27.322 [Test worker] DEBUG org.apache.http.wire -  << "X-Frame-Options: DENY[\r][\n]"
11:56:27.322 [Test worker] DEBUG org.apache.http.wire -  << "Content-Type: application/json[\r][\n]"
11:56:27.322 [Test worker] DEBUG org.apache.http.wire -  << "Transfer-Encoding: chunked[\r][\n]"
11:56:27.322 [Test worker] DEBUG org.apache.http.wire -  << "Date: Fri, 22 Apr 2022 16:24:59 GMT[\r][\n]"
11:56:27.322 [Test worker] DEBUG org.apache.http.wire -  << "Keep-Alive: timeout=60[\r][\n]"
11:56:27.322 [Test worker] DEBUG org.apache.http.wire -  << "Connection: keep-alive[\r][\n]"
11:56:27.322 [Test worker] DEBUG org.apache.http.wire -  << "[\r][\n]"
11:56:27.322 [Test worker] DEBUG org.apache.http.impl.conn.DefaultClientConnection - Receiving response: HTTP/1.1 200 
11:56:27.322 [Test worker] DEBUG org.apache.http.headers - << HTTP/1.1 200 
11:56:27.322 [Test worker] DEBUG org.apache.http.headers - << Vary: Origin
11:56:27.322 [Test worker] DEBUG org.apache.http.headers - << Vary: Access-Control-Request-Method
11:56:27.322 [Test worker] DEBUG org.apache.http.headers - << Vary: Access-Control-Request-Headers
11:56:27.323 [Test worker] DEBUG org.apache.http.headers - << Vary: Origin
11:56:27.323 [Test worker] DEBUG org.apache.http.headers - << Vary: Access-Control-Request-Method
11:56:27.323 [Test worker] DEBUG org.apache.http.headers - << Vary: Access-Control-Request-Headers
11:56:27.323 [Test worker] DEBUG org.apache.http.headers - << X-Content-Type-Options: nosniff
11:56:27.323 [Test worker] DEBUG org.apache.http.headers - << X-XSS-Protection: 1; mode=block
11:56:27.323 [Test worker] DEBUG org.apache.http.headers - << Cache-Control: no-cache, no-store, max-age=0, must-revalidate
11:56:27.323 [Test worker] DEBUG org.apache.http.headers - << Pragma: no-cache
11:56:27.323 [Test worker] DEBUG org.apache.http.headers - << Expires: 0
11:56:27.323 [Test worker] DEBUG org.apache.http.headers - << X-Frame-Options: DENY
11:56:27.323 [Test worker] DEBUG org.apache.http.headers - << Content-Type: application/json
11:56:27.323 [Test worker] DEBUG org.apache.http.headers - << Transfer-Encoding: chunked
11:56:27.323 [Test worker] DEBUG org.apache.http.headers - << Date: Fri, 22 Apr 2022 16:24:59 GMT
11:56:27.323 [Test worker] DEBUG org.apache.http.headers - << Keep-Alive: timeout=60
11:56:27.323 [Test worker] DEBUG org.apache.http.headers - << Connection: keep-alive
11:56:27.326 [Test worker] DEBUG org.apache.http.impl.client.DefaultHttpClient - Connection can be kept alive for 60000 MILLISECONDS
11:56:27.339 [Test worker] DEBUG io.restassured.internal.RequestSpecificationImpl$RestAssuredHttpBuilder - Parsing response as: application/json
11:56:27.340 [Test worker] DEBUG io.restassured.internal.RequestSpecificationImpl$RestAssuredHttpBuilder - Parsed data to instance of: class org.apache.http.conn.EofSensorInputStream
11:56:27.385 [Test worker] DEBUG org.apache.http.wire -  << "e6[\r][\n]"
11:56:27.386 [Test worker] DEBUG org.apache.http.wire -  << "{"role":"Automatizador","rights":"automatizar","username":"Orlando.Pautt","token":"eyJhbGciOiJIUzI1NiJ9.eyJzdWIiOiJPcmxhbmRvLlBhdXR0QVBJIiwiZXhwIjoxNjUwNjgwNjk5LCJpYXQiOjE2NTA2NDQ2OTl9.KdMzRautUU9I3Ov60EPVBqUDzX8OPNFb1s9bTYmCh80"}"
11:56:27.386 [Test worker] DEBUG org.apache.http.wire -  << "[\r][\n]"
11:56:27.386 [Test worker] DEBUG org.apache.http.wire -  << "0[\r][\n]"
11:56:27.386 [Test worker] DEBUG org.apache.http.wire -  << "[\r][\n]"
11:56:27.386 [Test worker] DEBUG org.apache.http.impl.conn.BasicClientConnectionManager - Releasing connection org.apache.http.impl.conn.ManagedClientConnectionImpl@5f630def
11:56:27.386 [Test worker] DEBUG org.apache.http.impl.conn.BasicClientConnectionManager - Connection can be kept alive for 60000 MILLISECONDS
11:56:27.483 [Finalizer] DEBUG org.apache.http.impl.conn.DefaultClientConnection - Connection 0.0.0.0:61489<->10.69.42.60:8089 closed
11:56:27.935 [Test worker] DEBUG org.apache.http.impl.conn.BasicClientConnectionManager - Get connection for route {}->http://10.69.42.60:8089
11:56:27.935 [Test worker] DEBUG org.apache.http.impl.conn.DefaultClientConnectionOperator - Connecting to 10.69.42.60:8089
11:56:27.950 [Test worker] DEBUG org.apache.http.client.protocol.RequestAddCookies - CookieSpec selected: ignoreCookies
11:56:27.951 [Test worker] DEBUG org.apache.http.client.protocol.RequestAuthCache - Auth cache not set in the context
11:56:27.951 [Test worker] DEBUG org.apache.http.client.protocol.RequestProxyAuthentication - Proxy auth state: UNCHALLENGED
11:56:27.951 [Test worker] DEBUG org.apache.http.impl.client.DefaultHttpClient - Attempt 1 to execute request
11:56:27.951 [Test worker] DEBUG org.apache.http.impl.conn.DefaultClientConnection - Sending request: POST /api/external-automation HTTP/1.1
11:56:27.951 [Test worker] DEBUG org.apache.http.wire -  >> "POST /api/external-automation HTTP/1.1[\r][\n]"
11:56:27.951 [Test worker] DEBUG org.apache.http.wire -  >> "Authorization: Bearer eyJhbGciOiJIUzI1NiJ9.eyJzdWIiOiJPcmxhbmRvLlBhdXR0QVBJIiwiZXhwIjoxNjUwNjgwNjk5LCJpYXQiOjE2NTA2NDQ2OTl9.KdMzRautUU9I3Ov60EPVBqUDzX8OPNFb1s9bTYmCh80[\r][\n]"
11:56:27.951 [Test worker] DEBUG org.apache.http.wire -  >> "Accept: */*[\r][\n]"
11:56:27.951 [Test worker] DEBUG org.apache.http.wire -  >> "Content-Type: application/json; charset=UTF-8[\r][\n]"
11:56:27.951 [Test worker] DEBUG org.apache.http.wire -  >> "Content-Length: 2809[\r][\n]"
11:56:27.951 [Test worker] DEBUG org.apache.http.wire -  >> "Host: 10.69.42.60:8089[\r][\n]"
11:56:27.951 [Test worker] DEBUG org.apache.http.wire -  >> "Connection: Keep-Alive[\r][\n]"
11:56:27.951 [Test worker] DEBUG org.apache.http.wire -  >> "User-Agent: Apache-HttpClient/4.5.9 (Java/1.8.0_301)[\r][\n]"
11:56:27.951 [Test worker] DEBUG org.apache.http.wire -  >> "Accept-Encoding: gzip,deflate[\r][\n]"
11:56:27.951 [Test worker] DEBUG org.apache.http.wire -  >> "[\r][\n]"
11:56:27.951 [Test worker] DEBUG org.apache.http.headers - >> POST /api/external-automation HTTP/1.1
11:56:27.951 [Test worker] DEBUG org.apache.http.headers - >> Authorization: Bearer eyJhbGciOiJIUzI1NiJ9.eyJzdWIiOiJPcmxhbmRvLlBhdXR0QVBJIiwiZXhwIjoxNjUwNjgwNjk5LCJpYXQiOjE2NTA2NDQ2OTl9.KdMzRautUU9I3Ov60EPVBqUDzX8OPNFb1s9bTYmCh80
11:56:27.951 [Test worker] DEBUG org.apache.http.headers - >> Accept: */*
11:56:27.951 [Test worker] DEBUG org.apache.http.headers - >> Content-Type: application/json; charset=UTF-8
11:56:27.951 [Test worker] DEBUG org.apache.http.headers - >> Content-Length: 2809
11:56:27.951 [Test worker] DEBUG org.apache.http.headers - >> Host: 10.69.42.60:8089
11:56:27.952 [Test worker] DEBUG org.apache.http.headers - >> Connection: Keep-Alive
11:56:27.952 [Test worker] DEBUG org.apache.http.headers - >> User-Agent: Apache-HttpClient/4.5.9 (Java/1.8.0_301)
11:56:27.952 [Test worker] DEBUG org.apache.http.headers - >> Accept-Encoding: gzip,deflate
11:56:27.952 [Test worker] DEBUG org.apache.http.wire -  >> "{[\n]"
11:56:27.952 [Test worker] DEBUG org.apache.http.wire -  >> "    "contentFeature": [[\n]"
11:56:27.952 [Test worker] DEBUG org.apache.http.wire -  >> "        "Feature: Consultar Estado de Linea\n\n   Scenario Outline: Consultar Estado de Line\n\tGiven Deseo navegar a la pagina <urlCrm>\n    And Ingreso rapidamente <userCrm> en el campo \"User\"\n    And Ingreso rapidamente <passCrm> en el campo \"Password\"\n    And Doy click en \"Submit\"\n    And Espero que la pagina cargue\n    When Doy click en \"Consultas\"\n    And Espero que la pagina cargue\n    And Selecciono en el arbol la opcion <postventa>\n    And Selecciono en el arbol la opcion <integral>\n    And Doy click en \"Nueva pantalla unica\"\n    And Espero <tiempoEspera> segundos\n    And Espero que el iFrame \"transaccion crm portal\" cargue\n    And Cargo la pagina interna \"transaccion crm portal\"\n    And Ingreso rapidamente <msisdn> en el campo \"Msisdn\"\n    Then Doy click en \"Buscar\"\n    And Espero que la pagina cargue\n    And Valido que valor del campo \"label tipo\" sea <tipo>\n    And Valido que valor del campo \"estado linea\" sea <estadoLinea>\n\tAnd Doy click en \"Activacion\"\n\tAnd Doy click en \"Impreso HLR\"\n\tAnd Espero <tiempoEsperaFinal> segundos\n\tAnd Modifico el atributo <atributo> del campo \"HLR\" por <valorAtributo>\n\tAnd Capturo con scroll la informacion completa de la pagina\n    And Doy click en \"Prepago\"\n\tAnd Doy click en \"Resumen\"\n\tAnd Espero <tiempoEsperaFinal> segundos\n\tAnd Capturo con scroll la informacion completa de la pagina\n\n Examples:\n|urlCrm|userCrm|passCrm|postventa|integral|tiempoEspera|msisdn|tipo|estadoLinea|tiempoEsperaFinal|atributo|valorAtributo|\n|\"http://10.69.60.140:8280/portal/CRMPortal\"|\"SM1152457543\"|\"Tigo.2020*\"|\"Consulta Posventa\"|\"Consulta Integral\"|\"3\"|\"3015169697\"|\"Prepago\"|\"Activo\"|\"5\"|\"style\"|\"height: 4777px\"|\n"[\n]"
11:56:27.952 [Test worker] DEBUG org.apache.http.wire -  >> "    ],[\n]"
11:56:27.952 [Test worker] DEBUG org.apache.http.wire -  >> "    "nameFeature": [[\n]"
11:56:27.952 [Test worker] DEBUG org.apache.http.wire -  >> "        "ESC001_ Consultar Estado de Linea"[\n]"
11:56:27.952 [Test worker] DEBUG org.apache.http.wire -  >> "    ],[\n]"
11:56:27.953 [Test worker] DEBUG org.apache.http.wire -  >> "    "contentProperties": [[\n]"
11:56:27.953 [Test worker] DEBUG org.apache.http.wire -  >> "        "|User=id:username|Password=id:password|Submit=name:login|Consultas=linkText:Consultas|Nueva pantalla unica=linkText:Nueva Pantalla Unica Clientes|transaccion crm portal=id:iframe|Msisdn=xpath://*[@id='j_id15:j_id26']|Buscar=//*[@id='j_id15:j_id27']|label tipo=id:j_id135:j_id166|estado linea=//*[@id='j_id135:j_id183']|Activacion=id:j_id373:menu:j_id374:j_id421|Impreso HLR=id:j_id373:menu:j_id374:j_id421:j_id424:icn|HLR=//textarea[@class='iceInpTxtArea' and contains(.,'HLR')]|Prepago=id:j_id373:menu:j_id374:j_id376|Resumen=id:j_id373:menu:j_id374:j_id376:j_id377:icn|"[\n]"
11:56:27.953 [Test worker] DEBUG org.apache.http.wire -  >> "    ],[\n]"
11:56:27.953 [Test worker] DEBUG org.apache.http.wire -  >> "    "allowsTrace": "0",[\n]"
11:56:27.953 [Test worker] DEBUG org.apache.http.wire -  >> "    "browser": "chrome",[\n]"
11:56:27.953 [Test worker] DEBUG org.apache.http.wire -  >> "    "aplicationType": [[\n]"
11:56:27.953 [Test worker] DEBUG org.apache.http.wire -  >> "        "Web"[\n]"
11:56:27.953 [Test worker] DEBUG org.apache.http.wire -  >> "    ],[\n]"
11:56:27.953 [Test worker] DEBUG org.apache.http.wire -  >> "    "aplication": [[\n]"
11:56:27.953 [Test worker] DEBUG org.apache.http.wire -  >> "        "CRM"[\n]"
11:56:27.953 [Test worker] DEBUG org.apache.http.wire -  >> "    ],[\n]"
11:56:27.953 [Test worker] DEBUG org.apache.http.wire -  >> "    "process": [[\n]"
11:56:27.953 [Test worker] DEBUG org.apache.http.wire -  >> "        " Consultar Estado de Linea"[\n]"
11:56:27.953 [Test worker] DEBUG org.apache.http.wire -  >> "    ],[\n]"
11:56:27.953 [Test worker] DEBUG org.apache.http.wire -  >> "    "iterations": [[\n]"
11:56:27.953 [Test worker] DEBUG org.apache.http.wire -  >> "        1[\n]"
11:56:27.953 [Test worker] DEBUG org.apache.http.wire -  >> "    ],[\n]"
11:56:27.953 [Test worker] DEBUG org.apache.http.wire -  >> "    "appTypeToValidate": [[\n]"
11:56:27.953 [Test worker] DEBUG org.apache.http.wire -  >> "        "1"[\n]"
11:56:27.953 [Test worker] DEBUG org.apache.http.wire -  >> "    ],[\n]"
11:56:27.953 [Test worker] DEBUG org.apache.http.wire -  >> "    "testError": false,[\n]"
11:56:27.953 [Test worker] DEBUG org.apache.http.wire -  >> "    "stopExecution":false[\n]"
11:56:27.953 [Test worker] DEBUG org.apache.http.wire -  >> "}"
11:56:28.001 [Test worker] DEBUG org.apache.http.wire -  << "HTTP/1.1 200 [\r][\n]"
11:56:28.001 [Test worker] DEBUG org.apache.http.wire -  << "Vary: Origin[\r][\n]"
11:56:28.001 [Test worker] DEBUG org.apache.http.wire -  << "Vary: Access-Control-Request-Method[\r][\n]"
11:56:28.001 [Test worker] DEBUG org.apache.http.wire -  << "Vary: Access-Control-Request-Headers[\r][\n]"
11:56:28.001 [Test worker] DEBUG org.apache.http.wire -  << "X-Content-Type-Options: nosniff[\r][\n]"
11:56:28.001 [Test worker] DEBUG org.apache.http.wire -  << "X-XSS-Protection: 1; mode=block[\r][\n]"
11:56:28.001 [Test worker] DEBUG org.apache.http.wire -  << "Cache-Control: no-cache, no-store, max-age=0, must-revalidate[\r][\n]"
11:56:28.001 [Test worker] DEBUG org.apache.http.wire -  << "Pragma: no-cache[\r][\n]"
11:56:28.001 [Test worker] DEBUG org.apache.http.wire -  << "Expires: 0[\r][\n]"
11:56:28.001 [Test worker] DEBUG org.apache.http.wire -  << "X-Frame-Options: DENY[\r][\n]"
11:56:28.002 [Test worker] DEBUG org.apache.http.wire -  << "Content-Type: application/json[\r][\n]"
11:56:28.002 [Test worker] DEBUG org.apache.http.wire -  << "Transfer-Encoding: chunked[\r][\n]"
11:56:28.002 [Test worker] DEBUG org.apache.http.wire -  << "Date: Fri, 22 Apr 2022 16:24:59 GMT[\r][\n]"
11:56:28.002 [Test worker] DEBUG org.apache.http.wire -  << "Keep-Alive: timeout=60[\r][\n]"
11:56:28.002 [Test worker] DEBUG org.apache.http.wire -  << "Connection: keep-alive[\r][\n]"
11:56:28.002 [Test worker] DEBUG org.apache.http.wire -  << "[\r][\n]"
11:56:28.002 [Test worker] DEBUG org.apache.http.impl.conn.DefaultClientConnection - Receiving response: HTTP/1.1 200 
11:56:28.002 [Test worker] DEBUG org.apache.http.headers - << HTTP/1.1 200 
11:56:28.002 [Test worker] DEBUG org.apache.http.headers - << Vary: Origin
11:56:28.002 [Test worker] DEBUG org.apache.http.headers - << Vary: Access-Control-Request-Method
11:56:28.002 [Test worker] DEBUG org.apache.http.headers - << Vary: Access-Control-Request-Headers
11:56:28.002 [Test worker] DEBUG org.apache.http.headers - << X-Content-Type-Options: nosniff
11:56:28.003 [Test worker] DEBUG org.apache.http.headers - << X-XSS-Protection: 1; mode=block
11:56:28.003 [Test worker] DEBUG org.apache.http.headers - << Cache-Control: no-cache, no-store, max-age=0, must-revalidate
11:56:28.003 [Test worker] DEBUG org.apache.http.headers - << Pragma: no-cache
11:56:28.003 [Test worker] DEBUG org.apache.http.headers - << Expires: 0
11:56:28.003 [Test worker] DEBUG org.apache.http.headers - << X-Frame-Options: DENY
11:56:28.003 [Test worker] DEBUG org.apache.http.headers - << Content-Type: application/json
11:56:28.003 [Test worker] DEBUG org.apache.http.headers - << Transfer-Encoding: chunked
11:56:28.003 [Test worker] DEBUG org.apache.http.headers - << Date: Fri, 22 Apr 2022 16:24:59 GMT
11:56:28.003 [Test worker] DEBUG org.apache.http.headers - << Keep-Alive: timeout=60
11:56:28.003 [Test worker] DEBUG org.apache.http.headers - << Connection: keep-alive
11:56:28.003 [Test worker] DEBUG org.apache.http.impl.client.DefaultHttpClient - Connection can be kept alive for 60000 MILLISECONDS
11:56:28.004 [Test worker] DEBUG io.restassured.internal.RequestSpecificationImpl$RestAssuredHttpBuilder - Parsing response as: application/json
11:56:28.004 [Test worker] DEBUG io.restassured.internal.RequestSpecificationImpl$RestAssuredHttpBuilder - Parsed data to instance of: class org.apache.http.conn.EofSensorInputStream
11:56:28.007 [Test worker] DEBUG org.apache.http.wire -  << "35[\r][\n]"
11:56:28.007 [Test worker] DEBUG org.apache.http.wire -  << "{"idexecution":"12131","message":"Execution Pending"}"
11:56:28.007 [Test worker] DEBUG org.apache.http.wire -  << "[\r][\n]"
11:56:28.007 [Test worker] DEBUG org.apache.http.wire -  << "0[\r][\n]"
11:56:28.008 [Test worker] DEBUG org.apache.http.wire -  << "[\r][\n]"
11:56:28.008 [Test worker] DEBUG org.apache.http.impl.conn.BasicClientConnectionManager - Releasing connection org.apache.http.impl.conn.ManagedClientConnectionImpl@603ca6cc
11:56:28.008 [Test worker] DEBUG org.apache.http.impl.conn.BasicClientConnectionManager - Connection can be kept alive for 60000 MILLISECONDS
11:56:28.065 [Test worker] DEBUG org.apache.http.impl.conn.BasicClientConnectionManager - Get connection for route {}->http://10.69.42.60:8089
11:56:28.065 [Test worker] DEBUG org.apache.http.impl.conn.DefaultClientConnectionOperator - Connecting to 10.69.42.60:8089
11:56:28.089 [Test worker] DEBUG org.apache.http.client.protocol.RequestAddCookies - CookieSpec selected: ignoreCookies
11:56:28.089 [Test worker] DEBUG org.apache.http.client.protocol.RequestAuthCache - Auth cache not set in the context
11:56:28.089 [Test worker] DEBUG org.apache.http.client.protocol.RequestProxyAuthentication - Proxy auth state: UNCHALLENGED
11:56:28.089 [Test worker] DEBUG org.apache.http.impl.client.DefaultHttpClient - Attempt 1 to execute request
11:56:28.089 [Test worker] DEBUG org.apache.http.impl.conn.DefaultClientConnection - Sending request: GET /api/execution-result?idexecution=12131 HTTP/1.1
11:56:28.089 [Test worker] DEBUG org.apache.http.wire -  >> "GET /api/execution-result?idexecution=12131 HTTP/1.1[\r][\n]"
11:56:28.089 [Test worker] DEBUG org.apache.http.wire -  >> "Content-Type: application/json; charset=UTF-8[\r][\n]"
11:56:28.089 [Test worker] DEBUG org.apache.http.wire -  >> "Authorization: Bearer eyJhbGciOiJIUzI1NiJ9.eyJzdWIiOiJPcmxhbmRvLlBhdXR0QVBJIiwiZXhwIjoxNjUwNjgwNjk5LCJpYXQiOjE2NTA2NDQ2OTl9.KdMzRautUU9I3Ov60EPVBqUDzX8OPNFb1s9bTYmCh80[\r][\n]"
11:56:28.089 [Test worker] DEBUG org.apache.http.wire -  >> "Accept: */*[\r][\n]"
11:56:28.089 [Test worker] DEBUG org.apache.http.wire -  >> "Host: 10.69.42.60:8089[\r][\n]"
11:56:28.090 [Test worker] DEBUG org.apache.http.wire -  >> "Connection: Keep-Alive[\r][\n]"
11:56:28.090 [Test worker] DEBUG org.apache.http.wire -  >> "User-Agent: Apache-HttpClient/4.5.9 (Java/1.8.0_301)[\r][\n]"
11:56:28.090 [Test worker] DEBUG org.apache.http.wire -  >> "Accept-Encoding: gzip,deflate[\r][\n]"
11:56:28.090 [Test worker] DEBUG org.apache.http.wire -  >> "[\r][\n]"
11:56:28.090 [Test worker] DEBUG org.apache.http.headers - >> GET /api/execution-result?idexecution=12131 HTTP/1.1
11:56:28.090 [Test worker] DEBUG org.apache.http.headers - >> Content-Type: application/json; charset=UTF-8
11:56:28.090 [Test worker] DEBUG org.apache.http.headers - >> Authorization: Bearer eyJhbGciOiJIUzI1NiJ9.eyJzdWIiOiJPcmxhbmRvLlBhdXR0QVBJIiwiZXhwIjoxNjUwNjgwNjk5LCJpYXQiOjE2NTA2NDQ2OTl9.KdMzRautUU9I3Ov60EPVBqUDzX8OPNFb1s9bTYmCh80
11:56:28.090 [Test worker] DEBUG org.apache.http.headers - >> Accept: */*
11:56:28.090 [Test worker] DEBUG org.apache.http.headers - >> Host: 10.69.42.60:8089
11:56:28.090 [Test worker] DEBUG org.apache.http.headers - >> Connection: Keep-Alive
11:56:28.090 [Test worker] DEBUG org.apache.http.headers - >> User-Agent: Apache-HttpClient/4.5.9 (Java/1.8.0_301)
11:56:28.090 [Test worker] DEBUG org.apache.http.headers - >> Accept-Encoding: gzip,deflate
11:56:28.118 [Test worker] DEBUG org.apache.http.wire -  << "HTTP/1.1 200 [\r][\n]"
11:56:28.119 [Test worker] DEBUG org.apache.http.wire -  << "Vary: Origin[\r][\n]"
11:56:28.119 [Test worker] DEBUG org.apache.http.wire -  << "Vary: Access-Control-Request-Method[\r][\n]"
11:56:28.119 [Test worker] DEBUG org.apache.http.wire -  << "Vary: Access-Control-Request-Headers[\r][\n]"
11:56:28.119 [Test worker] DEBUG org.apache.http.wire -  << "Vary: Origin[\r][\n]"
11:56:28.119 [Test worker] DEBUG org.apache.http.wire -  << "Vary: Access-Control-Request-Method[\r][\n]"
11:56:28.119 [Test worker] DEBUG org.apache.http.wire -  << "Vary: Access-Control-Request-Headers[\r][\n]"
11:56:28.119 [Test worker] DEBUG org.apache.http.wire -  << "X-Content-Type-Options: nosniff[\r][\n]"
11:56:28.119 [Test worker] DEBUG org.apache.http.wire -  << "X-XSS-Protection: 1; mode=block[\r][\n]"
11:56:28.119 [Test worker] DEBUG org.apache.http.wire -  << "Cache-Control: no-cache, no-store, max-age=0, must-revalidate[\r][\n]"
11:56:28.119 [Test worker] DEBUG org.apache.http.wire -  << "Pragma: no-cache[\r][\n]"
11:56:28.119 [Test worker] DEBUG org.apache.http.wire -  << "Expires: 0[\r][\n]"
11:56:28.119 [Test worker] DEBUG org.apache.http.wire -  << "X-Frame-Options: DENY[\r][\n]"
11:56:28.119 [Test worker] DEBUG org.apache.http.wire -  << "Content-Type: application/json[\r][\n]"
11:56:28.119 [Test worker] DEBUG org.apache.http.wire -  << "Transfer-Encoding: chunked[\r][\n]"
11:56:28.120 [Test worker] DEBUG org.apache.http.wire -  << "Date: Fri, 22 Apr 2022 16:24:59 GMT[\r][\n]"
11:56:28.120 [Test worker] DEBUG org.apache.http.wire -  << "Keep-Alive: timeout=60[\r][\n]"
11:56:28.120 [Test worker] DEBUG org.apache.http.wire -  << "Connection: keep-alive[\r][\n]"
11:56:28.120 [Test worker] DEBUG org.apache.http.wire -  << "[\r][\n]"
11:56:28.120 [Test worker] DEBUG org.apache.http.impl.conn.DefaultClientConnection - Receiving response: HTTP/1.1 200 
11:56:28.120 [Test worker] DEBUG org.apache.http.headers - << HTTP/1.1 200 
11:56:28.120 [Test worker] DEBUG org.apache.http.headers - << Vary: Origin
11:56:28.120 [Test worker] DEBUG org.apache.http.headers - << Vary: Access-Control-Request-Method
11:56:28.120 [Test worker] DEBUG org.apache.http.headers - << Vary: Access-Control-Request-Headers
11:56:28.120 [Test worker] DEBUG org.apache.http.headers - << Vary: Origin
11:56:28.120 [Test worker] DEBUG org.apache.http.headers - << Vary: Access-Control-Request-Method
11:56:28.120 [Test worker] DEBUG org.apache.http.headers - << Vary: Access-Control-Request-Headers
11:56:28.120 [Test worker] DEBUG org.apache.http.headers - << X-Content-Type-Options: nosniff
11:56:28.120 [Test worker] DEBUG org.apache.http.headers - << X-XSS-Protection: 1; mode=block
11:56:28.120 [Test worker] DEBUG org.apache.http.headers - << Cache-Control: no-cache, no-store, max-age=0, must-revalidate
11:56:28.120 [Test worker] DEBUG org.apache.http.headers - << Pragma: no-cache
11:56:28.120 [Test worker] DEBUG org.apache.http.headers - << Expires: 0
11:56:28.120 [Test worker] DEBUG org.apache.http.headers - << X-Frame-Options: DENY
11:56:28.120 [Test worker] DEBUG org.apache.http.headers - << Content-Type: application/json
11:56:28.120 [Test worker] DEBUG org.apache.http.headers - << Transfer-Encoding: chunked
11:56:28.120 [Test worker] DEBUG org.apache.http.headers - << Date: Fri, 22 Apr 2022 16:24:59 GMT
11:56:28.120 [Test worker] DEBUG org.apache.http.headers - << Keep-Alive: timeout=60
11:56:28.120 [Test worker] DEBUG org.apache.http.headers - << Connection: keep-alive
11:56:28.120 [Test worker] DEBUG org.apache.http.impl.client.DefaultHttpClient - Connection can be kept alive for 60000 MILLISECONDS
11:56:28.120 [Test worker] DEBUG io.restassured.internal.RequestSpecificationImpl$RestAssuredHttpBuilder - Parsing response as: application/json
11:56:28.120 [Test worker] DEBUG io.restassured.internal.RequestSpecificationImpl$RestAssuredHttpBuilder - Parsed data to instance of: class org.apache.http.conn.EofSensorInputStream
11:56:28.122 [Test worker] DEBUG org.apache.http.wire -  << "34[\r][\n]"
11:56:28.122 [Test worker] DEBUG org.apache.http.wire -  << "{"result":"Pendiente","executionStatus":"Pendiente"}"
11:56:28.122 [Test worker] DEBUG org.apache.http.wire -  << "[\r][\n]"
11:56:28.122 [Test worker] DEBUG org.apache.http.wire -  << "0[\r][\n]"
11:56:28.122 [Test worker] DEBUG org.apache.http.wire -  << "[\r][\n]"
11:56:28.122 [Test worker] DEBUG org.apache.http.impl.conn.BasicClientConnectionManager - Releasing connection org.apache.http.impl.conn.ManagedClientConnectionImpl@7db2359b
11:56:28.122 [Test worker] DEBUG org.apache.http.impl.conn.BasicClientConnectionManager - Connection can be kept alive for 60000 MILLISECONDS
11:56:48.147 [Test worker] DEBUG org.apache.http.impl.conn.BasicClientConnectionManager - Get connection for route {}->http://10.69.42.60:8089
11:56:48.147 [Test worker] DEBUG org.apache.http.impl.conn.DefaultClientConnectionOperator - Connecting to 10.69.42.60:8089
11:56:48.162 [Test worker] DEBUG org.apache.http.client.protocol.RequestAddCookies - CookieSpec selected: ignoreCookies
11:56:48.162 [Test worker] DEBUG org.apache.http.client.protocol.RequestAuthCache - Auth cache not set in the context
11:56:48.162 [Test worker] DEBUG org.apache.http.client.protocol.RequestProxyAuthentication - Proxy auth state: UNCHALLENGED
11:56:48.162 [Test worker] DEBUG org.apache.http.impl.client.DefaultHttpClient - Attempt 1 to execute request
11:56:48.162 [Test worker] DEBUG org.apache.http.impl.conn.DefaultClientConnection - Sending request: GET /api/execution-result?idexecution=12131 HTTP/1.1
11:56:48.162 [Test worker] DEBUG org.apache.http.wire -  >> "GET /api/execution-result?idexecution=12131 HTTP/1.1[\r][\n]"
11:56:48.162 [Test worker] DEBUG org.apache.http.wire -  >> "Content-Type: application/json; charset=UTF-8[\r][\n]"
11:56:48.162 [Test worker] DEBUG org.apache.http.wire -  >> "Authorization: Bearer eyJhbGciOiJIUzI1NiJ9.eyJzdWIiOiJPcmxhbmRvLlBhdXR0QVBJIiwiZXhwIjoxNjUwNjgwNjk5LCJpYXQiOjE2NTA2NDQ2OTl9.KdMzRautUU9I3Ov60EPVBqUDzX8OPNFb1s9bTYmCh80[\r][\n]"
11:56:48.162 [Test worker] DEBUG org.apache.http.wire -  >> "Accept: */*[\r][\n]"
11:56:48.162 [Test worker] DEBUG org.apache.http.wire -  >> "Host: 10.69.42.60:8089[\r][\n]"
11:56:48.162 [Test worker] DEBUG org.apache.http.wire -  >> "Connection: Keep-Alive[\r][\n]"
11:56:48.162 [Test worker] DEBUG org.apache.http.wire -  >> "User-Agent: Apache-HttpClient/4.5.9 (Java/1.8.0_301)[\r][\n]"
11:56:48.162 [Test worker] DEBUG org.apache.http.wire -  >> "Accept-Encoding: gzip,deflate[\r][\n]"
11:56:48.162 [Test worker] DEBUG org.apache.http.wire -  >> "[\r][\n]"
11:56:48.162 [Test worker] DEBUG org.apache.http.headers - >> GET /api/execution-result?idexecution=12131 HTTP/1.1
11:56:48.162 [Test worker] DEBUG org.apache.http.headers - >> Content-Type: application/json; charset=UTF-8
11:56:48.163 [Test worker] DEBUG org.apache.http.headers - >> Authorization: Bearer eyJhbGciOiJIUzI1NiJ9.eyJzdWIiOiJPcmxhbmRvLlBhdXR0QVBJIiwiZXhwIjoxNjUwNjgwNjk5LCJpYXQiOjE2NTA2NDQ2OTl9.KdMzRautUU9I3Ov60EPVBqUDzX8OPNFb1s9bTYmCh80
11:56:48.163 [Test worker] DEBUG org.apache.http.headers - >> Accept: */*
11:56:48.163 [Test worker] DEBUG org.apache.http.headers - >> Host: 10.69.42.60:8089
11:56:48.163 [Test worker] DEBUG org.apache.http.headers - >> Connection: Keep-Alive
11:56:48.163 [Test worker] DEBUG org.apache.http.headers - >> User-Agent: Apache-HttpClient/4.5.9 (Java/1.8.0_301)
11:56:48.163 [Test worker] DEBUG org.apache.http.headers - >> Accept-Encoding: gzip,deflate
11:56:48.197 [Test worker] DEBUG org.apache.http.wire -  << "HTTP/1.1 200 [\r][\n]"
11:56:48.197 [Test worker] DEBUG org.apache.http.wire -  << "Vary: Origin[\r][\n]"
11:56:48.197 [Test worker] DEBUG org.apache.http.wire -  << "Vary: Access-Control-Request-Method[\r][\n]"
11:56:48.197 [Test worker] DEBUG org.apache.http.wire -  << "Vary: Access-Control-Request-Headers[\r][\n]"
11:56:48.197 [Test worker] DEBUG org.apache.http.wire -  << "Vary: Origin[\r][\n]"
11:56:48.197 [Test worker] DEBUG org.apache.http.wire -  << "Vary: Access-Control-Request-Method[\r][\n]"
11:56:48.197 [Test worker] DEBUG org.apache.http.wire -  << "Vary: Access-Control-Request-Headers[\r][\n]"
11:56:48.197 [Test worker] DEBUG org.apache.http.wire -  << "X-Content-Type-Options: nosniff[\r][\n]"
11:56:48.197 [Test worker] DEBUG org.apache.http.wire -  << "X-XSS-Protection: 1; mode=block[\r][\n]"
11:56:48.197 [Test worker] DEBUG org.apache.http.wire -  << "Cache-Control: no-cache, no-store, max-age=0, must-revalidate[\r][\n]"
11:56:48.197 [Test worker] DEBUG org.apache.http.wire -  << "Pragma: no-cache[\r][\n]"
11:56:48.197 [Test worker] DEBUG org.apache.http.wire -  << "Expires: 0[\r][\n]"
11:56:48.197 [Test worker] DEBUG org.apache.http.wire -  << "X-Frame-Options: DENY[\r][\n]"
11:56:48.197 [Test worker] DEBUG org.apache.http.wire -  << "Content-Type: application/json[\r][\n]"
11:56:48.197 [Test worker] DEBUG org.apache.http.wire -  << "Transfer-Encoding: chunked[\r][\n]"
11:56:48.197 [Test worker] DEBUG org.apache.http.wire -  << "Date: Fri, 22 Apr 2022 16:25:20 GMT[\r][\n]"
11:56:48.197 [Test worker] DEBUG org.apache.http.wire -  << "Keep-Alive: timeout=60[\r][\n]"
11:56:48.197 [Test worker] DEBUG org.apache.http.wire -  << "Connection: keep-alive[\r][\n]"
11:56:48.197 [Test worker] DEBUG org.apache.http.wire -  << "[\r][\n]"
11:56:48.197 [Test worker] DEBUG org.apache.http.impl.conn.DefaultClientConnection - Receiving response: HTTP/1.1 200 
11:56:48.197 [Test worker] DEBUG org.apache.http.headers - << HTTP/1.1 200 
11:56:48.197 [Test worker] DEBUG org.apache.http.headers - << Vary: Origin
11:56:48.197 [Test worker] DEBUG org.apache.http.headers - << Vary: Access-Control-Request-Method
11:56:48.197 [Test worker] DEBUG org.apache.http.headers - << Vary: Access-Control-Request-Headers
11:56:48.197 [Test worker] DEBUG org.apache.http.headers - << Vary: Origin
11:56:48.197 [Test worker] DEBUG org.apache.http.headers - << Vary: Access-Control-Request-Method
11:56:48.197 [Test worker] DEBUG org.apache.http.headers - << Vary: Access-Control-Request-Headers
11:56:48.197 [Test worker] DEBUG org.apache.http.headers - << X-Content-Type-Options: nosniff
11:56:48.197 [Test worker] DEBUG org.apache.http.headers - << X-XSS-Protection: 1; mode=block
11:56:48.198 [Test worker] DEBUG org.apache.http.headers - << Cache-Control: no-cache, no-store, max-age=0, must-revalidate
11:56:48.198 [Test worker] DEBUG org.apache.http.headers - << Pragma: no-cache
11:56:48.198 [Test worker] DEBUG org.apache.http.headers - << Expires: 0
11:56:48.198 [Test worker] DEBUG org.apache.http.headers - << X-Frame-Options: DENY
11:56:48.198 [Test worker] DEBUG org.apache.http.headers - << Content-Type: application/json
11:56:48.198 [Test worker] DEBUG org.apache.http.headers - << Transfer-Encoding: chunked
11:56:48.198 [Test worker] DEBUG org.apache.http.headers - << Date: Fri, 22 Apr 2022 16:25:20 GMT
11:56:48.198 [Test worker] DEBUG org.apache.http.headers - << Keep-Alive: timeout=60
11:56:48.198 [Test worker] DEBUG org.apache.http.headers - << Connection: keep-alive
11:56:48.198 [Test worker] DEBUG org.apache.http.impl.client.DefaultHttpClient - Connection can be kept alive for 60000 MILLISECONDS
11:56:48.199 [Test worker] DEBUG io.restassured.internal.RequestSpecificationImpl$RestAssuredHttpBuilder - Parsing response as: application/json
11:56:48.199 [Test worker] DEBUG io.restassured.internal.RequestSpecificationImpl$RestAssuredHttpBuilder - Parsed data to instance of: class org.apache.http.conn.EofSensorInputStream
11:56:48.199 [Test worker] DEBUG org.apache.http.wire -  << "34[\r][\n]"
11:56:48.200 [Test worker] DEBUG org.apache.http.wire -  << "{"result":"Pendiente","executionStatus":"Pendiente"}"
11:56:48.200 [Test worker] DEBUG org.apache.http.wire -  << "[\r][\n]"
11:56:48.200 [Test worker] DEBUG org.apache.http.wire -  << "0[\r][\n]"
11:56:48.200 [Test worker] DEBUG org.apache.http.wire -  << "[\r][\n]"
11:56:48.200 [Test worker] DEBUG org.apache.http.impl.conn.BasicClientConnectionManager - Releasing connection org.apache.http.impl.conn.ManagedClientConnectionImpl@567569d8
11:56:48.200 [Test worker] DEBUG org.apache.http.impl.conn.BasicClientConnectionManager - Connection can be kept alive for 60000 MILLISECONDS
11:57:08.242 [Test worker] DEBUG org.apache.http.impl.conn.BasicClientConnectionManager - Get connection for route {}->http://10.69.42.60:8089
11:57:08.242 [Test worker] DEBUG org.apache.http.impl.conn.DefaultClientConnectionOperator - Connecting to 10.69.42.60:8089
11:57:08.256 [Test worker] DEBUG org.apache.http.client.protocol.RequestAddCookies - CookieSpec selected: ignoreCookies
11:57:08.257 [Test worker] DEBUG org.apache.http.client.protocol.RequestAuthCache - Auth cache not set in the context
11:57:08.257 [Test worker] DEBUG org.apache.http.client.protocol.RequestProxyAuthentication - Proxy auth state: UNCHALLENGED
11:57:08.257 [Test worker] DEBUG org.apache.http.impl.client.DefaultHttpClient - Attempt 1 to execute request
11:57:08.257 [Test worker] DEBUG org.apache.http.impl.conn.DefaultClientConnection - Sending request: GET /api/execution-result?idexecution=12131 HTTP/1.1
11:57:08.257 [Test worker] DEBUG org.apache.http.wire -  >> "GET /api/execution-result?idexecution=12131 HTTP/1.1[\r][\n]"
11:57:08.257 [Test worker] DEBUG org.apache.http.wire -  >> "Content-Type: application/json; charset=UTF-8[\r][\n]"
11:57:08.257 [Test worker] DEBUG org.apache.http.wire -  >> "Authorization: Bearer eyJhbGciOiJIUzI1NiJ9.eyJzdWIiOiJPcmxhbmRvLlBhdXR0QVBJIiwiZXhwIjoxNjUwNjgwNjk5LCJpYXQiOjE2NTA2NDQ2OTl9.KdMzRautUU9I3Ov60EPVBqUDzX8OPNFb1s9bTYmCh80[\r][\n]"
11:57:08.257 [Test worker] DEBUG org.apache.http.wire -  >> "Accept: */*[\r][\n]"
11:57:08.257 [Test worker] DEBUG org.apache.http.wire -  >> "Host: 10.69.42.60:8089[\r][\n]"
11:57:08.257 [Test worker] DEBUG org.apache.http.wire -  >> "Connection: Keep-Alive[\r][\n]"
11:57:08.257 [Test worker] DEBUG org.apache.http.wire -  >> "User-Agent: Apache-HttpClient/4.5.9 (Java/1.8.0_301)[\r][\n]"
11:57:08.257 [Test worker] DEBUG org.apache.http.wire -  >> "Accept-Encoding: gzip,deflate[\r][\n]"
11:57:08.257 [Test worker] DEBUG org.apache.http.wire -  >> "[\r][\n]"
11:57:08.257 [Test worker] DEBUG org.apache.http.headers - >> GET /api/execution-result?idexecution=12131 HTTP/1.1
11:57:08.257 [Test worker] DEBUG org.apache.http.headers - >> Content-Type: application/json; charset=UTF-8
11:57:08.257 [Test worker] DEBUG org.apache.http.headers - >> Authorization: Bearer eyJhbGciOiJIUzI1NiJ9.eyJzdWIiOiJPcmxhbmRvLlBhdXR0QVBJIiwiZXhwIjoxNjUwNjgwNjk5LCJpYXQiOjE2NTA2NDQ2OTl9.KdMzRautUU9I3Ov60EPVBqUDzX8OPNFb1s9bTYmCh80
11:57:08.257 [Test worker] DEBUG org.apache.http.headers - >> Accept: */*
11:57:08.257 [Test worker] DEBUG org.apache.http.headers - >> Host: 10.69.42.60:8089
11:57:08.257 [Test worker] DEBUG org.apache.http.headers - >> Connection: Keep-Alive
11:57:08.257 [Test worker] DEBUG org.apache.http.headers - >> User-Agent: Apache-HttpClient/4.5.9 (Java/1.8.0_301)
11:57:08.257 [Test worker] DEBUG org.apache.http.headers - >> Accept-Encoding: gzip,deflate
11:57:08.290 [Test worker] DEBUG org.apache.http.wire -  << "HTTP/1.1 200 [\r][\n]"
11:57:08.290 [Test worker] DEBUG org.apache.http.wire -  << "Vary: Origin[\r][\n]"
11:57:08.290 [Test worker] DEBUG org.apache.http.wire -  << "Vary: Access-Control-Request-Method[\r][\n]"
11:57:08.290 [Test worker] DEBUG org.apache.http.wire -  << "Vary: Access-Control-Request-Headers[\r][\n]"
11:57:08.290 [Test worker] DEBUG org.apache.http.wire -  << "Vary: Origin[\r][\n]"
11:57:08.290 [Test worker] DEBUG org.apache.http.wire -  << "Vary: Access-Control-Request-Method[\r][\n]"
11:57:08.290 [Test worker] DEBUG org.apache.http.wire -  << "Vary: Access-Control-Request-Headers[\r][\n]"
11:57:08.291 [Test worker] DEBUG org.apache.http.wire -  << "X-Content-Type-Options: nosniff[\r][\n]"
11:57:08.291 [Test worker] DEBUG org.apache.http.wire -  << "X-XSS-Protection: 1; mode=block[\r][\n]"
11:57:08.291 [Test worker] DEBUG org.apache.http.wire -  << "Cache-Control: no-cache, no-store, max-age=0, must-revalidate[\r][\n]"
11:57:08.291 [Test worker] DEBUG org.apache.http.wire -  << "Pragma: no-cache[\r][\n]"
11:57:08.291 [Test worker] DEBUG org.apache.http.wire -  << "Expires: 0[\r][\n]"
11:57:08.291 [Test worker] DEBUG org.apache.http.wire -  << "X-Frame-Options: DENY[\r][\n]"
11:57:08.291 [Test worker] DEBUG org.apache.http.wire -  << "Content-Type: application/json[\r][\n]"
11:57:08.291 [Test worker] DEBUG org.apache.http.wire -  << "Transfer-Encoding: chunked[\r][\n]"
11:57:08.291 [Test worker] DEBUG org.apache.http.wire -  << "Date: Fri, 22 Apr 2022 16:25:40 GMT[\r][\n]"
11:57:08.291 [Test worker] DEBUG org.apache.http.wire -  << "Keep-Alive: timeout=60[\r][\n]"
11:57:08.291 [Test worker] DEBUG org.apache.http.wire -  << "Connection: keep-alive[\r][\n]"
11:57:08.291 [Test worker] DEBUG org.apache.http.wire -  << "[\r][\n]"
11:57:08.291 [Test worker] DEBUG org.apache.http.impl.conn.DefaultClientConnection - Receiving response: HTTP/1.1 200 
11:57:08.291 [Test worker] DEBUG org.apache.http.headers - << HTTP/1.1 200 
11:57:08.291 [Test worker] DEBUG org.apache.http.headers - << Vary: Origin
11:57:08.291 [Test worker] DEBUG org.apache.http.headers - << Vary: Access-Control-Request-Method
11:57:08.291 [Test worker] DEBUG org.apache.http.headers - << Vary: Access-Control-Request-Headers
11:57:08.291 [Test worker] DEBUG org.apache.http.headers - << Vary: Origin
11:57:08.291 [Test worker] DEBUG org.apache.http.headers - << Vary: Access-Control-Request-Method
11:57:08.291 [Test worker] DEBUG org.apache.http.headers - << Vary: Access-Control-Request-Headers
11:57:08.291 [Test worker] DEBUG org.apache.http.headers - << X-Content-Type-Options: nosniff
11:57:08.291 [Test worker] DEBUG org.apache.http.headers - << X-XSS-Protection: 1; mode=block
11:57:08.291 [Test worker] DEBUG org.apache.http.headers - << Cache-Control: no-cache, no-store, max-age=0, must-revalidate
11:57:08.291 [Test worker] DEBUG org.apache.http.headers - << Pragma: no-cache
11:57:08.291 [Test worker] DEBUG org.apache.http.headers - << Expires: 0
11:57:08.291 [Test worker] DEBUG org.apache.http.headers - << X-Frame-Options: DENY
11:57:08.291 [Test worker] DEBUG org.apache.http.headers - << Content-Type: application/json
11:57:08.291 [Test worker] DEBUG org.apache.http.headers - << Transfer-Encoding: chunked
11:57:08.291 [Test worker] DEBUG org.apache.http.headers - << Date: Fri, 22 Apr 2022 16:25:40 GMT
11:57:08.291 [Test worker] DEBUG org.apache.http.headers - << Keep-Alive: timeout=60
11:57:08.291 [Test worker] DEBUG org.apache.http.headers - << Connection: keep-alive
11:57:08.291 [Test worker] DEBUG org.apache.http.impl.client.DefaultHttpClient - Connection can be kept alive for 60000 MILLISECONDS
11:57:08.292 [Test worker] DEBUG io.restassured.internal.RequestSpecificationImpl$RestAssuredHttpBuilder - Parsing response as: application/json
11:57:08.292 [Test worker] DEBUG io.restassured.internal.RequestSpecificationImpl$RestAssuredHttpBuilder - Parsed data to instance of: class org.apache.http.conn.EofSensorInputStream
11:57:08.293 [Test worker] DEBUG org.apache.http.wire -  << "34[\r][\n]"
11:57:08.293 [Test worker] DEBUG org.apache.http.wire -  << "{"result":"Pendiente","executionStatus":"Pendiente"}"
11:57:08.293 [Test worker] DEBUG org.apache.http.wire -  << "[\r][\n]"
11:57:08.293 [Test worker] DEBUG org.apache.http.wire -  << "0[\r][\n]"
11:57:08.293 [Test worker] DEBUG org.apache.http.wire -  << "[\r][\n]"
11:57:08.293 [Test worker] DEBUG org.apache.http.impl.conn.BasicClientConnectionManager - Releasing connection org.apache.http.impl.conn.ManagedClientConnectionImpl@32a297f
11:57:08.293 [Test worker] DEBUG org.apache.http.impl.conn.BasicClientConnectionManager - Connection can be kept alive for 60000 MILLISECONDS
11:57:28.327 [Test worker] DEBUG org.apache.http.impl.conn.BasicClientConnectionManager - Get connection for route {}->http://10.69.42.60:8089
11:57:28.328 [Test worker] DEBUG org.apache.http.impl.conn.DefaultClientConnectionOperator - Connecting to 10.69.42.60:8089
11:57:28.341 [Test worker] DEBUG org.apache.http.client.protocol.RequestAddCookies - CookieSpec selected: ignoreCookies
11:57:28.341 [Test worker] DEBUG org.apache.http.client.protocol.RequestAuthCache - Auth cache not set in the context
11:57:28.342 [Test worker] DEBUG org.apache.http.client.protocol.RequestProxyAuthentication - Proxy auth state: UNCHALLENGED
11:57:28.342 [Test worker] DEBUG org.apache.http.impl.client.DefaultHttpClient - Attempt 1 to execute request
11:57:28.342 [Test worker] DEBUG org.apache.http.impl.conn.DefaultClientConnection - Sending request: GET /api/execution-result?idexecution=12131 HTTP/1.1
11:57:28.342 [Test worker] DEBUG org.apache.http.wire -  >> "GET /api/execution-result?idexecution=12131 HTTP/1.1[\r][\n]"
11:57:28.342 [Test worker] DEBUG org.apache.http.wire -  >> "Content-Type: application/json; charset=UTF-8[\r][\n]"
11:57:28.342 [Test worker] DEBUG org.apache.http.wire -  >> "Authorization: Bearer eyJhbGciOiJIUzI1NiJ9.eyJzdWIiOiJPcmxhbmRvLlBhdXR0QVBJIiwiZXhwIjoxNjUwNjgwNjk5LCJpYXQiOjE2NTA2NDQ2OTl9.KdMzRautUU9I3Ov60EPVBqUDzX8OPNFb1s9bTYmCh80[\r][\n]"
11:57:28.342 [Test worker] DEBUG org.apache.http.wire -  >> "Accept: */*[\r][\n]"
11:57:28.342 [Test worker] DEBUG org.apache.http.wire -  >> "Host: 10.69.42.60:8089[\r][\n]"
11:57:28.342 [Test worker] DEBUG org.apache.http.wire -  >> "Connection: Keep-Alive[\r][\n]"
11:57:28.342 [Test worker] DEBUG org.apache.http.wire -  >> "User-Agent: Apache-HttpClient/4.5.9 (Java/1.8.0_301)[\r][\n]"
11:57:28.342 [Test worker] DEBUG org.apache.http.wire -  >> "Accept-Encoding: gzip,deflate[\r][\n]"
11:57:28.342 [Test worker] DEBUG org.apache.http.wire -  >> "[\r][\n]"
11:57:28.342 [Test worker] DEBUG org.apache.http.headers - >> GET /api/execution-result?idexecution=12131 HTTP/1.1
11:57:28.342 [Test worker] DEBUG org.apache.http.headers - >> Content-Type: application/json; charset=UTF-8
11:57:28.342 [Test worker] DEBUG org.apache.http.headers - >> Authorization: Bearer eyJhbGciOiJIUzI1NiJ9.eyJzdWIiOiJPcmxhbmRvLlBhdXR0QVBJIiwiZXhwIjoxNjUwNjgwNjk5LCJpYXQiOjE2NTA2NDQ2OTl9.KdMzRautUU9I3Ov60EPVBqUDzX8OPNFb1s9bTYmCh80
11:57:28.342 [Test worker] DEBUG org.apache.http.headers - >> Accept: */*
11:57:28.342 [Test worker] DEBUG org.apache.http.headers - >> Host: 10.69.42.60:8089
11:57:28.342 [Test worker] DEBUG org.apache.http.headers - >> Connection: Keep-Alive
11:57:28.342 [Test worker] DEBUG org.apache.http.headers - >> User-Agent: Apache-HttpClient/4.5.9 (Java/1.8.0_301)
11:57:28.342 [Test worker] DEBUG org.apache.http.headers - >> Accept-Encoding: gzip,deflate
11:57:28.368 [Test worker] DEBUG org.apache.http.wire -  << "HTTP/1.1 200 [\r][\n]"
11:57:28.368 [Test worker] DEBUG org.apache.http.wire -  << "Vary: Origin[\r][\n]"
11:57:28.368 [Test worker] DEBUG org.apache.http.wire -  << "Vary: Access-Control-Request-Method[\r][\n]"
11:57:28.368 [Test worker] DEBUG org.apache.http.wire -  << "Vary: Access-Control-Request-Headers[\r][\n]"
11:57:28.368 [Test worker] DEBUG org.apache.http.wire -  << "Vary: Origin[\r][\n]"
11:57:28.369 [Test worker] DEBUG org.apache.http.wire -  << "Vary: Access-Control-Request-Method[\r][\n]"
11:57:28.369 [Test worker] DEBUG org.apache.http.wire -  << "Vary: Access-Control-Request-Headers[\r][\n]"
11:57:28.369 [Test worker] DEBUG org.apache.http.wire -  << "X-Content-Type-Options: nosniff[\r][\n]"
11:57:28.369 [Test worker] DEBUG org.apache.http.wire -  << "X-XSS-Protection: 1; mode=block[\r][\n]"
11:57:28.369 [Test worker] DEBUG org.apache.http.wire -  << "Cache-Control: no-cache, no-store, max-age=0, must-revalidate[\r][\n]"
11:57:28.369 [Test worker] DEBUG org.apache.http.wire -  << "Pragma: no-cache[\r][\n]"
11:57:28.369 [Test worker] DEBUG org.apache.http.wire -  << "Expires: 0[\r][\n]"
11:57:28.369 [Test worker] DEBUG org.apache.http.wire -  << "X-Frame-Options: DENY[\r][\n]"
11:57:28.369 [Test worker] DEBUG org.apache.http.wire -  << "Content-Type: application/json[\r][\n]"
11:57:28.369 [Test worker] DEBUG org.apache.http.wire -  << "Transfer-Encoding: chunked[\r][\n]"
11:57:28.369 [Test worker] DEBUG org.apache.http.wire -  << "Date: Fri, 22 Apr 2022 16:26:00 GMT[\r][\n]"
11:57:28.369 [Test worker] DEBUG org.apache.http.wire -  << "Keep-Alive: timeout=60[\r][\n]"
11:57:28.369 [Test worker] DEBUG org.apache.http.wire -  << "Connection: keep-alive[\r][\n]"
11:57:28.369 [Test worker] DEBUG org.apache.http.wire -  << "[\r][\n]"
11:57:28.369 [Test worker] DEBUG org.apache.http.impl.conn.DefaultClientConnection - Receiving response: HTTP/1.1 200 
11:57:28.369 [Test worker] DEBUG org.apache.http.headers - << HTTP/1.1 200 
11:57:28.369 [Test worker] DEBUG org.apache.http.headers - << Vary: Origin
11:57:28.369 [Test worker] DEBUG org.apache.http.headers - << Vary: Access-Control-Request-Method
11:57:28.369 [Test worker] DEBUG org.apache.http.headers - << Vary: Access-Control-Request-Headers
11:57:28.369 [Test worker] DEBUG org.apache.http.headers - << Vary: Origin
11:57:28.369 [Test worker] DEBUG org.apache.http.headers - << Vary: Access-Control-Request-Method
11:57:28.369 [Test worker] DEBUG org.apache.http.headers - << Vary: Access-Control-Request-Headers
11:57:28.369 [Test worker] DEBUG org.apache.http.headers - << X-Content-Type-Options: nosniff
11:57:28.369 [Test worker] DEBUG org.apache.http.headers - << X-XSS-Protection: 1; mode=block
11:57:28.369 [Test worker] DEBUG org.apache.http.headers - << Cache-Control: no-cache, no-store, max-age=0, must-revalidate
11:57:28.369 [Test worker] DEBUG org.apache.http.headers - << Pragma: no-cache
11:57:28.369 [Test worker] DEBUG org.apache.http.headers - << Expires: 0
11:57:28.369 [Test worker] DEBUG org.apache.http.headers - << X-Frame-Options: DENY
11:57:28.369 [Test worker] DEBUG org.apache.http.headers - << Content-Type: application/json
11:57:28.369 [Test worker] DEBUG org.apache.http.headers - << Transfer-Encoding: chunked
11:57:28.369 [Test worker] DEBUG org.apache.http.headers - << Date: Fri, 22 Apr 2022 16:26:00 GMT
11:57:28.369 [Test worker] DEBUG org.apache.http.headers - << Keep-Alive: timeout=60
11:57:28.369 [Test worker] DEBUG org.apache.http.headers - << Connection: keep-alive
11:57:28.369 [Test worker] DEBUG org.apache.http.impl.client.DefaultHttpClient - Connection can be kept alive for 60000 MILLISECONDS
11:57:28.370 [Test worker] DEBUG io.restassured.internal.RequestSpecificationImpl$RestAssuredHttpBuilder - Parsing response as: application/json
11:57:28.370 [Test worker] DEBUG io.restassured.internal.RequestSpecificationImpl$RestAssuredHttpBuilder - Parsed data to instance of: class org.apache.http.conn.EofSensorInputStream
11:57:28.371 [Test worker] DEBUG org.apache.http.wire -  << "34[\r][\n]"
11:57:28.371 [Test worker] DEBUG org.apache.http.wire -  << "{"result":"Pendiente","executionStatus":"Pendiente"}"
11:57:28.371 [Test worker] DEBUG org.apache.http.wire -  << "[\r][\n]"
11:57:28.372 [Test worker] DEBUG org.apache.http.wire -  << "0[\r][\n]"
11:57:28.372 [Test worker] DEBUG org.apache.http.wire -  << "[\r][\n]"
11:57:28.372 [Test worker] DEBUG org.apache.http.impl.conn.BasicClientConnectionManager - Releasing connection org.apache.http.impl.conn.ManagedClientConnectionImpl@11ad6b97
11:57:28.372 [Test worker] DEBUG org.apache.http.impl.conn.BasicClientConnectionManager - Connection can be kept alive for 60000 MILLISECONDS
11:57:48.401 [Test worker] DEBUG org.apache.http.impl.conn.BasicClientConnectionManager - Get connection for route {}->http://10.69.42.60:8089
11:57:48.401 [Test worker] DEBUG org.apache.http.impl.conn.DefaultClientConnectionOperator - Connecting to 10.69.42.60:8089
11:57:48.416 [Test worker] DEBUG org.apache.http.client.protocol.RequestAddCookies - CookieSpec selected: ignoreCookies
11:57:48.417 [Test worker] DEBUG org.apache.http.client.protocol.RequestAuthCache - Auth cache not set in the context
11:57:48.417 [Test worker] DEBUG org.apache.http.client.protocol.RequestProxyAuthentication - Proxy auth state: UNCHALLENGED
11:57:48.417 [Test worker] DEBUG org.apache.http.impl.client.DefaultHttpClient - Attempt 1 to execute request
11:57:48.417 [Test worker] DEBUG org.apache.http.impl.conn.DefaultClientConnection - Sending request: GET /api/execution-result?idexecution=12131 HTTP/1.1
11:57:48.417 [Test worker] DEBUG org.apache.http.wire -  >> "GET /api/execution-result?idexecution=12131 HTTP/1.1[\r][\n]"
11:57:48.417 [Test worker] DEBUG org.apache.http.wire -  >> "Content-Type: application/json; charset=UTF-8[\r][\n]"
11:57:48.417 [Test worker] DEBUG org.apache.http.wire -  >> "Authorization: Bearer eyJhbGciOiJIUzI1NiJ9.eyJzdWIiOiJPcmxhbmRvLlBhdXR0QVBJIiwiZXhwIjoxNjUwNjgwNjk5LCJpYXQiOjE2NTA2NDQ2OTl9.KdMzRautUU9I3Ov60EPVBqUDzX8OPNFb1s9bTYmCh80[\r][\n]"
11:57:48.417 [Test worker] DEBUG org.apache.http.wire -  >> "Accept: */*[\r][\n]"
11:57:48.418 [Test worker] DEBUG org.apache.http.wire -  >> "Host: 10.69.42.60:8089[\r][\n]"
11:57:48.418 [Test worker] DEBUG org.apache.http.wire -  >> "Connection: Keep-Alive[\r][\n]"
11:57:48.418 [Test worker] DEBUG org.apache.http.wire -  >> "User-Agent: Apache-HttpClient/4.5.9 (Java/1.8.0_301)[\r][\n]"
11:57:48.418 [Test worker] DEBUG org.apache.http.wire -  >> "Accept-Encoding: gzip,deflate[\r][\n]"
11:57:48.418 [Test worker] DEBUG org.apache.http.wire -  >> "[\r][\n]"
11:57:48.418 [Test worker] DEBUG org.apache.http.headers - >> GET /api/execution-result?idexecution=12131 HTTP/1.1
11:57:48.418 [Test worker] DEBUG org.apache.http.headers - >> Content-Type: application/json; charset=UTF-8
11:57:48.418 [Test worker] DEBUG org.apache.http.headers - >> Authorization: Bearer eyJhbGciOiJIUzI1NiJ9.eyJzdWIiOiJPcmxhbmRvLlBhdXR0QVBJIiwiZXhwIjoxNjUwNjgwNjk5LCJpYXQiOjE2NTA2NDQ2OTl9.KdMzRautUU9I3Ov60EPVBqUDzX8OPNFb1s9bTYmCh80
11:57:48.418 [Test worker] DEBUG org.apache.http.headers - >> Accept: */*
11:57:48.418 [Test worker] DEBUG org.apache.http.headers - >> Host: 10.69.42.60:8089
11:57:48.419 [Test worker] DEBUG org.apache.http.headers - >> Connection: Keep-Alive
11:57:48.419 [Test worker] DEBUG org.apache.http.headers - >> User-Agent: Apache-HttpClient/4.5.9 (Java/1.8.0_301)
11:57:48.419 [Test worker] DEBUG org.apache.http.headers - >> Accept-Encoding: gzip,deflate
11:57:48.449 [Test worker] DEBUG org.apache.http.wire -  << "HTTP/1.1 200 [\r][\n]"
11:57:48.450 [Test worker] DEBUG org.apache.http.wire -  << "Vary: Origin[\r][\n]"
11:57:48.450 [Test worker] DEBUG org.apache.http.wire -  << "Vary: Access-Control-Request-Method[\r][\n]"
11:57:48.450 [Test worker] DEBUG org.apache.http.wire -  << "Vary: Access-Control-Request-Headers[\r][\n]"
11:57:48.450 [Test worker] DEBUG org.apache.http.wire -  << "Vary: Origin[\r][\n]"
11:57:48.450 [Test worker] DEBUG org.apache.http.wire -  << "Vary: Access-Control-Request-Method[\r][\n]"
11:57:48.450 [Test worker] DEBUG org.apache.http.wire -  << "Vary: Access-Control-Request-Headers[\r][\n]"
11:57:48.450 [Test worker] DEBUG org.apache.http.wire -  << "X-Content-Type-Options: nosniff[\r][\n]"
11:57:48.450 [Test worker] DEBUG org.apache.http.wire -  << "X-XSS-Protection: 1; mode=block[\r][\n]"
11:57:48.450 [Test worker] DEBUG org.apache.http.wire -  << "Cache-Control: no-cache, no-store, max-age=0, must-revalidate[\r][\n]"
11:57:48.450 [Test worker] DEBUG org.apache.http.wire -  << "Pragma: no-cache[\r][\n]"
11:57:48.450 [Test worker] DEBUG org.apache.http.wire -  << "Expires: 0[\r][\n]"
11:57:48.450 [Test worker] DEBUG org.apache.http.wire -  << "X-Frame-Options: DENY[\r][\n]"
11:57:48.450 [Test worker] DEBUG org.apache.http.wire -  << "Content-Type: application/json[\r][\n]"
11:57:48.450 [Test worker] DEBUG org.apache.http.wire -  << "Transfer-Encoding: chunked[\r][\n]"
11:57:48.450 [Test worker] DEBUG org.apache.http.wire -  << "Date: Fri, 22 Apr 2022 16:26:20 GMT[\r][\n]"
11:57:48.450 [Test worker] DEBUG org.apache.http.wire -  << "Keep-Alive: timeout=60[\r][\n]"
11:57:48.450 [Test worker] DEBUG org.apache.http.wire -  << "Connection: keep-alive[\r][\n]"
11:57:48.450 [Test worker] DEBUG org.apache.http.wire -  << "[\r][\n]"
11:57:48.450 [Test worker] DEBUG org.apache.http.impl.conn.DefaultClientConnection - Receiving response: HTTP/1.1 200 
11:57:48.450 [Test worker] DEBUG org.apache.http.headers - << HTTP/1.1 200 
11:57:48.450 [Test worker] DEBUG org.apache.http.headers - << Vary: Origin
11:57:48.450 [Test worker] DEBUG org.apache.http.headers - << Vary: Access-Control-Request-Method
11:57:48.450 [Test worker] DEBUG org.apache.http.headers - << Vary: Access-Control-Request-Headers
11:57:48.450 [Test worker] DEBUG org.apache.http.headers - << Vary: Origin
11:57:48.450 [Test worker] DEBUG org.apache.http.headers - << Vary: Access-Control-Request-Method
11:57:48.450 [Test worker] DEBUG org.apache.http.headers - << Vary: Access-Control-Request-Headers
11:57:48.450 [Test worker] DEBUG org.apache.http.headers - << X-Content-Type-Options: nosniff
11:57:48.450 [Test worker] DEBUG org.apache.http.headers - << X-XSS-Protection: 1; mode=block
11:57:48.450 [Test worker] DEBUG org.apache.http.headers - << Cache-Control: no-cache, no-store, max-age=0, must-revalidate
11:57:48.450 [Test worker] DEBUG org.apache.http.headers - << Pragma: no-cache
11:57:48.450 [Test worker] DEBUG org.apache.http.headers - << Expires: 0
11:57:48.450 [Test worker] DEBUG org.apache.http.headers - << X-Frame-Options: DENY
11:57:48.450 [Test worker] DEBUG org.apache.http.headers - << Content-Type: application/json
11:57:48.450 [Test worker] DEBUG org.apache.http.headers - << Transfer-Encoding: chunked
11:57:48.450 [Test worker] DEBUG org.apache.http.headers - << Date: Fri, 22 Apr 2022 16:26:20 GMT
11:57:48.450 [Test worker] DEBUG org.apache.http.headers - << Keep-Alive: timeout=60
11:57:48.450 [Test worker] DEBUG org.apache.http.headers - << Connection: keep-alive
11:57:48.451 [Test worker] DEBUG org.apache.http.impl.client.DefaultHttpClient - Connection can be kept alive for 60000 MILLISECONDS
11:57:48.451 [Test worker] DEBUG io.restassured.internal.RequestSpecificationImpl$RestAssuredHttpBuilder - Parsing response as: application/json
11:57:48.451 [Test worker] DEBUG io.restassured.internal.RequestSpecificationImpl$RestAssuredHttpBuilder - Parsed data to instance of: class org.apache.http.conn.EofSensorInputStream
11:57:48.452 [Test worker] DEBUG org.apache.http.wire -  << "34[\r][\n]"
11:57:48.452 [Test worker] DEBUG org.apache.http.wire -  << "{"result":"Pendiente","executionStatus":"Pendiente"}"
11:57:48.452 [Test worker] DEBUG org.apache.http.wire -  << "[\r][\n]"
11:57:48.452 [Test worker] DEBUG org.apache.http.wire -  << "0[\r][\n]"
11:57:48.452 [Test worker] DEBUG org.apache.http.wire -  << "[\r][\n]"
11:57:48.452 [Test worker] DEBUG org.apache.http.impl.conn.BasicClientConnectionManager - Releasing connection org.apache.http.impl.conn.ManagedClientConnectionImpl@1e7fb581
11:57:48.452 [Test worker] DEBUG org.apache.http.impl.conn.BasicClientConnectionManager - Connection can be kept alive for 60000 MILLISECONDS
11:58:08.489 [Test worker] DEBUG org.apache.http.impl.conn.BasicClientConnectionManager - Get connection for route {}->http://10.69.42.60:8089
11:58:08.489 [Test worker] DEBUG org.apache.http.impl.conn.DefaultClientConnectionOperator - Connecting to 10.69.42.60:8089
11:58:08.507 [Test worker] DEBUG org.apache.http.client.protocol.RequestAddCookies - CookieSpec selected: ignoreCookies
11:58:08.507 [Test worker] DEBUG org.apache.http.client.protocol.RequestAuthCache - Auth cache not set in the context
11:58:08.507 [Test worker] DEBUG org.apache.http.client.protocol.RequestProxyAuthentication - Proxy auth state: UNCHALLENGED
11:58:08.507 [Test worker] DEBUG org.apache.http.impl.client.DefaultHttpClient - Attempt 1 to execute request
11:58:08.507 [Test worker] DEBUG org.apache.http.impl.conn.DefaultClientConnection - Sending request: GET /api/execution-result?idexecution=12131 HTTP/1.1
11:58:08.507 [Test worker] DEBUG org.apache.http.wire -  >> "GET /api/execution-result?idexecution=12131 HTTP/1.1[\r][\n]"
11:58:08.508 [Test worker] DEBUG org.apache.http.wire -  >> "Content-Type: application/json; charset=UTF-8[\r][\n]"
11:58:08.508 [Test worker] DEBUG org.apache.http.wire -  >> "Authorization: Bearer eyJhbGciOiJIUzI1NiJ9.eyJzdWIiOiJPcmxhbmRvLlBhdXR0QVBJIiwiZXhwIjoxNjUwNjgwNjk5LCJpYXQiOjE2NTA2NDQ2OTl9.KdMzRautUU9I3Ov60EPVBqUDzX8OPNFb1s9bTYmCh80[\r][\n]"
11:58:08.508 [Test worker] DEBUG org.apache.http.wire -  >> "Accept: */*[\r][\n]"
11:58:08.508 [Test worker] DEBUG org.apache.http.wire -  >> "Host: 10.69.42.60:8089[\r][\n]"
11:58:08.508 [Test worker] DEBUG org.apache.http.wire -  >> "Connection: Keep-Alive[\r][\n]"
11:58:08.508 [Test worker] DEBUG org.apache.http.wire -  >> "User-Agent: Apache-HttpClient/4.5.9 (Java/1.8.0_301)[\r][\n]"
11:58:08.508 [Test worker] DEBUG org.apache.http.wire -  >> "Accept-Encoding: gzip,deflate[\r][\n]"
11:58:08.508 [Test worker] DEBUG org.apache.http.wire -  >> "[\r][\n]"
11:58:08.508 [Test worker] DEBUG org.apache.http.headers - >> GET /api/execution-result?idexecution=12131 HTTP/1.1
11:58:08.508 [Test worker] DEBUG org.apache.http.headers - >> Content-Type: application/json; charset=UTF-8
11:58:08.508 [Test worker] DEBUG org.apache.http.headers - >> Authorization: Bearer eyJhbGciOiJIUzI1NiJ9.eyJzdWIiOiJPcmxhbmRvLlBhdXR0QVBJIiwiZXhwIjoxNjUwNjgwNjk5LCJpYXQiOjE2NTA2NDQ2OTl9.KdMzRautUU9I3Ov60EPVBqUDzX8OPNFb1s9bTYmCh80
11:58:08.508 [Test worker] DEBUG org.apache.http.headers - >> Accept: */*
11:58:08.508 [Test worker] DEBUG org.apache.http.headers - >> Host: 10.69.42.60:8089
11:58:08.508 [Test worker] DEBUG org.apache.http.headers - >> Connection: Keep-Alive
11:58:08.508 [Test worker] DEBUG org.apache.http.headers - >> User-Agent: Apache-HttpClient/4.5.9 (Java/1.8.0_301)
11:58:08.508 [Test worker] DEBUG org.apache.http.headers - >> Accept-Encoding: gzip,deflate
11:58:08.540 [Test worker] DEBUG org.apache.http.wire -  << "HTTP/1.1 200 [\r][\n]"
11:58:08.540 [Test worker] DEBUG org.apache.http.wire -  << "Vary: Origin[\r][\n]"
11:58:08.540 [Test worker] DEBUG org.apache.http.wire -  << "Vary: Access-Control-Request-Method[\r][\n]"
11:58:08.540 [Test worker] DEBUG org.apache.http.wire -  << "Vary: Access-Control-Request-Headers[\r][\n]"
11:58:08.540 [Test worker] DEBUG org.apache.http.wire -  << "Vary: Origin[\r][\n]"
11:58:08.540 [Test worker] DEBUG org.apache.http.wire -  << "Vary: Access-Control-Request-Method[\r][\n]"
11:58:08.540 [Test worker] DEBUG org.apache.http.wire -  << "Vary: Access-Control-Request-Headers[\r][\n]"
11:58:08.540 [Test worker] DEBUG org.apache.http.wire -  << "X-Content-Type-Options: nosniff[\r][\n]"
11:58:08.540 [Test worker] DEBUG org.apache.http.wire -  << "X-XSS-Protection: 1; mode=block[\r][\n]"
11:58:08.540 [Test worker] DEBUG org.apache.http.wire -  << "Cache-Control: no-cache, no-store, max-age=0, must-revalidate[\r][\n]"
11:58:08.540 [Test worker] DEBUG org.apache.http.wire -  << "Pragma: no-cache[\r][\n]"
11:58:08.540 [Test worker] DEBUG org.apache.http.wire -  << "Expires: 0[\r][\n]"
11:58:08.540 [Test worker] DEBUG org.apache.http.wire -  << "X-Frame-Options: DENY[\r][\n]"
11:58:08.540 [Test worker] DEBUG org.apache.http.wire -  << "Content-Type: application/json[\r][\n]"
11:58:08.540 [Test worker] DEBUG org.apache.http.wire -  << "Transfer-Encoding: chunked[\r][\n]"
11:58:08.541 [Test worker] DEBUG org.apache.http.wire -  << "Date: Fri, 22 Apr 2022 16:26:40 GMT[\r][\n]"
11:58:08.541 [Test worker] DEBUG org.apache.http.wire -  << "Keep-Alive: timeout=60[\r][\n]"
11:58:08.541 [Test worker] DEBUG org.apache.http.wire -  << "Connection: keep-alive[\r][\n]"
11:58:08.541 [Test worker] DEBUG org.apache.http.wire -  << "[\r][\n]"
11:58:08.541 [Test worker] DEBUG org.apache.http.impl.conn.DefaultClientConnection - Receiving response: HTTP/1.1 200 
11:58:08.541 [Test worker] DEBUG org.apache.http.headers - << HTTP/1.1 200 
11:58:08.541 [Test worker] DEBUG org.apache.http.headers - << Vary: Origin
11:58:08.541 [Test worker] DEBUG org.apache.http.headers - << Vary: Access-Control-Request-Method
11:58:08.541 [Test worker] DEBUG org.apache.http.headers - << Vary: Access-Control-Request-Headers
11:58:08.541 [Test worker] DEBUG org.apache.http.headers - << Vary: Origin
11:58:08.541 [Test worker] DEBUG org.apache.http.headers - << Vary: Access-Control-Request-Method
11:58:08.541 [Test worker] DEBUG org.apache.http.headers - << Vary: Access-Control-Request-Headers
11:58:08.541 [Test worker] DEBUG org.apache.http.headers - << X-Content-Type-Options: nosniff
11:58:08.541 [Test worker] DEBUG org.apache.http.headers - << X-XSS-Protection: 1; mode=block
11:58:08.541 [Test worker] DEBUG org.apache.http.headers - << Cache-Control: no-cache, no-store, max-age=0, must-revalidate
11:58:08.541 [Test worker] DEBUG org.apache.http.headers - << Pragma: no-cache
11:58:08.541 [Test worker] DEBUG org.apache.http.headers - << Expires: 0
11:58:08.541 [Test worker] DEBUG org.apache.http.headers - << X-Frame-Options: DENY
11:58:08.541 [Test worker] DEBUG org.apache.http.headers - << Content-Type: application/json
11:58:08.541 [Test worker] DEBUG org.apache.http.headers - << Transfer-Encoding: chunked
11:58:08.541 [Test worker] DEBUG org.apache.http.headers - << Date: Fri, 22 Apr 2022 16:26:40 GMT
11:58:08.541 [Test worker] DEBUG org.apache.http.headers - << Keep-Alive: timeout=60
11:58:08.541 [Test worker] DEBUG org.apache.http.headers - << Connection: keep-alive
11:58:08.541 [Test worker] DEBUG org.apache.http.impl.client.DefaultHttpClient - Connection can be kept alive for 60000 MILLISECONDS
11:58:08.541 [Test worker] DEBUG io.restassured.internal.RequestSpecificationImpl$RestAssuredHttpBuilder - Parsing response as: application/json
11:58:08.541 [Test worker] DEBUG io.restassured.internal.RequestSpecificationImpl$RestAssuredHttpBuilder - Parsed data to instance of: class org.apache.http.conn.EofSensorInputStream
11:58:08.544 [Test worker] DEBUG org.apache.http.wire -  << "34[\r][\n]"
11:58:08.544 [Test worker] DEBUG org.apache.http.wire -  << "{"result":"Pendiente","executionStatus":"Pendiente"}"
11:58:08.544 [Test worker] DEBUG org.apache.http.wire -  << "[\r][\n]"
11:58:08.544 [Test worker] DEBUG org.apache.http.wire -  << "0[\r][\n]"
11:58:08.544 [Test worker] DEBUG org.apache.http.wire -  << "[\r][\n]"
11:58:08.544 [Test worker] DEBUG org.apache.http.impl.conn.BasicClientConnectionManager - Releasing connection org.apache.http.impl.conn.ManagedClientConnectionImpl@74bfb7d6
11:58:08.544 [Test worker] DEBUG org.apache.http.impl.conn.BasicClientConnectionManager - Connection can be kept alive for 60000 MILLISECONDS
11:58:28.568 [Test worker] DEBUG org.apache.http.impl.conn.BasicClientConnectionManager - Get connection for route {}->http://10.69.42.60:8089
11:58:28.568 [Test worker] DEBUG org.apache.http.impl.conn.DefaultClientConnectionOperator - Connecting to 10.69.42.60:8089
11:58:28.582 [Test worker] DEBUG org.apache.http.client.protocol.RequestAddCookies - CookieSpec selected: ignoreCookies
11:58:28.582 [Test worker] DEBUG org.apache.http.client.protocol.RequestAuthCache - Auth cache not set in the context
11:58:28.582 [Test worker] DEBUG org.apache.http.client.protocol.RequestProxyAuthentication - Proxy auth state: UNCHALLENGED
11:58:28.582 [Test worker] DEBUG org.apache.http.impl.client.DefaultHttpClient - Attempt 1 to execute request
11:58:28.582 [Test worker] DEBUG org.apache.http.impl.conn.DefaultClientConnection - Sending request: GET /api/execution-result?idexecution=12131 HTTP/1.1
11:58:28.582 [Test worker] DEBUG org.apache.http.wire -  >> "GET /api/execution-result?idexecution=12131 HTTP/1.1[\r][\n]"
11:58:28.582 [Test worker] DEBUG org.apache.http.wire -  >> "Content-Type: application/json; charset=UTF-8[\r][\n]"
11:58:28.583 [Test worker] DEBUG org.apache.http.wire -  >> "Authorization: Bearer eyJhbGciOiJIUzI1NiJ9.eyJzdWIiOiJPcmxhbmRvLlBhdXR0QVBJIiwiZXhwIjoxNjUwNjgwNjk5LCJpYXQiOjE2NTA2NDQ2OTl9.KdMzRautUU9I3Ov60EPVBqUDzX8OPNFb1s9bTYmCh80[\r][\n]"
11:58:28.583 [Test worker] DEBUG org.apache.http.wire -  >> "Accept: */*[\r][\n]"
11:58:28.583 [Test worker] DEBUG org.apache.http.wire -  >> "Host: 10.69.42.60:8089[\r][\n]"
11:58:28.583 [Test worker] DEBUG org.apache.http.wire -  >> "Connection: Keep-Alive[\r][\n]"
11:58:28.583 [Test worker] DEBUG org.apache.http.wire -  >> "User-Agent: Apache-HttpClient/4.5.9 (Java/1.8.0_301)[\r][\n]"
11:58:28.583 [Test worker] DEBUG org.apache.http.wire -  >> "Accept-Encoding: gzip,deflate[\r][\n]"
11:58:28.583 [Test worker] DEBUG org.apache.http.wire -  >> "[\r][\n]"
11:58:28.583 [Test worker] DEBUG org.apache.http.headers - >> GET /api/execution-result?idexecution=12131 HTTP/1.1
11:58:28.583 [Test worker] DEBUG org.apache.http.headers - >> Content-Type: application/json; charset=UTF-8
11:58:28.583 [Test worker] DEBUG org.apache.http.headers - >> Authorization: Bearer eyJhbGciOiJIUzI1NiJ9.eyJzdWIiOiJPcmxhbmRvLlBhdXR0QVBJIiwiZXhwIjoxNjUwNjgwNjk5LCJpYXQiOjE2NTA2NDQ2OTl9.KdMzRautUU9I3Ov60EPVBqUDzX8OPNFb1s9bTYmCh80
11:58:28.583 [Test worker] DEBUG org.apache.http.headers - >> Accept: */*
11:58:28.583 [Test worker] DEBUG org.apache.http.headers - >> Host: 10.69.42.60:8089
11:58:28.583 [Test worker] DEBUG org.apache.http.headers - >> Connection: Keep-Alive
11:58:28.583 [Test worker] DEBUG org.apache.http.headers - >> User-Agent: Apache-HttpClient/4.5.9 (Java/1.8.0_301)
11:58:28.583 [Test worker] DEBUG org.apache.http.headers - >> Accept-Encoding: gzip,deflate
11:58:28.610 [Test worker] DEBUG org.apache.http.wire -  << "HTTP/1.1 200 [\r][\n]"
11:58:28.610 [Test worker] DEBUG org.apache.http.wire -  << "Vary: Origin[\r][\n]"
11:58:28.610 [Test worker] DEBUG org.apache.http.wire -  << "Vary: Access-Control-Request-Method[\r][\n]"
11:58:28.610 [Test worker] DEBUG org.apache.http.wire -  << "Vary: Access-Control-Request-Headers[\r][\n]"
11:58:28.610 [Test worker] DEBUG org.apache.http.wire -  << "Vary: Origin[\r][\n]"
11:58:28.610 [Test worker] DEBUG org.apache.http.wire -  << "Vary: Access-Control-Request-Method[\r][\n]"
11:58:28.610 [Test worker] DEBUG org.apache.http.wire -  << "Vary: Access-Control-Request-Headers[\r][\n]"
11:58:28.610 [Test worker] DEBUG org.apache.http.wire -  << "X-Content-Type-Options: nosniff[\r][\n]"
11:58:28.610 [Test worker] DEBUG org.apache.http.wire -  << "X-XSS-Protection: 1; mode=block[\r][\n]"
11:58:28.610 [Test worker] DEBUG org.apache.http.wire -  << "Cache-Control: no-cache, no-store, max-age=0, must-revalidate[\r][\n]"
11:58:28.610 [Test worker] DEBUG org.apache.http.wire -  << "Pragma: no-cache[\r][\n]"
11:58:28.610 [Test worker] DEBUG org.apache.http.wire -  << "Expires: 0[\r][\n]"
11:58:28.610 [Test worker] DEBUG org.apache.http.wire -  << "X-Frame-Options: DENY[\r][\n]"
11:58:28.610 [Test worker] DEBUG org.apache.http.wire -  << "Content-Type: application/json[\r][\n]"
11:58:28.610 [Test worker] DEBUG org.apache.http.wire -  << "Transfer-Encoding: chunked[\r][\n]"
11:58:28.610 [Test worker] DEBUG org.apache.http.wire -  << "Date: Fri, 22 Apr 2022 16:27:00 GMT[\r][\n]"
11:58:28.610 [Test worker] DEBUG org.apache.http.wire -  << "Keep-Alive: timeout=60[\r][\n]"
11:58:28.610 [Test worker] DEBUG org.apache.http.wire -  << "Connection: keep-alive[\r][\n]"
11:58:28.610 [Test worker] DEBUG org.apache.http.wire -  << "[\r][\n]"
11:58:28.610 [Test worker] DEBUG org.apache.http.impl.conn.DefaultClientConnection - Receiving response: HTTP/1.1 200 
11:58:28.610 [Test worker] DEBUG org.apache.http.headers - << HTTP/1.1 200 
11:58:28.610 [Test worker] DEBUG org.apache.http.headers - << Vary: Origin
11:58:28.610 [Test worker] DEBUG org.apache.http.headers - << Vary: Access-Control-Request-Method
11:58:28.610 [Test worker] DEBUG org.apache.http.headers - << Vary: Access-Control-Request-Headers
11:58:28.610 [Test worker] DEBUG org.apache.http.headers - << Vary: Origin
11:58:28.610 [Test worker] DEBUG org.apache.http.headers - << Vary: Access-Control-Request-Method
11:58:28.610 [Test worker] DEBUG org.apache.http.headers - << Vary: Access-Control-Request-Headers
11:58:28.610 [Test worker] DEBUG org.apache.http.headers - << X-Content-Type-Options: nosniff
11:58:28.610 [Test worker] DEBUG org.apache.http.headers - << X-XSS-Protection: 1; mode=block
11:58:28.610 [Test worker] DEBUG org.apache.http.headers - << Cache-Control: no-cache, no-store, max-age=0, must-revalidate
11:58:28.610 [Test worker] DEBUG org.apache.http.headers - << Pragma: no-cache
11:58:28.610 [Test worker] DEBUG org.apache.http.headers - << Expires: 0
11:58:28.610 [Test worker] DEBUG org.apache.http.headers - << X-Frame-Options: DENY
11:58:28.610 [Test worker] DEBUG org.apache.http.headers - << Content-Type: application/json
11:58:28.610 [Test worker] DEBUG org.apache.http.headers - << Transfer-Encoding: chunked
11:58:28.610 [Test worker] DEBUG org.apache.http.headers - << Date: Fri, 22 Apr 2022 16:27:00 GMT
11:58:28.610 [Test worker] DEBUG org.apache.http.headers - << Keep-Alive: timeout=60
11:58:28.610 [Test worker] DEBUG org.apache.http.headers - << Connection: keep-alive
11:58:28.610 [Test worker] DEBUG org.apache.http.impl.client.DefaultHttpClient - Connection can be kept alive for 60000 MILLISECONDS
11:58:28.611 [Test worker] DEBUG io.restassured.internal.RequestSpecificationImpl$RestAssuredHttpBuilder - Parsing response as: application/json
11:58:28.611 [Test worker] DEBUG io.restassured.internal.RequestSpecificationImpl$RestAssuredHttpBuilder - Parsed data to instance of: class org.apache.http.conn.EofSensorInputStream
11:58:28.611 [Test worker] DEBUG org.apache.http.wire -  << "34[\r][\n]"
11:58:28.611 [Test worker] DEBUG org.apache.http.wire -  << "{"result":"Pendiente","executionStatus":"Pendiente"}"
11:58:28.611 [Test worker] DEBUG org.apache.http.wire -  << "[\r][\n]"
11:58:28.611 [Test worker] DEBUG org.apache.http.wire -  << "0[\r][\n]"
11:58:28.611 [Test worker] DEBUG org.apache.http.wire -  << "[\r][\n]"
11:58:28.611 [Test worker] DEBUG org.apache.http.impl.conn.BasicClientConnectionManager - Releasing connection org.apache.http.impl.conn.ManagedClientConnectionImpl@26b76fb6
11:58:28.611 [Test worker] DEBUG org.apache.http.impl.conn.BasicClientConnectionManager - Connection can be kept alive for 60000 MILLISECONDS
11:58:48.633 [Test worker] DEBUG org.apache.http.impl.conn.BasicClientConnectionManager - Get connection for route {}->http://10.69.42.60:8089
11:58:48.634 [Test worker] DEBUG org.apache.http.impl.conn.DefaultClientConnectionOperator - Connecting to 10.69.42.60:8089
11:58:48.650 [Test worker] DEBUG org.apache.http.client.protocol.RequestAddCookies - CookieSpec selected: ignoreCookies
11:58:48.650 [Test worker] DEBUG org.apache.http.client.protocol.RequestAuthCache - Auth cache not set in the context
11:58:48.650 [Test worker] DEBUG org.apache.http.client.protocol.RequestProxyAuthentication - Proxy auth state: UNCHALLENGED
11:58:48.650 [Test worker] DEBUG org.apache.http.impl.client.DefaultHttpClient - Attempt 1 to execute request
11:58:48.650 [Test worker] DEBUG org.apache.http.impl.conn.DefaultClientConnection - Sending request: GET /api/execution-result?idexecution=12131 HTTP/1.1
11:58:48.650 [Test worker] DEBUG org.apache.http.wire -  >> "GET /api/execution-result?idexecution=12131 HTTP/1.1[\r][\n]"
11:58:48.650 [Test worker] DEBUG org.apache.http.wire -  >> "Content-Type: application/json; charset=UTF-8[\r][\n]"
11:58:48.650 [Test worker] DEBUG org.apache.http.wire -  >> "Authorization: Bearer eyJhbGciOiJIUzI1NiJ9.eyJzdWIiOiJPcmxhbmRvLlBhdXR0QVBJIiwiZXhwIjoxNjUwNjgwNjk5LCJpYXQiOjE2NTA2NDQ2OTl9.KdMzRautUU9I3Ov60EPVBqUDzX8OPNFb1s9bTYmCh80[\r][\n]"
11:58:48.650 [Test worker] DEBUG org.apache.http.wire -  >> "Accept: */*[\r][\n]"
11:58:48.650 [Test worker] DEBUG org.apache.http.wire -  >> "Host: 10.69.42.60:8089[\r][\n]"
11:58:48.650 [Test worker] DEBUG org.apache.http.wire -  >> "Connection: Keep-Alive[\r][\n]"
11:58:48.650 [Test worker] DEBUG org.apache.http.wire -  >> "User-Agent: Apache-HttpClient/4.5.9 (Java/1.8.0_301)[\r][\n]"
11:58:48.650 [Test worker] DEBUG org.apache.http.wire -  >> "Accept-Encoding: gzip,deflate[\r][\n]"
11:58:48.650 [Test worker] DEBUG org.apache.http.wire -  >> "[\r][\n]"
11:58:48.650 [Test worker] DEBUG org.apache.http.headers - >> GET /api/execution-result?idexecution=12131 HTTP/1.1
11:58:48.650 [Test worker] DEBUG org.apache.http.headers - >> Content-Type: application/json; charset=UTF-8
11:58:48.650 [Test worker] DEBUG org.apache.http.headers - >> Authorization: Bearer eyJhbGciOiJIUzI1NiJ9.eyJzdWIiOiJPcmxhbmRvLlBhdXR0QVBJIiwiZXhwIjoxNjUwNjgwNjk5LCJpYXQiOjE2NTA2NDQ2OTl9.KdMzRautUU9I3Ov60EPVBqUDzX8OPNFb1s9bTYmCh80
11:58:48.650 [Test worker] DEBUG org.apache.http.headers - >> Accept: */*
11:58:48.650 [Test worker] DEBUG org.apache.http.headers - >> Host: 10.69.42.60:8089
11:58:48.650 [Test worker] DEBUG org.apache.http.headers - >> Connection: Keep-Alive
11:58:48.650 [Test worker] DEBUG org.apache.http.headers - >> User-Agent: Apache-HttpClient/4.5.9 (Java/1.8.0_301)
11:58:48.650 [Test worker] DEBUG org.apache.http.headers - >> Accept-Encoding: gzip,deflate
11:58:48.706 [Test worker] DEBUG org.apache.http.wire -  << "HTTP/1.1 200 [\r][\n]"
11:58:48.706 [Test worker] DEBUG org.apache.http.wire -  << "Vary: Origin[\r][\n]"
11:58:48.706 [Test worker] DEBUG org.apache.http.wire -  << "Vary: Access-Control-Request-Method[\r][\n]"
11:58:48.706 [Test worker] DEBUG org.apache.http.wire -  << "Vary: Access-Control-Request-Headers[\r][\n]"
11:58:48.706 [Test worker] DEBUG org.apache.http.wire -  << "Vary: Origin[\r][\n]"
11:58:48.706 [Test worker] DEBUG org.apache.http.wire -  << "Vary: Access-Control-Request-Method[\r][\n]"
11:58:48.706 [Test worker] DEBUG org.apache.http.wire -  << "Vary: Access-Control-Request-Headers[\r][\n]"
11:58:48.706 [Test worker] DEBUG org.apache.http.wire -  << "X-Content-Type-Options: nosniff[\r][\n]"
11:58:48.706 [Test worker] DEBUG org.apache.http.wire -  << "X-XSS-Protection: 1; mode=block[\r][\n]"
11:58:48.706 [Test worker] DEBUG org.apache.http.wire -  << "Cache-Control: no-cache, no-store, max-age=0, must-revalidate[\r][\n]"
11:58:48.706 [Test worker] DEBUG org.apache.http.wire -  << "Pragma: no-cache[\r][\n]"
11:58:48.706 [Test worker] DEBUG org.apache.http.wire -  << "Expires: 0[\r][\n]"
11:58:48.706 [Test worker] DEBUG org.apache.http.wire -  << "X-Frame-Options: DENY[\r][\n]"
11:58:48.706 [Test worker] DEBUG org.apache.http.wire -  << "Content-Type: application/json[\r][\n]"
11:58:48.706 [Test worker] DEBUG org.apache.http.wire -  << "Transfer-Encoding: chunked[\r][\n]"
11:58:48.706 [Test worker] DEBUG org.apache.http.wire -  << "Date: Fri, 22 Apr 2022 16:27:20 GMT[\r][\n]"
11:58:48.706 [Test worker] DEBUG org.apache.http.wire -  << "Keep-Alive: timeout=60[\r][\n]"
11:58:48.706 [Test worker] DEBUG org.apache.http.wire -  << "Connection: keep-alive[\r][\n]"
11:58:48.706 [Test worker] DEBUG org.apache.http.wire -  << "[\r][\n]"
11:58:48.706 [Test worker] DEBUG org.apache.http.impl.conn.DefaultClientConnection - Receiving response: HTTP/1.1 200 
11:58:48.706 [Test worker] DEBUG org.apache.http.headers - << HTTP/1.1 200 
11:58:48.706 [Test worker] DEBUG org.apache.http.headers - << Vary: Origin
11:58:48.706 [Test worker] DEBUG org.apache.http.headers - << Vary: Access-Control-Request-Method
11:58:48.706 [Test worker] DEBUG org.apache.http.headers - << Vary: Access-Control-Request-Headers
11:58:48.706 [Test worker] DEBUG org.apache.http.headers - << Vary: Origin
11:58:48.706 [Test worker] DEBUG org.apache.http.headers - << Vary: Access-Control-Request-Method
11:58:48.706 [Test worker] DEBUG org.apache.http.headers - << Vary: Access-Control-Request-Headers
11:58:48.706 [Test worker] DEBUG org.apache.http.headers - << X-Content-Type-Options: nosniff
11:58:48.706 [Test worker] DEBUG org.apache.http.headers - << X-XSS-Protection: 1; mode=block
11:58:48.706 [Test worker] DEBUG org.apache.http.headers - << Cache-Control: no-cache, no-store, max-age=0, must-revalidate
11:58:48.706 [Test worker] DEBUG org.apache.http.headers - << Pragma: no-cache
11:58:48.706 [Test worker] DEBUG org.apache.http.headers - << Expires: 0
[...]
11:59:08.794 [Test worker] DEBUG org.apache.http.wire -  << "Date: Fri, 22 Apr 2022 16:27:40 GMT[\r][\n]"
11:59:08.794 [Test worker] DEBUG org.apache.http.wire -  << "Keep-Alive: timeout=60[\r][\n]"
11:59:08.794 [Test worker] DEBUG org.apache.http.wire -  << "Connection: keep-alive[\r][\n]"
11:59:08.794 [Test worker] DEBUG org.apache.http.wire -  << "[\r][\n]"
11:59:08.794 [Test worker] DEBUG org.apache.http.impl.conn.DefaultClientConnection - Receiving response: HTTP/1.1 200 
11:59:08.794 [Test worker] DEBUG org.apache.http.headers - << HTTP/1.1 200 
11:59:08.794 [Test worker] DEBUG org.apache.http.headers - << Vary: Origin
11:59:08.794 [Test worker] DEBUG org.apache.http.headers - << Vary: Access-Control-Request-Method
11:59:08.794 [Test worker] DEBUG org.apache.http.headers - << Vary: Access-Control-Request-Headers
11:59:08.794 [Test worker] DEBUG org.apache.http.headers - << Vary: Origin
11:59:08.794 [Test worker] DEBUG org.apache.http.headers - << Vary: Access-Control-Request-Method
11:59:08.794 [Test worker] DEBUG org.apache.http.headers - << Vary: Access-Control-Request-Headers
11:59:08.794 [Test worker] DEBUG org.apache.http.headers - << X-Content-Type-Options: nosniff
11:59:08.794 [Test worker] DEBUG org.apache.http.headers - << X-XSS-Protection: 1; mode=block
11:59:08.794 [Test worker] DEBUG org.apache.http.headers - << Cache-Control: no-cache, no-store, max-age=0, must-revalidate
11:59:08.794 [Test worker] DEBUG org.apache.http.headers - << Pragma: no-cache
11:59:08.794 [Test worker] DEBUG org.apache.http.headers - << Expires: 0
11:59:08.794 [Test worker] DEBUG org.apache.http.headers - << X-Frame-Options: DENY
11:59:08.794 [Test worker] DEBUG org.apache.http.headers - << Content-Type: application/json
11:59:08.794 [Test worker] DEBUG org.apache.http.headers - << Transfer-Encoding: chunked
11:59:08.794 [Test worker] DEBUG org.apache.http.headers - << Date: Fri, 22 Apr 2022 16:27:40 GMT
11:59:08.794 [Test worker] DEBUG org.apache.http.headers - << Keep-Alive: timeout=60
11:59:08.794 [Test worker] DEBUG org.apache.http.headers - << Connection: keep-alive
11:59:08.794 [Test worker] DEBUG org.apache.http.impl.client.DefaultHttpClient - Connection can be kept alive for 60000 MILLISECONDS
11:59:08.795 [Test worker] DEBUG io.restassured.internal.RequestSpecificationImpl$RestAssuredHttpBuilder - Parsing response as: application/json
11:59:08.795 [Test worker] DEBUG io.restassured.internal.RequestSpecificationImpl$RestAssuredHttpBuilder - Parsed data to instance of: class org.apache.http.conn.EofSensorInputStream
11:59:08.796 [Test worker] DEBUG org.apache.http.wire -  << "38[\r][\n]"
11:59:08.796 [Test worker] DEBUG org.apache.http.wire -  << "{"result":"Pendiente","executionStatus":"En ejecuci[0xc3][0xb3]n"}"
11:59:08.796 [Test worker] DEBUG org.apache.http.wire -  << "[\r][\n]"
11:59:08.796 [Test worker] DEBUG org.apache.http.wire -  << "0[\r][\n]"
11:59:08.796 [Test worker] DEBUG org.apache.http.wire -  << "[\r][\n]"
11:59:08.796 [Test worker] DEBUG org.apache.http.impl.conn.BasicClientConnectionManager - Releasing connection org.apache.http.impl.conn.ManagedClientConnectionImpl@14355504
11:59:08.796 [Test worker] DEBUG org.apache.http.impl.conn.BasicClientConnectionManager - Connection can be kept alive for 60000 MILLISECONDS
11:59:28.845 [Test worker] DEBUG org.apache.http.impl.conn.BasicClientConnectionManager - Get connection for route {}->http://10.69.42.60:8089
11:59:28.845 [Test worker] DEBUG org.apache.http.impl.conn.DefaultClientConnectionOperator - Connecting to 10.69.42.60:8089
11:59:28.860 [Test worker] DEBUG org.apache.http.client.protocol.RequestAddCookies - CookieSpec selected: ignoreCookies
11:59:28.860 [Test worker] DEBUG org.apache.http.client.protocol.RequestAuthCache - Auth cache not set in the context
11:59:28.860 [Test worker] DEBUG org.apache.http.client.protocol.RequestProxyAuthentication - Proxy auth state: UNCHALLENGED
11:59:28.860 [Test worker] DEBUG org.apache.http.impl.client.DefaultHttpClient - Attempt 1 to execute request
11:59:28.860 [Test worker] DEBUG org.apache.http.impl.conn.DefaultClientConnection - Sending request: GET /api/execution-result?idexecution=12131 HTTP/1.1
11:59:28.861 [Test worker] DEBUG org.apache.http.wire -  >> "GET /api/execution-result?idexecution=12131 HTTP/1.1[\r][\n]"
11:59:28.861 [Test worker] DEBUG org.apache.http.wire -  >> "Content-Type: application/json; charset=UTF-8[\r][\n]"
11:59:28.861 [Test worker] DEBUG org.apache.http.wire -  >> "Authorization: Bearer eyJhbGciOiJIUzI1NiJ9.eyJzdWIiOiJPcmxhbmRvLlBhdXR0QVBJIiwiZXhwIjoxNjUwNjgwNjk5LCJpYXQiOjE2NTA2NDQ2OTl9.KdMzRautUU9I3Ov60EPVBqUDzX8OPNFb1s9bTYmCh80[\r][\n]"
11:59:28.861 [Test worker] DEBUG org.apache.http.wire -  >> "Accept: */*[\r][\n]"
11:59:28.861 [Test worker] DEBUG org.apache.http.wire -  >> "Host: 10.69.42.60:8089[\r][\n]"
11:59:28.861 [Test worker] DEBUG org.apache.http.wire -  >> "Connection: Keep-Alive[\r][\n]"
11:59:28.861 [Test worker] DEBUG org.apache.http.wire -  >> "User-Agent: Apache-HttpClient/4.5.9 (Java/1.8.0_301)[\r][\n]"
11:59:28.861 [Test worker] DEBUG org.apache.http.wire -  >> "Accept-Encoding: gzip,deflate[\r][\n]"
11:59:28.861 [Test worker] DEBUG org.apache.http.wire -  >> "[\r][\n]"
11:59:28.861 [Test worker] DEBUG org.apache.http.headers - >> GET /api/execution-result?idexecution=12131 HTTP/1.1
11:59:28.861 [Test worker] DEBUG org.apache.http.headers - >> Content-Type: application/json; charset=UTF-8
11:59:28.861 [Test worker] DEBUG org.apache.http.headers - >> Authorization: Bearer eyJhbGciOiJIUzI1NiJ9.eyJzdWIiOiJPcmxhbmRvLlBhdXR0QVBJIiwiZXhwIjoxNjUwNjgwNjk5LCJpYXQiOjE2NTA2NDQ2OTl9.KdMzRautUU9I3Ov60EPVBqUDzX8OPNFb1s9bTYmCh80
11:59:28.861 [Test worker] DEBUG org.apache.http.headers - >> Accept: */*
11:59:28.861 [Test worker] DEBUG org.apache.http.headers - >> Host: 10.69.42.60:8089
11:59:28.861 [Test worker] DEBUG org.apache.http.headers - >> Connection: Keep-Alive
11:59:28.861 [Test worker] DEBUG org.apache.http.headers - >> User-Agent: Apache-HttpClient/4.5.9 (Java/1.8.0_301)
11:59:28.861 [Test worker] DEBUG org.apache.http.headers - >> Accept-Encoding: gzip,deflate
11:59:28.897 [Test worker] DEBUG org.apache.http.wire -  << "HTTP/1.1 200 [\r][\n]"
11:59:28.897 [Test worker] DEBUG org.apache.http.wire -  << "Vary: Origin[\r][\n]"
11:59:28.897 [Test worker] DEBUG org.apache.http.wire -  << "Vary: Access-Control-Request-Method[\r][\n]"
11:59:28.897 [Test worker] DEBUG org.apache.http.wire -  << "Vary: Access-Control-Request-Headers[\r][\n]"
11:59:28.897 [Test worker] DEBUG org.apache.http.wire -  << "Vary: Origin[\r][\n]"
11:59:28.897 [Test worker] DEBUG org.apache.http.wire -  << "Vary: Access-Control-Request-Method[\r][\n]"
11:59:28.897 [Test worker] DEBUG org.apache.http.wire -  << "Vary: Access-Control-Request-Headers[\r][\n]"
11:59:28.897 [Test worker] DEBUG org.apache.http.wire -  << "X-Content-Type-Options: nosniff[\r][\n]"
11:59:28.897 [Test worker] DEBUG org.apache.http.wire -  << "X-XSS-Protection: 1; mode=block[\r][\n]"
11:59:28.897 [Test worker] DEBUG org.apache.http.wire -  << "Cache-Control: no-cache, no-store, max-age=0, must-revalidate[\r][\n]"
11:59:28.898 [Test worker] DEBUG org.apache.http.wire -  << "Pragma: no-cache[\r][\n]"
11:59:28.898 [Test worker] DEBUG org.apache.http.wire -  << "Expires: 0[\r][\n]"
11:59:28.898 [Test worker] DEBUG org.apache.http.wire -  << "X-Frame-Options: DENY[\r][\n]"
11:59:28.898 [Test worker] DEBUG org.apache.http.wire -  << "Content-Type: application/json[\r][\n]"
11:59:28.898 [Test worker] DEBUG org.apache.http.wire -  << "Transfer-Encoding: chunked[\r][\n]"
11:59:28.898 [Test worker] DEBUG org.apache.http.wire -  << "Date: Fri, 22 Apr 2022 16:28:00 GMT[\r][\n]"
11:59:28.898 [Test worker] DEBUG org.apache.http.wire -  << "Keep-Alive: timeout=60[\r][\n]"
11:59:28.898 [Test worker] DEBUG org.apache.http.wire -  << "Connection: keep-alive[\r][\n]"
11:59:28.898 [Test worker] DEBUG org.apache.http.wire -  << "[\r][\n]"
11:59:28.898 [Test worker] DEBUG org.apache.http.impl.conn.DefaultClientConnection - Receiving response: HTTP/1.1 200 
11:59:28.898 [Test worker] DEBUG org.apache.http.headers - << HTTP/1.1 200 
11:59:28.898 [Test worker] DEBUG org.apache.http.headers - << Vary: Origin
11:59:28.898 [Test worker] DEBUG org.apache.http.headers - << Vary: Access-Control-Request-Method
11:59:28.898 [Test worker] DEBUG org.apache.http.headers - << Vary: Access-Control-Request-Headers
11:59:28.898 [Test worker] DEBUG org.apache.http.headers - << Vary: Origin
11:59:28.898 [Test worker] DEBUG org.apache.http.headers - << Vary: Access-Control-Request-Method
11:59:28.898 [Test worker] DEBUG org.apache.http.headers - << Vary: Access-Control-Request-Headers
11:59:28.898 [Test worker] DEBUG org.apache.http.headers - << X-Content-Type-Options: nosniff
11:59:28.898 [Test worker] DEBUG org.apache.http.headers - << X-XSS-Protection: 1; mode=block
11:59:28.898 [Test worker] DEBUG org.apache.http.headers - << Cache-Control: no-cache, no-store, max-age=0, must-revalidate
11:59:28.898 [Test worker] DEBUG org.apache.http.headers - << Pragma: no-cache
11:59:28.898 [Test worker] DEBUG org.apache.http.headers - << Expires: 0
11:59:28.898 [Test worker] DEBUG org.apache.http.headers - << X-Frame-Options: DENY
11:59:28.898 [Test worker] DEBUG org.apache.http.headers - << Content-Type: application/json
11:59:28.898 [Test worker] DEBUG org.apache.http.headers - << Transfer-Encoding: chunked
11:59:28.898 [Test worker] DEBUG org.apache.http.headers - << Date: Fri, 22 Apr 2022 16:28:00 GMT
11:59:28.898 [Test worker] DEBUG org.apache.http.headers - << Keep-Alive: timeout=60
11:59:28.898 [Test worker] DEBUG org.apache.http.headers - << Connection: keep-alive
11:59:28.898 [Test worker] DEBUG org.apache.http.impl.client.DefaultHttpClient - Connection can be kept alive for 60000 MILLISECONDS
11:59:28.898 [Test worker] DEBUG io.restassured.internal.RequestSpecificationImpl$RestAssuredHttpBuilder - Parsing response as: application/json
11:59:28.898 [Test worker] DEBUG io.restassured.internal.RequestSpecificationImpl$RestAssuredHttpBuilder - Parsed data to instance of: class org.apache.http.conn.EofSensorInputStream
11:59:28.899 [Test worker] DEBUG org.apache.http.wire -  << "38[\r][\n]"
11:59:28.899 [Test worker] DEBUG org.apache.http.wire -  << "{"result":"Pendiente","executionStatus":"En ejecuci[0xc3][0xb3]n"}"
11:59:28.899 [Test worker] DEBUG org.apache.http.wire -  << "[\r][\n]"
11:59:28.899 [Test worker] DEBUG org.apache.http.wire -  << "0[\r][\n]"
11:59:28.899 [Test worker] DEBUG org.apache.http.wire -  << "[\r][\n]"
11:59:28.899 [Test worker] DEBUG org.apache.http.impl.conn.BasicClientConnectionManager - Releasing connection org.apache.http.impl.conn.ManagedClientConnectionImpl@49d63ceb
11:59:28.899 [Test worker] DEBUG org.apache.http.impl.conn.BasicClientConnectionManager - Connection can be kept alive for 60000 MILLISECONDS
11:59:48.934 [Test worker] DEBUG org.apache.http.impl.conn.BasicClientConnectionManager - Get connection for route {}->http://10.69.42.60:8089
11:59:48.934 [Test worker] DEBUG org.apache.http.impl.conn.DefaultClientConnectionOperator - Connecting to 10.69.42.60:8089
11:59:48.950 [Test worker] DEBUG org.apache.http.client.protocol.RequestAddCookies - CookieSpec selected: ignoreCookies
11:59:48.950 [Test worker] DEBUG org.apache.http.client.protocol.RequestAuthCache - Auth cache not set in the context
11:59:48.950 [Test worker] DEBUG org.apache.http.client.protocol.RequestProxyAuthentication - Proxy auth state: UNCHALLENGED
11:59:48.950 [Test worker] DEBUG org.apache.http.impl.client.DefaultHttpClient - Attempt 1 to execute request
11:59:48.950 [Test worker] DEBUG org.apache.http.impl.conn.DefaultClientConnection - Sending request: GET /api/execution-result?idexecution=12131 HTTP/1.1
11:59:48.951 [Test worker] DEBUG org.apache.http.wire -  >> "GET /api/execution-result?idexecution=12131 HTTP/1.1[\r][\n]"
11:59:48.951 [Test worker] DEBUG org.apache.http.wire -  >> "Content-Type: application/json; charset=UTF-8[\r][\n]"
11:59:48.951 [Test worker] DEBUG org.apache.http.wire -  >> "Authorization: Bearer eyJhbGciOiJIUzI1NiJ9.eyJzdWIiOiJPcmxhbmRvLlBhdXR0QVBJIiwiZXhwIjoxNjUwNjgwNjk5LCJpYXQiOjE2NTA2NDQ2OTl9.KdMzRautUU9I3Ov60EPVBqUDzX8OPNFb1s9bTYmCh80[\r][\n]"
11:59:48.951 [Test worker] DEBUG org.apache.http.wire -  >> "Accept: */*[\r][\n]"
11:59:48.951 [Test worker] DEBUG org.apache.http.wire -  >> "Host: 10.69.42.60:8089[\r][\n]"
11:59:48.951 [Test worker] DEBUG org.apache.http.wire -  >> "Connection: Keep-Alive[\r][\n]"
11:59:48.951 [Test worker] DEBUG org.apache.http.wire -  >> "User-Agent: Apache-HttpClient/4.5.9 (Java/1.8.0_301)[\r][\n]"
11:59:48.951 [Test worker] DEBUG org.apache.http.wire -  >> "Accept-Encoding: gzip,deflate[\r][\n]"
11:59:48.951 [Test worker] DEBUG org.apache.http.wire -  >> "[\r][\n]"
11:59:48.951 [Test worker] DEBUG org.apache.http.headers - >> GET /api/execution-result?idexecution=12131 HTTP/1.1
11:59:48.951 [Test worker] DEBUG org.apache.http.headers - >> Content-Type: application/json; charset=UTF-8
11:59:48.951 [Test worker] DEBUG org.apache.http.headers - >> Authorization: Bearer eyJhbGciOiJIUzI1NiJ9.eyJzdWIiOiJPcmxhbmRvLlBhdXR0QVBJIiwiZXhwIjoxNjUwNjgwNjk5LCJpYXQiOjE2NTA2NDQ2OTl9.KdMzRautUU9I3Ov60EPVBqUDzX8OPNFb1s9bTYmCh80
11:59:48.951 [Test worker] DEBUG org.apache.http.headers - >> Accept: */*
11:59:48.951 [Test worker] DEBUG org.apache.http.headers - >> Host: 10.69.42.60:8089
11:59:48.951 [Test worker] DEBUG org.apache.http.headers - >> Connection: Keep-Alive
11:59:48.951 [Test worker] DEBUG org.apache.http.headers - >> User-Agent: Apache-HttpClient/4.5.9 (Java/1.8.0_301)
11:59:48.951 [Test worker] DEBUG org.apache.http.headers - >> Accept-Encoding: gzip,deflate
11:59:48.984 [Test worker] DEBUG org.apache.http.wire -  << "HTTP/1.1 200 [\r][\n]"
11:59:48.984 [Test worker] DEBUG org.apache.http.wire -  << "Vary: Origin[\r][\n]"
11:59:48.984 [Test worker] DEBUG org.apache.http.wire -  << "Vary: Access-Control-Request-Method[\r][\n]"
11:59:48.984 [Test worker] DEBUG org.apache.http.wire -  << "Vary: Access-Control-Request-Headers[\r][\n]"
11:59:48.984 [Test worker] DEBUG org.apache.http.wire -  << "Vary: Origin[\r][\n]"
11:59:48.984 [Test worker] DEBUG org.apache.http.wire -  << "Vary: Access-Control-Request-Method[\r][\n]"
11:59:48.984 [Test worker] DEBUG org.apache.http.wire -  << "Vary: Access-Control-Request-Headers[\r][\n]"
11:59:48.984 [Test worker] DEBUG org.apache.http.wire -  << "X-Content-Type-Options: nosniff[\r][\n]"
11:59:48.984 [Test worker] DEBUG org.apache.http.wire -  << "X-XSS-Protection: 1; mode=block[\r][\n]"
11:59:48.984 [Test worker] DEBUG org.apache.http.wire -  << "Cache-Control: no-cache, no-store, max-age=0, must-revalidate[\r][\n]"
11:59:48.984 [Test worker] DEBUG org.apache.http.wire -  << "Pragma: no-cache[\r][\n]"
11:59:48.984 [Test worker] DEBUG org.apache.http.wire -  << "Expires: 0[\r][\n]"
11:59:48.984 [Test worker] DEBUG org.apache.http.wire -  << "X-Frame-Options: DENY[\r][\n]"
11:59:48.984 [Test worker] DEBUG org.apache.http.wire -  << "Content-Type: application/json[\r][\n]"
11:59:48.984 [Test worker] DEBUG org.apache.http.wire -  << "Transfer-Encoding: chunked[\r][\n]"
11:59:48.984 [Test worker] DEBUG org.apache.http.wire -  << "Date: Fri, 22 Apr 2022 16:28:20 GMT[\r][\n]"
11:59:48.984 [Test worker] DEBUG org.apache.http.wire -  << "Keep-Alive: timeout=60[\r][\n]"
11:59:48.984 [Test worker] DEBUG org.apache.http.wire -  << "Connection: keep-alive[\r][\n]"
11:59:48.984 [Test worker] DEBUG org.apache.http.wire -  << "[\r][\n]"
11:59:48.984 [Test worker] DEBUG org.apache.http.impl.conn.DefaultClientConnection - Receiving response: HTTP/1.1 200 
11:59:48.984 [Test worker] DEBUG org.apache.http.headers - << HTTP/1.1 200 
11:59:48.984 [Test worker] DEBUG org.apache.http.headers - << Vary: Origin
11:59:48.984 [Test worker] DEBUG org.apache.http.headers - << Vary: Access-Control-Request-Method
11:59:48.984 [Test worker] DEBUG org.apache.http.headers - << Vary: Access-Control-Request-Headers
11:59:48.984 [Test worker] DEBUG org.apache.http.headers - << Vary: Origin
11:59:48.984 [Test worker] DEBUG org.apache.http.headers - << Vary: Access-Control-Request-Method
11:59:48.984 [Test worker] DEBUG org.apache.http.headers - << Vary: Access-Control-Request-Headers
11:59:48.984 [Test worker] DEBUG org.apache.http.headers - << X-Content-Type-Options: nosniff
11:59:48.984 [Test worker] DEBUG org.apache.http.headers - << X-XSS-Protection: 1; mode=block
11:59:48.984 [Test worker] DEBUG org.apache.http.headers - << Cache-Control: no-cache, no-store, max-age=0, must-revalidate
11:59:48.984 [Test worker] DEBUG org.apache.http.headers - << Pragma: no-cache
11:59:48.984 [Test worker] DEBUG org.apache.http.headers - << Expires: 0
11:59:48.984 [Test worker] DEBUG org.apache.http.headers - << X-Frame-Options: DENY
11:59:48.984 [Test worker] DEBUG org.apache.http.headers - << Content-Type: application/json
11:59:48.984 [Test worker] DEBUG org.apache.http.headers - << Transfer-Encoding: chunked
11:59:48.984 [Test worker] DEBUG org.apache.http.headers - << Date: Fri, 22 Apr 2022 16:28:20 GMT
11:59:48.984 [Test worker] DEBUG org.apache.http.headers - << Keep-Alive: timeout=60
11:59:48.984 [Test worker] DEBUG org.apache.http.headers - << Connection: keep-alive
11:59:48.984 [Test worker] DEBUG org.apache.http.impl.client.DefaultHttpClient - Connection can be kept alive for 60000 MILLISECONDS
11:59:48.984 [Test worker] DEBUG io.restassured.internal.RequestSpecificationImpl$RestAssuredHttpBuilder - Parsing response as: application/json
11:59:48.984 [Test worker] DEBUG io.restassured.internal.RequestSpecificationImpl$RestAssuredHttpBuilder - Parsed data to instance of: class org.apache.http.conn.EofSensorInputStream
11:59:48.986 [Test worker] DEBUG org.apache.http.wire -  << "17c[\r][\n]"
11:59:48.986 [Test worker] DEBUG org.apache.http.wire -  << "{"result":["Fallido"],"executionStatus":"Terminado","urlEvidenceSerenity":"http://10.69.42.60:8092/assets/evidences/22_04_2022_11_54_58_784/Sox_Evidence.zip","urlEvidenceEvidenceComplete":"http://10.69.42.60:8092/assets/evidences/22_04_2022_11_54_58_784/Complete_Evidence.zip","urlEvidenceSox":"http://10.69.42.60:8092/assets/evidences/22_04_2022_11_54_58_784/reports/index.html"}"
11:59:48.986 [Test worker] DEBUG org.apache.http.wire -  << "[\r][\n]"
11:59:48.986 [Test worker] DEBUG org.apache.http.wire -  << "0[\r][\n]"
11:59:48.986 [Test worker] DEBUG org.apache.http.wire -  << "[\r][\n]"
11:59:48.986 [Test worker] DEBUG org.apache.http.impl.conn.BasicClientConnectionManager - Releasing connection org.apache.http.impl.conn.ManagedClientConnectionImpl@6c3437d5
11:59:48.986 [Test worker] DEBUG org.apache.http.impl.conn.BasicClientConnectionManager - Connection can be kept alive for 60000 MILLISECONDS
11:59:49.119 [Test worker] ERROR net.thucydides.core.steps.ConsoleLoggingListener - 
           __  _____ _____ ____ _____   _____ _    ___ _     _____ ____  
  _       / / |_   _| ____/ ___|_   _| |  ___/ \  |_ _| |   | ____|  _ \ 
 (_)_____| |    | | |  _| \___ \ | |   | |_ / _ \  | || |   |  _| | | | |
  _|_____| |    | | | |___ ___) || |   |  _/ ___ \ | || |___| |___| |_| |
 (_)     | |    |_| |_____|____/ |_|   |_|/_/   \_\___|_____|_____|____/ 
          \_\                                                            

TEST FAILED: se requiere ejecutar el Json
--------------------------------------------------------------------------
11:59:49.121 [Test worker] DEBUG net.thucydides.core.steps.ConsoleLoggingListener - RELATED ISSUES: 
11:59:49.234 [Test worker] ERROR net.thucydides.core.steps.ConsoleLoggingListener - TEST FAILED AT STEP Then Se obtiene la respuesta de la ejecucion del json
11:59:49.234 [Test worker] ERROR net.thucydides.core.steps.ConsoleLoggingListener - Finaliza de manera Exitosa la automatizacionExpected: "Exitoso" but: was "Fallido"
]]></system-out>
  <system-err><![CDATA[]]></system-err>
</testsuite>
