<?xml version="1.0" encoding="UTF-8"?>
<testsuite name="Sanity Merlin Json" tests="1" skipped="0" failures="0" errors="0" timestamp="2022-05-13T13:26:37" hostname="22LAP5CD1195R94" time="83.613">
  <properties/>
  <testcase name="se requiere ejecutar el Json" classname="Sanity Merlin Json" time="83.613"/>
  <system-out><![CDATA[08:26:39.134 [Test worker] DEBUG org.apache.http.impl.conn.BasicClientConnectionManager - Get connection for route {}->http://10.69.42.60:8089
08:26:39.152 [Test worker] DEBUG org.apache.http.impl.conn.DefaultClientConnectionOperator - Connecting to 10.69.42.60:8089
08:26:39.184 [Test worker] DEBUG org.apache.http.client.protocol.RequestAddCookies - CookieSpec selected: ignoreCookies
08:26:39.184 [Test worker] DEBUG org.apache.http.client.protocol.RequestAuthCache - Auth cache not set in the context
08:26:39.184 [Test worker] DEBUG org.apache.http.client.protocol.RequestTargetAuthentication - Target auth state: UNCHALLENGED
08:26:39.199 [Test worker] DEBUG org.apache.http.client.protocol.RequestProxyAuthentication - Proxy auth state: UNCHALLENGED
08:26:39.199 [Test worker] DEBUG org.apache.http.impl.client.DefaultHttpClient - Attempt 1 to execute request
08:26:39.199 [Test worker] DEBUG org.apache.http.impl.conn.DefaultClientConnection - Sending request: POST /api/authenticate-api HTTP/1.1
08:26:39.199 [Test worker] DEBUG org.apache.http.wire -  >> "POST /api/authenticate-api HTTP/1.1[\r][\n]"
08:26:39.199 [Test worker] DEBUG org.apache.http.wire -  >> "Accept: */*[\r][\n]"
08:26:39.199 [Test worker] DEBUG org.apache.http.wire -  >> "Content-Type: application/json; charset=UTF-8[\r][\n]"
08:26:39.199 [Test worker] DEBUG org.apache.http.wire -  >> "Content-Length: 56[\r][\n]"
08:26:39.199 [Test worker] DEBUG org.apache.http.wire -  >> "Host: 10.69.42.60:8089[\r][\n]"
08:26:39.199 [Test worker] DEBUG org.apache.http.wire -  >> "Connection: Keep-Alive[\r][\n]"
08:26:39.199 [Test worker] DEBUG org.apache.http.wire -  >> "User-Agent: Apache-HttpClient/4.5.9 (Java/1.8.0_301)[\r][\n]"
08:26:39.199 [Test worker] DEBUG org.apache.http.wire -  >> "Accept-Encoding: gzip,deflate[\r][\n]"
08:26:39.199 [Test worker] DEBUG org.apache.http.wire -  >> "[\r][\n]"
08:26:39.199 [Test worker] DEBUG org.apache.http.headers - >> POST /api/authenticate-api HTTP/1.1
08:26:39.199 [Test worker] DEBUG org.apache.http.headers - >> Accept: */*
08:26:39.199 [Test worker] DEBUG org.apache.http.headers - >> Content-Type: application/json; charset=UTF-8
08:26:39.199 [Test worker] DEBUG org.apache.http.headers - >> Content-Length: 56
08:26:39.199 [Test worker] DEBUG org.apache.http.headers - >> Host: 10.69.42.60:8089
08:26:39.199 [Test worker] DEBUG org.apache.http.headers - >> Connection: Keep-Alive
08:26:39.199 [Test worker] DEBUG org.apache.http.headers - >> User-Agent: Apache-HttpClient/4.5.9 (Java/1.8.0_301)
08:26:39.199 [Test worker] DEBUG org.apache.http.headers - >> Accept-Encoding: gzip,deflate
08:26:39.199 [Test worker] DEBUG org.apache.http.wire -  >> "{"password":"OrlandoDar.12*","username":"Orlando.Pautt"}"
08:26:39.351 [Test worker] DEBUG org.apache.http.wire -  << "HTTP/1.1 200 [\r][\n]"
08:26:39.351 [Test worker] DEBUG org.apache.http.wire -  << "Vary: Origin[\r][\n]"
08:26:39.351 [Test worker] DEBUG org.apache.http.wire -  << "Vary: Access-Control-Request-Method[\r][\n]"
08:26:39.351 [Test worker] DEBUG org.apache.http.wire -  << "Vary: Access-Control-Request-Headers[\r][\n]"
08:26:39.351 [Test worker] DEBUG org.apache.http.wire -  << "Vary: Origin[\r][\n]"
08:26:39.351 [Test worker] DEBUG org.apache.http.wire -  << "Vary: Access-Control-Request-Method[\r][\n]"
08:26:39.351 [Test worker] DEBUG org.apache.http.wire -  << "Vary: Access-Control-Request-Headers[\r][\n]"
08:26:39.351 [Test worker] DEBUG org.apache.http.wire -  << "X-Content-Type-Options: nosniff[\r][\n]"
08:26:39.351 [Test worker] DEBUG org.apache.http.wire -  << "X-XSS-Protection: 1; mode=block[\r][\n]"
08:26:39.351 [Test worker] DEBUG org.apache.http.wire -  << "Cache-Control: no-cache, no-store, max-age=0, must-revalidate[\r][\n]"
08:26:39.351 [Test worker] DEBUG org.apache.http.wire -  << "Pragma: no-cache[\r][\n]"
08:26:39.351 [Test worker] DEBUG org.apache.http.wire -  << "Expires: 0[\r][\n]"
08:26:39.351 [Test worker] DEBUG org.apache.http.wire -  << "X-Frame-Options: DENY[\r][\n]"
08:26:39.351 [Test worker] DEBUG org.apache.http.wire -  << "Content-Type: application/json[\r][\n]"
08:26:39.351 [Test worker] DEBUG org.apache.http.wire -  << "Transfer-Encoding: chunked[\r][\n]"
08:26:39.351 [Test worker] DEBUG org.apache.http.wire -  << "Date: Fri, 13 May 2022 12:55:20 GMT[\r][\n]"
08:26:39.351 [Test worker] DEBUG org.apache.http.wire -  << "Keep-Alive: timeout=60[\r][\n]"
08:26:39.351 [Test worker] DEBUG org.apache.http.wire -  << "Connection: keep-alive[\r][\n]"
08:26:39.351 [Test worker] DEBUG org.apache.http.wire -  << "[\r][\n]"
08:26:39.351 [Test worker] DEBUG org.apache.http.impl.conn.DefaultClientConnection - Receiving response: HTTP/1.1 200 
08:26:39.351 [Test worker] DEBUG org.apache.http.headers - << HTTP/1.1 200 
08:26:39.351 [Test worker] DEBUG org.apache.http.headers - << Vary: Origin
08:26:39.351 [Test worker] DEBUG org.apache.http.headers - << Vary: Access-Control-Request-Method
08:26:39.351 [Test worker] DEBUG org.apache.http.headers - << Vary: Access-Control-Request-Headers
08:26:39.351 [Test worker] DEBUG org.apache.http.headers - << Vary: Origin
08:26:39.351 [Test worker] DEBUG org.apache.http.headers - << Vary: Access-Control-Request-Method
08:26:39.351 [Test worker] DEBUG org.apache.http.headers - << Vary: Access-Control-Request-Headers
08:26:39.351 [Test worker] DEBUG org.apache.http.headers - << X-Content-Type-Options: nosniff
08:26:39.351 [Test worker] DEBUG org.apache.http.headers - << X-XSS-Protection: 1; mode=block
08:26:39.351 [Test worker] DEBUG org.apache.http.headers - << Cache-Control: no-cache, no-store, max-age=0, must-revalidate
08:26:39.351 [Test worker] DEBUG org.apache.http.headers - << Pragma: no-cache
08:26:39.351 [Test worker] DEBUG org.apache.http.headers - << Expires: 0
08:26:39.351 [Test worker] DEBUG org.apache.http.headers - << X-Frame-Options: DENY
08:26:39.351 [Test worker] DEBUG org.apache.http.headers - << Content-Type: application/json
08:26:39.351 [Test worker] DEBUG org.apache.http.headers - << Transfer-Encoding: chunked
08:26:39.351 [Test worker] DEBUG org.apache.http.headers - << Date: Fri, 13 May 2022 12:55:20 GMT
08:26:39.351 [Test worker] DEBUG org.apache.http.headers - << Keep-Alive: timeout=60
08:26:39.351 [Test worker] DEBUG org.apache.http.headers - << Connection: keep-alive
08:26:39.367 [Test worker] DEBUG org.apache.http.impl.client.DefaultHttpClient - Connection can be kept alive for 60000 MILLISECONDS
08:26:39.367 [Test worker] DEBUG io.restassured.internal.RequestSpecificationImpl$RestAssuredHttpBuilder - Parsing response as: application/json
08:26:39.367 [Test worker] DEBUG io.restassured.internal.RequestSpecificationImpl$RestAssuredHttpBuilder - Parsed data to instance of: class org.apache.http.conn.EofSensorInputStream
08:26:39.431 [Test worker] DEBUG org.apache.http.wire -  << "e6[\r][\n]"
08:26:39.431 [Test worker] DEBUG org.apache.http.wire -  << "{"role":"Automatizador","rights":"automatizar","username":"Orlando.Pautt","token":"eyJhbGciOiJIUzI1NiJ9.eyJzdWIiOiJPcmxhbmRvLlBhdXR0QVBJIiwiZXhwIjoxNjUyNDgyNTIwLCJpYXQiOjE2NTI0NDY1MjB9.Lcq1CPDYQBdnqnuEuNLeNyCj3XQYWS7-KpjGpLL351g"}"
08:26:39.431 [Test worker] DEBUG org.apache.http.wire -  << "[\r][\n]"
08:26:39.431 [Test worker] DEBUG org.apache.http.wire -  << "0[\r][\n]"
08:26:39.431 [Test worker] DEBUG org.apache.http.wire -  << "[\r][\n]"
08:26:39.431 [Test worker] DEBUG org.apache.http.impl.conn.BasicClientConnectionManager - Releasing connection org.apache.http.impl.conn.ManagedClientConnectionImpl@1e72917a
08:26:39.431 [Test worker] DEBUG org.apache.http.impl.conn.BasicClientConnectionManager - Connection can be kept alive for 60000 MILLISECONDS


Se ejecuta API de Generacion del Token


08:26:39.435 [Test worker] DEBUG org.apache.http.impl.conn.BasicClientConnectionManager - Get connection for route {}->http://10.69.42.60:8089
08:26:39.435 [Test worker] DEBUG org.apache.http.impl.conn.DefaultClientConnectionOperator - Connecting to 10.69.42.60:8089
08:26:39.465 [Test worker] DEBUG org.apache.http.client.protocol.RequestAddCookies - CookieSpec selected: ignoreCookies
08:26:39.465 [Test worker] DEBUG org.apache.http.client.protocol.RequestAuthCache - Auth cache not set in the context
08:26:39.465 [Test worker] DEBUG org.apache.http.client.protocol.RequestTargetAuthentication - Target auth state: UNCHALLENGED
08:26:39.465 [Test worker] DEBUG org.apache.http.client.protocol.RequestProxyAuthentication - Proxy auth state: UNCHALLENGED
08:26:39.465 [Test worker] DEBUG org.apache.http.impl.client.DefaultHttpClient - Attempt 1 to execute request
08:26:39.465 [Test worker] DEBUG org.apache.http.impl.conn.DefaultClientConnection - Sending request: POST /api/authenticate-api HTTP/1.1
08:26:39.465 [Test worker] DEBUG org.apache.http.wire -  >> "POST /api/authenticate-api HTTP/1.1[\r][\n]"
08:26:39.465 [Test worker] DEBUG org.apache.http.wire -  >> "Accept: */*[\r][\n]"
08:26:39.465 [Test worker] DEBUG org.apache.http.wire -  >> "Content-Type: application/json; charset=UTF-8[\r][\n]"
08:26:39.465 [Test worker] DEBUG org.apache.http.wire -  >> "Content-Length: 69[\r][\n]"
08:26:39.465 [Test worker] DEBUG org.apache.http.wire -  >> "Host: 10.69.42.60:8089[\r][\n]"
08:26:39.465 [Test worker] DEBUG org.apache.http.wire -  >> "Connection: Keep-Alive[\r][\n]"
08:26:39.465 [Test worker] DEBUG org.apache.http.wire -  >> "User-Agent: Apache-HttpClient/4.5.9 (Java/1.8.0_301)[\r][\n]"
08:26:39.465 [Test worker] DEBUG org.apache.http.wire -  >> "Accept-Encoding: gzip,deflate[\r][\n]"
08:26:39.465 [Test worker] DEBUG org.apache.http.wire -  >> "[\r][\n]"
08:26:39.465 [Test worker] DEBUG org.apache.http.headers - >> POST /api/authenticate-api HTTP/1.1
08:26:39.465 [Test worker] DEBUG org.apache.http.headers - >> Accept: */*
08:26:39.465 [Test worker] DEBUG org.apache.http.headers - >> Content-Type: application/json; charset=UTF-8
08:26:39.465 [Test worker] DEBUG org.apache.http.headers - >> Content-Length: 69
08:26:39.465 [Test worker] DEBUG org.apache.http.headers - >> Host: 10.69.42.60:8089
08:26:39.465 [Test worker] DEBUG org.apache.http.headers - >> Connection: Keep-Alive
08:26:39.465 [Test worker] DEBUG org.apache.http.headers - >> User-Agent: Apache-HttpClient/4.5.9 (Java/1.8.0_301)
08:26:39.481 [Test worker] DEBUG org.apache.http.headers - >> Accept-Encoding: gzip,deflate
08:26:39.481 [Test worker] DEBUG org.apache.http.wire -  >> "{[\n]"
08:26:39.481 [Test worker] DEBUG org.apache.http.wire -  >> "    "username": "Orlando.Pautt",[\n]"
08:26:39.481 [Test worker] DEBUG org.apache.http.wire -  >> "    "password": "OrlandoDar.12*"[\n]"
08:26:39.481 [Test worker] DEBUG org.apache.http.wire -  >> "}"
08:26:39.638 [Test worker] DEBUG org.apache.http.wire -  << "HTTP/1.1 200 [\r][\n]"
08:26:39.639 [Test worker] DEBUG org.apache.http.wire -  << "Vary: Origin[\r][\n]"
08:26:39.639 [Test worker] DEBUG org.apache.http.wire -  << "Vary: Access-Control-Request-Method[\r][\n]"
08:26:39.639 [Test worker] DEBUG org.apache.http.wire -  << "Vary: Access-Control-Request-Headers[\r][\n]"
08:26:39.639 [Test worker] DEBUG org.apache.http.wire -  << "Vary: Origin[\r][\n]"
08:26:39.639 [Test worker] DEBUG org.apache.http.wire -  << "Vary: Access-Control-Request-Method[\r][\n]"
08:26:39.639 [Test worker] DEBUG org.apache.http.wire -  << "Vary: Access-Control-Request-Headers[\r][\n]"
08:26:39.639 [Test worker] DEBUG org.apache.http.wire -  << "X-Content-Type-Options: nosniff[\r][\n]"
08:26:39.639 [Test worker] DEBUG org.apache.http.wire -  << "X-XSS-Protection: 1; mode=block[\r][\n]"
08:26:39.639 [Test worker] DEBUG org.apache.http.wire -  << "Cache-Control: no-cache, no-store, max-age=0, must-revalidate[\r][\n]"
08:26:39.639 [Test worker] DEBUG org.apache.http.wire -  << "Pragma: no-cache[\r][\n]"
08:26:39.639 [Test worker] DEBUG org.apache.http.wire -  << "Expires: 0[\r][\n]"
08:26:39.639 [Test worker] DEBUG org.apache.http.wire -  << "X-Frame-Options: DENY[\r][\n]"
08:26:39.639 [Test worker] DEBUG org.apache.http.wire -  << "Content-Type: application/json[\r][\n]"
08:26:39.639 [Test worker] DEBUG org.apache.http.wire -  << "Transfer-Encoding: chunked[\r][\n]"
08:26:39.639 [Test worker] DEBUG org.apache.http.wire -  << "Date: Fri, 13 May 2022 12:55:20 GMT[\r][\n]"
08:26:39.639 [Test worker] DEBUG org.apache.http.wire -  << "Keep-Alive: timeout=60[\r][\n]"
08:26:39.639 [Test worker] DEBUG org.apache.http.wire -  << "Connection: keep-alive[\r][\n]"
08:26:39.639 [Test worker] DEBUG org.apache.http.wire -  << "[\r][\n]"
08:26:39.639 [Test worker] DEBUG org.apache.http.impl.conn.DefaultClientConnection - Receiving response: HTTP/1.1 200 
08:26:39.639 [Test worker] DEBUG org.apache.http.headers - << HTTP/1.1 200 
08:26:39.639 [Test worker] DEBUG org.apache.http.headers - << Vary: Origin
08:26:39.639 [Test worker] DEBUG org.apache.http.headers - << Vary: Access-Control-Request-Method
08:26:39.639 [Test worker] DEBUG org.apache.http.headers - << Vary: Access-Control-Request-Headers
08:26:39.639 [Test worker] DEBUG org.apache.http.headers - << Vary: Origin
08:26:39.640 [Test worker] DEBUG org.apache.http.headers - << Vary: Access-Control-Request-Method
08:26:39.640 [Test worker] DEBUG org.apache.http.headers - << Vary: Access-Control-Request-Headers
08:26:39.640 [Test worker] DEBUG org.apache.http.headers - << X-Content-Type-Options: nosniff
08:26:39.640 [Test worker] DEBUG org.apache.http.headers - << X-XSS-Protection: 1; mode=block
08:26:39.640 [Test worker] DEBUG org.apache.http.headers - << Cache-Control: no-cache, no-store, max-age=0, must-revalidate
08:26:39.640 [Test worker] DEBUG org.apache.http.headers - << Pragma: no-cache
08:26:39.640 [Test worker] DEBUG org.apache.http.headers - << Expires: 0
08:26:39.640 [Test worker] DEBUG org.apache.http.headers - << X-Frame-Options: DENY
08:26:39.640 [Test worker] DEBUG org.apache.http.headers - << Content-Type: application/json
08:26:39.640 [Test worker] DEBUG org.apache.http.headers - << Transfer-Encoding: chunked
08:26:39.640 [Test worker] DEBUG org.apache.http.headers - << Date: Fri, 13 May 2022 12:55:20 GMT
08:26:39.640 [Test worker] DEBUG org.apache.http.headers - << Keep-Alive: timeout=60
08:26:39.640 [Test worker] DEBUG org.apache.http.headers - << Connection: keep-alive
08:26:39.640 [Test worker] DEBUG org.apache.http.impl.client.DefaultHttpClient - Connection can be kept alive for 60000 MILLISECONDS
08:26:39.641 [Test worker] DEBUG io.restassured.internal.RequestSpecificationImpl$RestAssuredHttpBuilder - Parsing response as: application/json
08:26:39.641 [Test worker] DEBUG io.restassured.internal.RequestSpecificationImpl$RestAssuredHttpBuilder - Parsed data to instance of: class org.apache.http.conn.EofSensorInputStream
08:26:39.642 [Test worker] DEBUG org.apache.http.wire -  << "e6[\r][\n]"
08:26:39.642 [Test worker] DEBUG org.apache.http.wire -  << "{"role":"Automatizador","rights":"automatizar","username":"Orlando.Pautt","token":"eyJhbGciOiJIUzI1NiJ9.eyJzdWIiOiJPcmxhbmRvLlBhdXR0QVBJIiwiZXhwIjoxNjUyNDgyNTIxLCJpYXQiOjE2NTI0NDY1MjF9.SpYMDwuFomyM6qloaLlIk4xkSKurhqC2FxDLq5iHNBc"}"
08:26:39.642 [Test worker] DEBUG org.apache.http.wire -  << "[\r][\n]"
08:26:39.642 [Test worker] DEBUG org.apache.http.wire -  << "0[\r][\n]"
08:26:39.642 [Test worker] DEBUG org.apache.http.wire -  << "[\r][\n]"
08:26:39.642 [Test worker] DEBUG org.apache.http.impl.conn.BasicClientConnectionManager - Releasing connection org.apache.http.impl.conn.ManagedClientConnectionImpl@41df73c4
08:26:39.642 [Test worker] DEBUG org.apache.http.impl.conn.BasicClientConnectionManager - Connection can be kept alive for 60000 MILLISECONDS
08:26:39.706 [Finalizer] DEBUG org.apache.http.impl.conn.DefaultClientConnection - Connection 0.0.0.0:50390<->10.69.42.60:8089 closed
08:26:39.706 [Finalizer] DEBUG org.apache.http.impl.conn.DefaultClientConnection - Connection 0.0.0.0:50388<->10.69.42.60:8089 closed


Se ejecuta API AutomatizaciÃ³n


08:26:40.126 [Test worker] DEBUG org.apache.http.impl.conn.BasicClientConnectionManager - Get connection for route {}->http://10.69.42.60:8089
08:26:40.126 [Test worker] DEBUG org.apache.http.impl.conn.DefaultClientConnectionOperator - Connecting to 10.69.42.60:8089
08:26:40.148 [Test worker] DEBUG org.apache.http.client.protocol.RequestAddCookies - CookieSpec selected: ignoreCookies
08:26:40.148 [Test worker] DEBUG org.apache.http.client.protocol.RequestAuthCache - Auth cache not set in the context
08:26:40.148 [Test worker] DEBUG org.apache.http.client.protocol.RequestProxyAuthentication - Proxy auth state: UNCHALLENGED
08:26:40.148 [Test worker] DEBUG org.apache.http.impl.client.DefaultHttpClient - Attempt 1 to execute request
08:26:40.148 [Test worker] DEBUG org.apache.http.impl.conn.DefaultClientConnection - Sending request: POST /api/external-automation HTTP/1.1
08:26:40.148 [Test worker] DEBUG org.apache.http.wire -  >> "POST /api/external-automation HTTP/1.1[\r][\n]"
08:26:40.148 [Test worker] DEBUG org.apache.http.wire -  >> "Authorization: Bearer eyJhbGciOiJIUzI1NiJ9.eyJzdWIiOiJPcmxhbmRvLlBhdXR0QVBJIiwiZXhwIjoxNjUyNDgyNTIxLCJpYXQiOjE2NTI0NDY1MjF9.SpYMDwuFomyM6qloaLlIk4xkSKurhqC2FxDLq5iHNBc[\r][\n]"
08:26:40.148 [Test worker] DEBUG org.apache.http.wire -  >> "Accept: */*[\r][\n]"
08:26:40.148 [Test worker] DEBUG org.apache.http.wire -  >> "Content-Type: application/json; charset=UTF-8[\r][\n]"
08:26:40.148 [Test worker] DEBUG org.apache.http.wire -  >> "Content-Length: 2809[\r][\n]"
08:26:40.148 [Test worker] DEBUG org.apache.http.wire -  >> "Host: 10.69.42.60:8089[\r][\n]"
08:26:40.148 [Test worker] DEBUG org.apache.http.wire -  >> "Connection: Keep-Alive[\r][\n]"
08:26:40.148 [Test worker] DEBUG org.apache.http.wire -  >> "User-Agent: Apache-HttpClient/4.5.9 (Java/1.8.0_301)[\r][\n]"
08:26:40.148 [Test worker] DEBUG org.apache.http.wire -  >> "Accept-Encoding: gzip,deflate[\r][\n]"
08:26:40.148 [Test worker] DEBUG org.apache.http.wire -  >> "[\r][\n]"
08:26:40.148 [Test worker] DEBUG org.apache.http.headers - >> POST /api/external-automation HTTP/1.1
08:26:40.148 [Test worker] DEBUG org.apache.http.headers - >> Authorization: Bearer eyJhbGciOiJIUzI1NiJ9.eyJzdWIiOiJPcmxhbmRvLlBhdXR0QVBJIiwiZXhwIjoxNjUyNDgyNTIxLCJpYXQiOjE2NTI0NDY1MjF9.SpYMDwuFomyM6qloaLlIk4xkSKurhqC2FxDLq5iHNBc
08:26:40.148 [Test worker] DEBUG org.apache.http.headers - >> Accept: */*
08:26:40.148 [Test worker] DEBUG org.apache.http.headers - >> Content-Type: application/json; charset=UTF-8
08:26:40.148 [Test worker] DEBUG org.apache.http.headers - >> Content-Length: 2809
08:26:40.148 [Test worker] DEBUG org.apache.http.headers - >> Host: 10.69.42.60:8089
08:26:40.148 [Test worker] DEBUG org.apache.http.headers - >> Connection: Keep-Alive
08:26:40.148 [Test worker] DEBUG org.apache.http.headers - >> User-Agent: Apache-HttpClient/4.5.9 (Java/1.8.0_301)
08:26:40.148 [Test worker] DEBUG org.apache.http.headers - >> Accept-Encoding: gzip,deflate
08:26:40.148 [Test worker] DEBUG org.apache.http.wire -  >> "{[\n]"
08:26:40.148 [Test worker] DEBUG org.apache.http.wire -  >> "    "contentFeature": [[\n]"
08:26:40.148 [Test worker] DEBUG org.apache.http.wire -  >> "        "Feature: Consultar Estado de Linea\n\n   Scenario Outline: Consultar Estado de Line\n\tGiven Deseo navegar a la pagina <urlCrm>\n    And Ingreso rapidamente <userCrm> en el campo \"User\"\n    And Ingreso rapidamente <passCrm> en el campo \"Password\"\n    And Doy click en \"Submit\"\n    And Espero que la pagina cargue\n    When Doy click en \"Consultas\"\n    And Espero que la pagina cargue\n    And Selecciono en el arbol la opcion <postventa>\n    And Selecciono en el arbol la opcion <integral>\n    And Doy click en \"Nueva pantalla unica\"\n    And Espero <tiempoEspera> segundos\n    And Espero que el iFrame \"transaccion crm portal\" cargue\n    And Cargo la pagina interna \"transaccion crm portal\"\n    And Ingreso rapidamente <msisdn> en el campo \"Msisdn\"\n    Then Doy click en \"Buscar\"\n    And Espero que la pagina cargue\n    And Valido que valor del campo \"label tipo\" sea <tipo>\n    And Valido que valor del campo \"estado linea\" sea <estadoLinea>\n\tAnd Doy click en \"Activacion\"\n\tAnd Doy click en \"Impreso HLR\"\n\tAnd Espero <tiempoEsperaFinal> segundos\n\tAnd Modifico el atributo <atributo> del campo \"HLR\" por <valorAtributo>\n\tAnd Capturo con scroll la informacion completa de la pagina\n    And Doy click en \"Prepago\"\n\tAnd Doy click en \"Resumen\"\n\tAnd Espero <tiempoEsperaFinal> segundos\n\tAnd Capturo con scroll la informacion completa de la pagina\n\n Examples:\n|urlCrm|userCrm|passCrm|postventa|integral|tiempoEspera|msisdn|tipo|estadoLinea|tiempoEsperaFinal|atributo|valorAtributo|\n|\"http://10.69.60.140:8280/portal/CRMPortal\"|\"SM1152457543\"|\"Tigo.2020*\"|\"Consulta Posventa\"|\"Consulta Integral\"|\"3\"|\"3015169697\"|\"Prepago\"|\"Activo\"|\"5\"|\"style\"|\"height: 4777px\"|\n"[\n]"
08:26:40.148 [Test worker] DEBUG org.apache.http.wire -  >> "    ],[\n]"
08:26:40.148 [Test worker] DEBUG org.apache.http.wire -  >> "    "nameFeature": [[\n]"
08:26:40.148 [Test worker] DEBUG org.apache.http.wire -  >> "        "ESC001_ Consultar Estado de Linea"[\n]"
08:26:40.148 [Test worker] DEBUG org.apache.http.wire -  >> "    ],[\n]"
08:26:40.148 [Test worker] DEBUG org.apache.http.wire -  >> "    "contentProperties": [[\n]"
08:26:40.148 [Test worker] DEBUG org.apache.http.wire -  >> "        "|User=id:username|Password=id:password|Submit=name:login|Consultas=linkText:Consultas|Nueva pantalla unica=linkText:Nueva Pantalla Unica Clientes|transaccion crm portal=id:iframe|Msisdn=xpath://*[@id='j_id15:j_id26']|Buscar=//*[@id='j_id15:j_id27']|label tipo=id:j_id135:j_id166|estado linea=//*[@id='j_id135:j_id183']|Activacion=id:j_id373:menu:j_id374:j_id421|Impreso HLR=id:j_id373:menu:j_id374:j_id421:j_id424:icn|HLR=//textarea[@class='iceInpTxtArea' and contains(.,'HLR')]|Prepago=id:j_id373:menu:j_id374:j_id376|Resumen=id:j_id373:menu:j_id374:j_id376:j_id377:icn|"[\n]"
08:26:40.148 [Test worker] DEBUG org.apache.http.wire -  >> "    ],[\n]"
08:26:40.148 [Test worker] DEBUG org.apache.http.wire -  >> "    "allowsTrace": "0",[\n]"
08:26:40.148 [Test worker] DEBUG org.apache.http.wire -  >> "    "browser": "chrome",[\n]"
08:26:40.148 [Test worker] DEBUG org.apache.http.wire -  >> "    "aplicationType": [[\n]"
08:26:40.148 [Test worker] DEBUG org.apache.http.wire -  >> "        "Web"[\n]"
08:26:40.148 [Test worker] DEBUG org.apache.http.wire -  >> "    ],[\n]"
08:26:40.148 [Test worker] DEBUG org.apache.http.wire -  >> "    "aplication": [[\n]"
08:26:40.148 [Test worker] DEBUG org.apache.http.wire -  >> "        "CRM"[\n]"
08:26:40.148 [Test worker] DEBUG org.apache.http.wire -  >> "    ],[\n]"
08:26:40.148 [Test worker] DEBUG org.apache.http.wire -  >> "    "process": [[\n]"
08:26:40.148 [Test worker] DEBUG org.apache.http.wire -  >> "        " Consultar Estado de Linea"[\n]"
08:26:40.148 [Test worker] DEBUG org.apache.http.wire -  >> "    ],[\n]"
08:26:40.148 [Test worker] DEBUG org.apache.http.wire -  >> "    "iterations": [[\n]"
08:26:40.148 [Test worker] DEBUG org.apache.http.wire -  >> "        1[\n]"
08:26:40.148 [Test worker] DEBUG org.apache.http.wire -  >> "    ],[\n]"
08:26:40.163 [Test worker] DEBUG org.apache.http.wire -  >> "    "appTypeToValidate": [[\n]"
08:26:40.164 [Test worker] DEBUG org.apache.http.wire -  >> "        "1"[\n]"
08:26:40.164 [Test worker] DEBUG org.apache.http.wire -  >> "    ],[\n]"
08:26:40.164 [Test worker] DEBUG org.apache.http.wire -  >> "    "testError": false,[\n]"
08:26:40.164 [Test worker] DEBUG org.apache.http.wire -  >> "    "stopExecution":false[\n]"
08:26:40.164 [Test worker] DEBUG org.apache.http.wire -  >> "}"
08:26:40.226 [Test worker] DEBUG org.apache.http.wire -  << "HTTP/1.1 200 [\r][\n]"
08:26:40.226 [Test worker] DEBUG org.apache.http.wire -  << "Vary: Origin[\r][\n]"
08:26:40.226 [Test worker] DEBUG org.apache.http.wire -  << "Vary: Access-Control-Request-Method[\r][\n]"
08:26:40.226 [Test worker] DEBUG org.apache.http.wire -  << "Vary: Access-Control-Request-Headers[\r][\n]"
08:26:40.226 [Test worker] DEBUG org.apache.http.wire -  << "X-Content-Type-Options: nosniff[\r][\n]"
08:26:40.226 [Test worker] DEBUG org.apache.http.wire -  << "X-XSS-Protection: 1; mode=block[\r][\n]"
08:26:40.226 [Test worker] DEBUG org.apache.http.wire -  << "Cache-Control: no-cache, no-store, max-age=0, must-revalidate[\r][\n]"
08:26:40.226 [Test worker] DEBUG org.apache.http.wire -  << "Pragma: no-cache[\r][\n]"
08:26:40.226 [Test worker] DEBUG org.apache.http.wire -  << "Expires: 0[\r][\n]"
08:26:40.226 [Test worker] DEBUG org.apache.http.wire -  << "X-Frame-Options: DENY[\r][\n]"
08:26:40.226 [Test worker] DEBUG org.apache.http.wire -  << "Content-Type: application/json[\r][\n]"
08:26:40.226 [Test worker] DEBUG org.apache.http.wire -  << "Transfer-Encoding: chunked[\r][\n]"
08:26:40.226 [Test worker] DEBUG org.apache.http.wire -  << "Date: Fri, 13 May 2022 12:55:20 GMT[\r][\n]"
08:26:40.226 [Test worker] DEBUG org.apache.http.wire -  << "Keep-Alive: timeout=60[\r][\n]"
08:26:40.226 [Test worker] DEBUG org.apache.http.wire -  << "Connection: keep-alive[\r][\n]"
08:26:40.226 [Test worker] DEBUG org.apache.http.wire -  << "[\r][\n]"
08:26:40.226 [Test worker] DEBUG org.apache.http.impl.conn.DefaultClientConnection - Receiving response: HTTP/1.1 200 
08:26:40.226 [Test worker] DEBUG org.apache.http.headers - << HTTP/1.1 200 
08:26:40.226 [Test worker] DEBUG org.apache.http.headers - << Vary: Origin
08:26:40.226 [Test worker] DEBUG org.apache.http.headers - << Vary: Access-Control-Request-Method
08:26:40.226 [Test worker] DEBUG org.apache.http.headers - << Vary: Access-Control-Request-Headers
08:26:40.226 [Test worker] DEBUG org.apache.http.headers - << X-Content-Type-Options: nosniff
08:26:40.226 [Test worker] DEBUG org.apache.http.headers - << X-XSS-Protection: 1; mode=block
08:26:40.226 [Test worker] DEBUG org.apache.http.headers - << Cache-Control: no-cache, no-store, max-age=0, must-revalidate
08:26:40.226 [Test worker] DEBUG org.apache.http.headers - << Pragma: no-cache
08:26:40.226 [Test worker] DEBUG org.apache.http.headers - << Expires: 0
08:26:40.226 [Test worker] DEBUG org.apache.http.headers - << X-Frame-Options: DENY
08:26:40.226 [Test worker] DEBUG org.apache.http.headers - << Content-Type: application/json
08:26:40.226 [Test worker] DEBUG org.apache.http.headers - << Transfer-Encoding: chunked
08:26:40.226 [Test worker] DEBUG org.apache.http.headers - << Date: Fri, 13 May 2022 12:55:20 GMT
08:26:40.226 [Test worker] DEBUG org.apache.http.headers - << Keep-Alive: timeout=60
08:26:40.226 [Test worker] DEBUG org.apache.http.headers - << Connection: keep-alive
08:26:40.226 [Test worker] DEBUG org.apache.http.impl.client.DefaultHttpClient - Connection can be kept alive for 60000 MILLISECONDS
08:26:40.226 [Test worker] DEBUG io.restassured.internal.RequestSpecificationImpl$RestAssuredHttpBuilder - Parsing response as: application/json
08:26:40.226 [Test worker] DEBUG io.restassured.internal.RequestSpecificationImpl$RestAssuredHttpBuilder - Parsed data to instance of: class org.apache.http.conn.EofSensorInputStream
08:26:40.226 [Test worker] DEBUG org.apache.http.wire -  << "35[\r][\n]"
08:26:40.226 [Test worker] DEBUG org.apache.http.wire -  << "{"idexecution":"12503","message":"Execution Pending"}"
08:26:40.226 [Test worker] DEBUG org.apache.http.wire -  << "[\r][\n]"
08:26:40.226 [Test worker] DEBUG org.apache.http.wire -  << "0[\r][\n]"
08:26:40.226 [Test worker] DEBUG org.apache.http.wire -  << "[\r][\n]"
08:26:40.226 [Test worker] DEBUG org.apache.http.impl.conn.BasicClientConnectionManager - Releasing connection org.apache.http.impl.conn.ManagedClientConnectionImpl@149efd5c
08:26:40.226 [Test worker] DEBUG org.apache.http.impl.conn.BasicClientConnectionManager - Connection can be kept alive for 60000 MILLISECONDS


 Se ejecuta API de Consulta de Resultado 


08:26:40.264 [Test worker] DEBUG org.apache.http.impl.conn.BasicClientConnectionManager - Get connection for route {}->http://10.69.42.60:8089
08:26:40.265 [Test worker] DEBUG org.apache.http.impl.conn.DefaultClientConnectionOperator - Connecting to 10.69.42.60:8089
08:26:40.281 [Test worker] DEBUG org.apache.http.client.protocol.RequestAddCookies - CookieSpec selected: ignoreCookies
08:26:40.281 [Test worker] DEBUG org.apache.http.client.protocol.RequestAuthCache - Auth cache not set in the context
08:26:40.281 [Test worker] DEBUG org.apache.http.client.protocol.RequestProxyAuthentication - Proxy auth state: UNCHALLENGED
08:26:40.281 [Test worker] DEBUG org.apache.http.impl.client.DefaultHttpClient - Attempt 1 to execute request
08:26:40.281 [Test worker] DEBUG org.apache.http.impl.conn.DefaultClientConnection - Sending request: GET /api/execution-result?idexecution=12503 HTTP/1.1
08:26:40.281 [Test worker] DEBUG org.apache.http.wire -  >> "GET /api/execution-result?idexecution=12503 HTTP/1.1[\r][\n]"
08:26:40.281 [Test worker] DEBUG org.apache.http.wire -  >> "Content-Type: application/json; charset=UTF-8[\r][\n]"
08:26:40.281 [Test worker] DEBUG org.apache.http.wire -  >> "Authorization: Bearer eyJhbGciOiJIUzI1NiJ9.eyJzdWIiOiJPcmxhbmRvLlBhdXR0QVBJIiwiZXhwIjoxNjUyNDgyNTIxLCJpYXQiOjE2NTI0NDY1MjF9.SpYMDwuFomyM6qloaLlIk4xkSKurhqC2FxDLq5iHNBc[\r][\n]"
08:26:40.281 [Test worker] DEBUG org.apache.http.wire -  >> "Accept: */*[\r][\n]"
08:26:40.281 [Test worker] DEBUG org.apache.http.wire -  >> "Host: 10.69.42.60:8089[\r][\n]"
08:26:40.281 [Test worker] DEBUG org.apache.http.wire -  >> "Connection: Keep-Alive[\r][\n]"
08:26:40.281 [Test worker] DEBUG org.apache.http.wire -  >> "User-Agent: Apache-HttpClient/4.5.9 (Java/1.8.0_301)[\r][\n]"
08:26:40.281 [Test worker] DEBUG org.apache.http.wire -  >> "Accept-Encoding: gzip,deflate[\r][\n]"
08:26:40.281 [Test worker] DEBUG org.apache.http.wire -  >> "[\r][\n]"
08:26:40.281 [Test worker] DEBUG org.apache.http.headers - >> GET /api/execution-result?idexecution=12503 HTTP/1.1
08:26:40.281 [Test worker] DEBUG org.apache.http.headers - >> Content-Type: application/json; charset=UTF-8
08:26:40.281 [Test worker] DEBUG org.apache.http.headers - >> Authorization: Bearer eyJhbGciOiJIUzI1NiJ9.eyJzdWIiOiJPcmxhbmRvLlBhdXR0QVBJIiwiZXhwIjoxNjUyNDgyNTIxLCJpYXQiOjE2NTI0NDY1MjF9.SpYMDwuFomyM6qloaLlIk4xkSKurhqC2FxDLq5iHNBc
08:26:40.281 [Test worker] DEBUG org.apache.http.headers - >> Accept: */*
08:26:40.281 [Test worker] DEBUG org.apache.http.headers - >> Host: 10.69.42.60:8089
08:26:40.281 [Test worker] DEBUG org.apache.http.headers - >> Connection: Keep-Alive
08:26:40.281 [Test worker] DEBUG org.apache.http.headers - >> User-Agent: Apache-HttpClient/4.5.9 (Java/1.8.0_301)
08:26:40.281 [Test worker] DEBUG org.apache.http.headers - >> Accept-Encoding: gzip,deflate
08:26:40.328 [Test worker] DEBUG org.apache.http.wire -  << "HTTP/1.1 200 [\r][\n]"
08:26:40.328 [Test worker] DEBUG org.apache.http.wire -  << "Vary: Origin[\r][\n]"
08:26:40.328 [Test worker] DEBUG org.apache.http.wire -  << "Vary: Access-Control-Request-Method[\r][\n]"
08:26:40.328 [Test worker] DEBUG org.apache.http.wire -  << "Vary: Access-Control-Request-Headers[\r][\n]"
08:26:40.328 [Test worker] DEBUG org.apache.http.wire -  << "Vary: Origin[\r][\n]"
08:26:40.328 [Test worker] DEBUG org.apache.http.wire -  << "Vary: Access-Control-Request-Method[\r][\n]"
08:26:40.328 [Test worker] DEBUG org.apache.http.wire -  << "Vary: Access-Control-Request-Headers[\r][\n]"
08:26:40.328 [Test worker] DEBUG org.apache.http.wire -  << "X-Content-Type-Options: nosniff[\r][\n]"
08:26:40.328 [Test worker] DEBUG org.apache.http.wire -  << "X-XSS-Protection: 1; mode=block[\r][\n]"
08:26:40.328 [Test worker] DEBUG org.apache.http.wire -  << "Cache-Control: no-cache, no-store, max-age=0, must-revalidate[\r][\n]"
08:26:40.328 [Test worker] DEBUG org.apache.http.wire -  << "Pragma: no-cache[\r][\n]"
08:26:40.328 [Test worker] DEBUG org.apache.http.wire -  << "Expires: 0[\r][\n]"
08:26:40.328 [Test worker] DEBUG org.apache.http.wire -  << "X-Frame-Options: DENY[\r][\n]"
08:26:40.328 [Test worker] DEBUG org.apache.http.wire -  << "Content-Type: application/json[\r][\n]"
08:26:40.328 [Test worker] DEBUG org.apache.http.wire -  << "Transfer-Encoding: chunked[\r][\n]"
08:26:40.328 [Test worker] DEBUG org.apache.http.wire -  << "Date: Fri, 13 May 2022 12:55:20 GMT[\r][\n]"
08:26:40.328 [Test worker] DEBUG org.apache.http.wire -  << "Keep-Alive: timeout=60[\r][\n]"
08:26:40.328 [Test worker] DEBUG org.apache.http.wire -  << "Connection: keep-alive[\r][\n]"
08:26:40.328 [Test worker] DEBUG org.apache.http.wire -  << "[\r][\n]"
08:26:40.328 [Test worker] DEBUG org.apache.http.impl.conn.DefaultClientConnection - Receiving response: HTTP/1.1 200 
08:26:40.328 [Test worker] DEBUG org.apache.http.headers - << HTTP/1.1 200 
08:26:40.328 [Test worker] DEBUG org.apache.http.headers - << Vary: Origin
08:26:40.328 [Test worker] DEBUG org.apache.http.headers - << Vary: Access-Control-Request-Method
08:26:40.328 [Test worker] DEBUG org.apache.http.headers - << Vary: Access-Control-Request-Headers
08:26:40.328 [Test worker] DEBUG org.apache.http.headers - << Vary: Origin
08:26:40.328 [Test worker] DEBUG org.apache.http.headers - << Vary: Access-Control-Request-Method
08:26:40.328 [Test worker] DEBUG org.apache.http.headers - << Vary: Access-Control-Request-Headers
08:26:40.328 [Test worker] DEBUG org.apache.http.headers - << X-Content-Type-Options: nosniff
08:26:40.328 [Test worker] DEBUG org.apache.http.headers - << X-XSS-Protection: 1; mode=block
08:26:40.328 [Test worker] DEBUG org.apache.http.headers - << Cache-Control: no-cache, no-store, max-age=0, must-revalidate
08:26:40.328 [Test worker] DEBUG org.apache.http.headers - << Pragma: no-cache
08:26:40.328 [Test worker] DEBUG org.apache.http.headers - << Expires: 0
08:26:40.328 [Test worker] DEBUG org.apache.http.headers - << X-Frame-Options: DENY
08:26:40.328 [Test worker] DEBUG org.apache.http.headers - << Content-Type: application/json
08:26:40.328 [Test worker] DEBUG org.apache.http.headers - << Transfer-Encoding: chunked
08:26:40.328 [Test worker] DEBUG org.apache.http.headers - << Date: Fri, 13 May 2022 12:55:20 GMT
08:26:40.328 [Test worker] DEBUG org.apache.http.headers - << Keep-Alive: timeout=60
08:26:40.328 [Test worker] DEBUG org.apache.http.headers - << Connection: keep-alive
08:26:40.328 [Test worker] DEBUG org.apache.http.impl.client.DefaultHttpClient - Connection can be kept alive for 60000 MILLISECONDS
08:26:40.328 [Test worker] DEBUG io.restassured.internal.RequestSpecificationImpl$RestAssuredHttpBuilder - Parsing response as: application/json
08:26:40.328 [Test worker] DEBUG io.restassured.internal.RequestSpecificationImpl$RestAssuredHttpBuilder - Parsed data to instance of: class org.apache.http.conn.EofSensorInputStream
08:26:40.328 [Test worker] DEBUG org.apache.http.wire -  << "34[\r][\n]"
08:26:40.328 [Test worker] DEBUG org.apache.http.wire -  << "{"result":"Pendiente","executionStatus":"Pendiente"}"
08:26:40.328 [Test worker] DEBUG org.apache.http.wire -  << "[\r][\n]"
08:26:40.328 [Test worker] DEBUG org.apache.http.wire -  << "0[\r][\n]"
08:26:40.328 [Test worker] DEBUG org.apache.http.wire -  << "[\r][\n]"
08:26:40.328 [Test worker] DEBUG org.apache.http.impl.conn.BasicClientConnectionManager - Releasing connection org.apache.http.impl.conn.ManagedClientConnectionImpl@3cfca3ce
08:26:40.328 [Test worker] DEBUG org.apache.http.impl.conn.BasicClientConnectionManager - Connection can be kept alive for 60000 MILLISECONDS


 Se ejecuta API de Consulta de Resultado 


08:26:50.349 [Test worker] DEBUG org.apache.http.impl.conn.BasicClientConnectionManager - Get connection for route {}->http://10.69.42.60:8089
08:26:50.349 [Test worker] DEBUG org.apache.http.impl.conn.DefaultClientConnectionOperator - Connecting to 10.69.42.60:8089
08:26:50.371 [Test worker] DEBUG org.apache.http.client.protocol.RequestAddCookies - CookieSpec selected: ignoreCookies
08:26:50.371 [Test worker] DEBUG org.apache.http.client.protocol.RequestAuthCache - Auth cache not set in the context
08:26:50.371 [Test worker] DEBUG org.apache.http.client.protocol.RequestProxyAuthentication - Proxy auth state: UNCHALLENGED
08:26:50.371 [Test worker] DEBUG org.apache.http.impl.client.DefaultHttpClient - Attempt 1 to execute request
08:26:50.371 [Test worker] DEBUG org.apache.http.impl.conn.DefaultClientConnection - Sending request: GET /api/execution-result?idexecution=12503 HTTP/1.1
08:26:50.371 [Test worker] DEBUG org.apache.http.wire -  >> "GET /api/execution-result?idexecution=12503 HTTP/1.1[\r][\n]"
08:26:50.371 [Test worker] DEBUG org.apache.http.wire -  >> "Content-Type: application/json; charset=UTF-8[\r][\n]"
08:26:50.371 [Test worker] DEBUG org.apache.http.wire -  >> "Authorization: Bearer eyJhbGciOiJIUzI1NiJ9.eyJzdWIiOiJPcmxhbmRvLlBhdXR0QVBJIiwiZXhwIjoxNjUyNDgyNTIxLCJpYXQiOjE2NTI0NDY1MjF9.SpYMDwuFomyM6qloaLlIk4xkSKurhqC2FxDLq5iHNBc[\r][\n]"
08:26:50.371 [Test worker] DEBUG org.apache.http.wire -  >> "Accept: */*[\r][\n]"
08:26:50.371 [Test worker] DEBUG org.apache.http.wire -  >> "Host: 10.69.42.60:8089[\r][\n]"
08:26:50.371 [Test worker] DEBUG org.apache.http.wire -  >> "Connection: Keep-Alive[\r][\n]"
08:26:50.371 [Test worker] DEBUG org.apache.http.wire -  >> "User-Agent: Apache-HttpClient/4.5.9 (Java/1.8.0_301)[\r][\n]"
08:26:50.371 [Test worker] DEBUG org.apache.http.wire -  >> "Accept-Encoding: gzip,deflate[\r][\n]"
08:26:50.371 [Test worker] DEBUG org.apache.http.wire -  >> "[\r][\n]"
08:26:50.371 [Test worker] DEBUG org.apache.http.headers - >> GET /api/execution-result?idexecution=12503 HTTP/1.1
08:26:50.371 [Test worker] DEBUG org.apache.http.headers - >> Content-Type: application/json; charset=UTF-8
08:26:50.371 [Test worker] DEBUG org.apache.http.headers - >> Authorization: Bearer eyJhbGciOiJIUzI1NiJ9.eyJzdWIiOiJPcmxhbmRvLlBhdXR0QVBJIiwiZXhwIjoxNjUyNDgyNTIxLCJpYXQiOjE2NTI0NDY1MjF9.SpYMDwuFomyM6qloaLlIk4xkSKurhqC2FxDLq5iHNBc
08:26:50.371 [Test worker] DEBUG org.apache.http.headers - >> Accept: */*
08:26:50.371 [Test worker] DEBUG org.apache.http.headers - >> Host: 10.69.42.60:8089
08:26:50.371 [Test worker] DEBUG org.apache.http.headers - >> Connection: Keep-Alive
08:26:50.371 [Test worker] DEBUG org.apache.http.headers - >> User-Agent: Apache-HttpClient/4.5.9 (Java/1.8.0_301)
08:26:50.371 [Test worker] DEBUG org.apache.http.headers - >> Accept-Encoding: gzip,deflate
08:26:50.418 [Test worker] DEBUG org.apache.http.wire -  << "HTTP/1.1 200 [\r][\n]"
08:26:50.418 [Test worker] DEBUG org.apache.http.wire -  << "Vary: Origin[\r][\n]"
08:26:50.418 [Test worker] DEBUG org.apache.http.wire -  << "Vary: Access-Control-Request-Method[\r][\n]"
08:26:50.418 [Test worker] DEBUG org.apache.http.wire -  << "Vary: Access-Control-Request-Headers[\r][\n]"
08:26:50.418 [Test worker] DEBUG org.apache.http.wire -  << "Vary: Origin[\r][\n]"
08:26:50.418 [Test worker] DEBUG org.apache.http.wire -  << "Vary: Access-Control-Request-Method[\r][\n]"
08:26:50.418 [Test worker] DEBUG org.apache.http.wire -  << "Vary: Access-Control-Request-Headers[\r][\n]"
08:26:50.418 [Test worker] DEBUG org.apache.http.wire -  << "X-Content-Type-Options: nosniff[\r][\n]"
08:26:50.418 [Test worker] DEBUG org.apache.http.wire -  << "X-XSS-Protection: 1; mode=block[\r][\n]"
08:26:50.418 [Test worker] DEBUG org.apache.http.wire -  << "Cache-Control: no-cache, no-store, max-age=0, must-revalidate[\r][\n]"
08:26:50.418 [Test worker] DEBUG org.apache.http.wire -  << "Pragma: no-cache[\r][\n]"
08:26:50.418 [Test worker] DEBUG org.apache.http.wire -  << "Expires: 0[\r][\n]"
08:26:50.418 [Test worker] DEBUG org.apache.http.wire -  << "X-Frame-Options: DENY[\r][\n]"
08:26:50.418 [Test worker] DEBUG org.apache.http.wire -  << "Content-Type: application/json[\r][\n]"
08:26:50.418 [Test worker] DEBUG org.apache.http.wire -  << "Transfer-Encoding: chunked[\r][\n]"
08:26:50.418 [Test worker] DEBUG org.apache.http.wire -  << "Date: Fri, 13 May 2022 12:55:31 GMT[\r][\n]"
08:26:50.418 [Test worker] DEBUG org.apache.http.wire -  << "Keep-Alive: timeout=60[\r][\n]"
08:26:50.418 [Test worker] DEBUG org.apache.http.wire -  << "Connection: keep-alive[\r][\n]"
08:26:50.418 [Test worker] DEBUG org.apache.http.wire -  << "[\r][\n]"
08:26:50.418 [Test worker] DEBUG org.apache.http.impl.conn.DefaultClientConnection - Receiving response: HTTP/1.1 200 
08:26:50.418 [Test worker] DEBUG org.apache.http.headers - << HTTP/1.1 200 
08:26:50.418 [Test worker] DEBUG org.apache.http.headers - << Vary: Origin
08:26:50.418 [Test worker] DEBUG org.apache.http.headers - << Vary: Access-Control-Request-Method
08:26:50.418 [Test worker] DEBUG org.apache.http.headers - << Vary: Access-Control-Request-Headers
08:26:50.418 [Test worker] DEBUG org.apache.http.headers - << Vary: Origin
08:26:50.418 [Test worker] DEBUG org.apache.http.headers - << Vary: Access-Control-Request-Method
08:26:50.418 [Test worker] DEBUG org.apache.http.headers - << Vary: Access-Control-Request-Headers
08:26:50.418 [Test worker] DEBUG org.apache.http.headers - << X-Content-Type-Options: nosniff
08:26:50.418 [Test worker] DEBUG org.apache.http.headers - << X-XSS-Protection: 1; mode=block
08:26:50.418 [Test worker] DEBUG org.apache.http.headers - << Cache-Control: no-cache, no-store, max-age=0, must-revalidate
08:26:50.418 [Test worker] DEBUG org.apache.http.headers - << Pragma: no-cache
08:26:50.418 [Test worker] DEBUG org.apache.http.headers - << Expires: 0
08:26:50.418 [Test worker] DEBUG org.apache.http.headers - << X-Frame-Options: DENY
08:26:50.418 [Test worker] DEBUG org.apache.http.headers - << Content-Type: application/json
08:26:50.418 [Test worker] DEBUG org.apache.http.headers - << Transfer-Encoding: chunked
08:26:50.418 [Test worker] DEBUG org.apache.http.headers - << Date: Fri, 13 May 2022 12:55:31 GMT
08:26:50.418 [Test worker] DEBUG org.apache.http.headers - << Keep-Alive: timeout=60
08:26:50.418 [Test worker] DEBUG org.apache.http.headers - << Connection: keep-alive
08:26:50.418 [Test worker] DEBUG org.apache.http.impl.client.DefaultHttpClient - Connection can be kept alive for 60000 MILLISECONDS
08:26:50.418 [Test worker] DEBUG io.restassured.internal.RequestSpecificationImpl$RestAssuredHttpBuilder - Parsing response as: application/json
08:26:50.418 [Test worker] DEBUG io.restassured.internal.RequestSpecificationImpl$RestAssuredHttpBuilder - Parsed data to instance of: class org.apache.http.conn.EofSensorInputStream
08:26:50.418 [Test worker] DEBUG org.apache.http.wire -  << "34[\r][\n]"
08:26:50.418 [Test worker] DEBUG org.apache.http.wire -  << "{"result":"Pendiente","executionStatus":"Pendiente"}"
08:26:50.418 [Test worker] DEBUG org.apache.http.wire -  << "[\r][\n]"
08:26:50.418 [Test worker] DEBUG org.apache.http.wire -  << "0[\r][\n]"
08:26:50.418 [Test worker] DEBUG org.apache.http.wire -  << "[\r][\n]"
08:26:50.418 [Test worker] DEBUG org.apache.http.impl.conn.BasicClientConnectionManager - Releasing connection org.apache.http.impl.conn.ManagedClientConnectionImpl@211821ed
08:26:50.418 [Test worker] DEBUG org.apache.http.impl.conn.BasicClientConnectionManager - Connection can be kept alive for 60000 MILLISECONDS


 Se ejecuta API de Consulta de Resultado 


08:27:00.429 [Test worker] DEBUG org.apache.http.impl.conn.BasicClientConnectionManager - Get connection for route {}->http://10.69.42.60:8089
08:27:00.429 [Test worker] DEBUG org.apache.http.impl.conn.DefaultClientConnectionOperator - Connecting to 10.69.42.60:8089
08:27:00.461 [Test worker] DEBUG org.apache.http.client.protocol.RequestAddCookies - CookieSpec selected: ignoreCookies
08:27:00.461 [Test worker] DEBUG org.apache.http.client.protocol.RequestAuthCache - Auth cache not set in the context
08:27:00.461 [Test worker] DEBUG org.apache.http.client.protocol.RequestProxyAuthentication - Proxy auth state: UNCHALLENGED
08:27:00.461 [Test worker] DEBUG org.apache.http.impl.client.DefaultHttpClient - Attempt 1 to execute request
08:27:00.461 [Test worker] DEBUG org.apache.http.impl.conn.DefaultClientConnection - Sending request: GET /api/execution-result?idexecution=12503 HTTP/1.1
08:27:00.461 [Test worker] DEBUG org.apache.http.wire -  >> "GET /api/execution-result?idexecution=12503 HTTP/1.1[\r][\n]"
08:27:00.461 [Test worker] DEBUG org.apache.http.wire -  >> "Content-Type: application/json; charset=UTF-8[\r][\n]"
08:27:00.461 [Test worker] DEBUG org.apache.http.wire -  >> "Authorization: Bearer eyJhbGciOiJIUzI1NiJ9.eyJzdWIiOiJPcmxhbmRvLlBhdXR0QVBJIiwiZXhwIjoxNjUyNDgyNTIxLCJpYXQiOjE2NTI0NDY1MjF9.SpYMDwuFomyM6qloaLlIk4xkSKurhqC2FxDLq5iHNBc[\r][\n]"
08:27:00.461 [Test worker] DEBUG org.apache.http.wire -  >> "Accept: */*[\r][\n]"
08:27:00.461 [Test worker] DEBUG org.apache.http.wire -  >> "Host: 10.69.42.60:8089[\r][\n]"
08:27:00.461 [Test worker] DEBUG org.apache.http.wire -  >> "Connection: Keep-Alive[\r][\n]"
08:27:00.461 [Test worker] DEBUG org.apache.http.wire -  >> "User-Agent: Apache-HttpClient/4.5.9 (Java/1.8.0_301)[\r][\n]"
08:27:00.461 [Test worker] DEBUG org.apache.http.wire -  >> "Accept-Encoding: gzip,deflate[\r][\n]"
08:27:00.461 [Test worker] DEBUG org.apache.http.wire -  >> "[\r][\n]"
08:27:00.461 [Test worker] DEBUG org.apache.http.headers - >> GET /api/execution-result?idexecution=12503 HTTP/1.1
08:27:00.461 [Test worker] DEBUG org.apache.http.headers - >> Content-Type: application/json; charset=UTF-8
08:27:00.461 [Test worker] DEBUG org.apache.http.headers - >> Authorization: Bearer eyJhbGciOiJIUzI1NiJ9.eyJzdWIiOiJPcmxhbmRvLlBhdXR0QVBJIiwiZXhwIjoxNjUyNDgyNTIxLCJpYXQiOjE2NTI0NDY1MjF9.SpYMDwuFomyM6qloaLlIk4xkSKurhqC2FxDLq5iHNBc
08:27:00.461 [Test worker] DEBUG org.apache.http.headers - >> Accept: */*
08:27:00.461 [Test worker] DEBUG org.apache.http.headers - >> Host: 10.69.42.60:8089
08:27:00.461 [Test worker] DEBUG org.apache.http.headers - >> Connection: Keep-Alive
08:27:00.461 [Test worker] DEBUG org.apache.http.headers - >> User-Agent: Apache-HttpClient/4.5.9 (Java/1.8.0_301)
08:27:00.461 [Test worker] DEBUG org.apache.http.headers - >> Accept-Encoding: gzip,deflate
08:27:00.513 [Test worker] DEBUG org.apache.http.wire -  << "HTTP/1.1 200 [\r][\n]"
08:27:00.513 [Test worker] DEBUG org.apache.http.wire -  << "Vary: Origin[\r][\n]"
08:27:00.513 [Test worker] DEBUG org.apache.http.wire -  << "Vary: Access-Control-Request-Method[\r][\n]"
08:27:00.513 [Test worker] DEBUG org.apache.http.wire -  << "Vary: Access-Control-Request-Headers[\r][\n]"
08:27:00.513 [Test worker] DEBUG org.apache.http.wire -  << "Vary: Origin[\r][\n]"
08:27:00.513 [Test worker] DEBUG org.apache.http.wire -  << "Vary: Access-Control-Request-Method[\r][\n]"
08:27:00.513 [Test worker] DEBUG org.apache.http.wire -  << "Vary: Access-Control-Request-Headers[\r][\n]"
08:27:00.513 [Test worker] DEBUG org.apache.http.wire -  << "X-Content-Type-Options: nosniff[\r][\n]"
08:27:00.513 [Test worker] DEBUG org.apache.http.wire -  << "X-XSS-Protection: 1; mode=block[\r][\n]"
08:27:00.513 [Test worker] DEBUG org.apache.http.wire -  << "Cache-Control: no-cache, no-store, max-age=0, must-revalidate[\r][\n]"
08:27:00.513 [Test worker] DEBUG org.apache.http.wire -  << "Pragma: no-cache[\r][\n]"
08:27:00.513 [Test worker] DEBUG org.apache.http.wire -  << "Expires: 0[\r][\n]"
08:27:00.513 [Test worker] DEBUG org.apache.http.wire -  << "X-Frame-Options: DENY[\r][\n]"
08:27:00.513 [Test worker] DEBUG org.apache.http.wire -  << "Content-Type: application/json[\r][\n]"
08:27:00.513 [Test worker] DEBUG org.apache.http.wire -  << "Transfer-Encoding: chunked[\r][\n]"
08:27:00.513 [Test worker] DEBUG org.apache.http.wire -  << "Date: Fri, 13 May 2022 12:55:41 GMT[\r][\n]"
08:27:00.513 [Test worker] DEBUG org.apache.http.wire -  << "Keep-Alive: timeout=60[\r][\n]"
08:27:00.513 [Test worker] DEBUG org.apache.http.wire -  << "Connection: keep-alive[\r][\n]"
08:27:00.513 [Test worker] DEBUG org.apache.http.wire -  << "[\r][\n]"
08:27:00.513 [Test worker] DEBUG org.apache.http.impl.conn.DefaultClientConnection - Receiving response: HTTP/1.1 200 
08:27:00.513 [Test worker] DEBUG org.apache.http.headers - << HTTP/1.1 200 
08:27:00.513 [Test worker] DEBUG org.apache.http.headers - << Vary: Origin
08:27:00.513 [Test worker] DEBUG org.apache.http.headers - << Vary: Access-Control-Request-Method
08:27:00.513 [Test worker] DEBUG org.apache.http.headers - << Vary: Access-Control-Request-Headers
08:27:00.513 [Test worker] DEBUG org.apache.http.headers - << Vary: Origin
08:27:00.513 [Test worker] DEBUG org.apache.http.headers - << Vary: Access-Control-Request-Method
08:27:00.513 [Test worker] DEBUG org.apache.http.headers - << Vary: Access-Control-Request-Headers
08:27:00.513 [Test worker] DEBUG org.apache.http.headers - << X-Content-Type-Options: nosniff
08:27:00.513 [Test worker] DEBUG org.apache.http.headers - << X-XSS-Protection: 1; mode=block
08:27:00.513 [Test worker] DEBUG org.apache.http.headers - << Cache-Control: no-cache, no-store, max-age=0, must-revalidate
08:27:00.513 [Test worker] DEBUG org.apache.http.headers - << Pragma: no-cache
08:27:00.513 [Test worker] DEBUG org.apache.http.headers - << Expires: 0
08:27:00.513 [Test worker] DEBUG org.apache.http.headers - << X-Frame-Options: DENY
08:27:00.513 [Test worker] DEBUG org.apache.http.headers - << Content-Type: application/json
08:27:00.513 [Test worker] DEBUG org.apache.http.headers - << Transfer-Encoding: chunked
08:27:00.513 [Test worker] DEBUG org.apache.http.headers - << Date: Fri, 13 May 2022 12:55:41 GMT
08:27:00.513 [Test worker] DEBUG org.apache.http.headers - << Keep-Alive: timeout=60
08:27:00.513 [Test worker] DEBUG org.apache.http.headers - << Connection: keep-alive
08:27:00.513 [Test worker] DEBUG org.apache.http.impl.client.DefaultHttpClient - Connection can be kept alive for 60000 MILLISECONDS
08:27:00.513 [Test worker] DEBUG io.restassured.internal.RequestSpecificationImpl$RestAssuredHttpBuilder - Parsing response as: application/json
08:27:00.513 [Test worker] DEBUG io.restassured.internal.RequestSpecificationImpl$RestAssuredHttpBuilder - Parsed data to instance of: class org.apache.http.conn.EofSensorInputStream
08:27:00.513 [Test worker] DEBUG org.apache.http.wire -  << "34[\r][\n]"
08:27:00.513 [Test worker] DEBUG org.apache.http.wire -  << "{"result":"Pendiente","executionStatus":"Pendiente"}"
08:27:00.513 [Test worker] DEBUG org.apache.http.wire -  << "[\r][\n]"
08:27:00.513 [Test worker] DEBUG org.apache.http.wire -  << "0[\r][\n]"
08:27:00.513 [Test worker] DEBUG org.apache.http.wire -  << "[\r][\n]"
08:27:00.513 [Test worker] DEBUG org.apache.http.impl.conn.BasicClientConnectionManager - Releasing connection org.apache.http.impl.conn.ManagedClientConnectionImpl@254eeb48
08:27:00.513 [Test worker] DEBUG org.apache.http.impl.conn.BasicClientConnectionManager - Connection can be kept alive for 60000 MILLISECONDS


 Se ejecuta API de Consulta de Resultado 


08:27:10.524 [Test worker] DEBUG org.apache.http.impl.conn.BasicClientConnectionManager - Get connection for route {}->http://10.69.42.60:8089
08:27:10.524 [Test worker] DEBUG org.apache.http.impl.conn.DefaultClientConnectionOperator - Connecting to 10.69.42.60:8089
08:27:10.556 [Test worker] DEBUG org.apache.http.client.protocol.RequestAddCookies - CookieSpec selected: ignoreCookies
08:27:10.556 [Test worker] DEBUG org.apache.http.client.protocol.RequestAuthCache - Auth cache not set in the context
08:27:10.556 [Test worker] DEBUG org.apache.http.client.protocol.RequestProxyAuthentication - Proxy auth state: UNCHALLENGED
08:27:10.556 [Test worker] DEBUG org.apache.http.impl.client.DefaultHttpClient - Attempt 1 to execute request
08:27:10.556 [Test worker] DEBUG org.apache.http.impl.conn.DefaultClientConnection - Sending request: GET /api/execution-result?idexecution=12503 HTTP/1.1
08:27:10.556 [Test worker] DEBUG org.apache.http.wire -  >> "GET /api/execution-result?idexecution=12503 HTTP/1.1[\r][\n]"
08:27:10.556 [Test worker] DEBUG org.apache.http.wire -  >> "Content-Type: application/json; charset=UTF-8[\r][\n]"
08:27:10.556 [Test worker] DEBUG org.apache.http.wire -  >> "Authorization: Bearer eyJhbGciOiJIUzI1NiJ9.eyJzdWIiOiJPcmxhbmRvLlBhdXR0QVBJIiwiZXhwIjoxNjUyNDgyNTIxLCJpYXQiOjE2NTI0NDY1MjF9.SpYMDwuFomyM6qloaLlIk4xkSKurhqC2FxDLq5iHNBc[\r][\n]"
08:27:10.556 [Test worker] DEBUG org.apache.http.wire -  >> "Accept: */*[\r][\n]"
08:27:10.556 [Test worker] DEBUG org.apache.http.wire -  >> "Host: 10.69.42.60:8089[\r][\n]"
08:27:10.556 [Test worker] DEBUG org.apache.http.wire -  >> "Connection: Keep-Alive[\r][\n]"
08:27:10.556 [Test worker] DEBUG org.apache.http.wire -  >> "User-Agent: Apache-HttpClient/4.5.9 (Java/1.8.0_301)[\r][\n]"
08:27:10.556 [Test worker] DEBUG org.apache.http.wire -  >> "Accept-Encoding: gzip,deflate[\r][\n]"
08:27:10.556 [Test worker] DEBUG org.apache.http.wire -  >> "[\r][\n]"
08:27:10.556 [Test worker] DEBUG org.apache.http.headers - >> GET /api/execution-result?idexecution=12503 HTTP/1.1
08:27:10.556 [Test worker] DEBUG org.apache.http.headers - >> Content-Type: application/json; charset=UTF-8
08:27:10.556 [Test worker] DEBUG org.apache.http.headers - >> Authorization: Bearer eyJhbGciOiJIUzI1NiJ9.eyJzdWIiOiJPcmxhbmRvLlBhdXR0QVBJIiwiZXhwIjoxNjUyNDgyNTIxLCJpYXQiOjE2NTI0NDY1MjF9.SpYMDwuFomyM6qloaLlIk4xkSKurhqC2FxDLq5iHNBc
08:27:10.556 [Test worker] DEBUG org.apache.http.headers - >> Accept: */*
08:27:10.556 [Test worker] DEBUG org.apache.http.headers - >> Host: 10.69.42.60:8089
08:27:10.556 [Test worker] DEBUG org.apache.http.headers - >> Connection: Keep-Alive
08:27:10.556 [Test worker] DEBUG org.apache.http.headers - >> User-Agent: Apache-HttpClient/4.5.9 (Java/1.8.0_301)
08:27:10.556 [Test worker] DEBUG org.apache.http.headers - >> Accept-Encoding: gzip,deflate
08:27:10.594 [Test worker] DEBUG org.apache.http.wire -  << "HTTP/1.1 200 [\r][\n]"
08:27:10.594 [Test worker] DEBUG org.apache.http.wire -  << "Vary: Origin[\r][\n]"
08:27:10.594 [Test worker] DEBUG org.apache.http.wire -  << "Vary: Access-Control-Request-Method[\r][\n]"
08:27:10.594 [Test worker] DEBUG org.apache.http.wire -  << "Vary: Access-Control-Request-Headers[\r][\n]"
08:27:10.594 [Test worker] DEBUG org.apache.http.wire -  << "Vary: Origin[\r][\n]"
08:27:10.594 [Test worker] DEBUG org.apache.http.wire -  << "Vary: Access-Control-Request-Method[\r][\n]"
08:27:10.594 [Test worker] DEBUG org.apache.http.wire -  << "Vary: Access-Control-Request-Headers[\r][\n]"
08:27:10.594 [Test worker] DEBUG org.apache.http.wire -  << "X-Content-Type-Options: nosniff[\r][\n]"
08:27:10.594 [Test worker] DEBUG org.apache.http.wire -  << "X-XSS-Protection: 1; mode=block[\r][\n]"
08:27:10.594 [Test worker] DEBUG org.apache.http.wire -  << "Cache-Control: no-cache, no-store, max-age=0, must-revalidate[\r][\n]"
08:27:10.594 [Test worker] DEBUG org.apache.http.wire -  << "Pragma: no-cache[\r][\n]"
08:27:10.594 [Test worker] DEBUG org.apache.http.wire -  << "Expires: 0[\r][\n]"
08:27:10.594 [Test worker] DEBUG org.apache.http.wire -  << "X-Frame-Options: DENY[\r][\n]"
08:27:10.594 [Test worker] DEBUG org.apache.http.wire -  << "Content-Type: application/json[\r][\n]"
08:27:10.594 [Test worker] DEBUG org.apache.http.wire -  << "Transfer-Encoding: chunked[\r][\n]"
08:27:10.594 [Test worker] DEBUG org.apache.http.wire -  << "Date: Fri, 13 May 2022 12:55:52 GMT[\r][\n]"
08:27:10.594 [Test worker] DEBUG org.apache.http.wire -  << "Keep-Alive: timeout=60[\r][\n]"
08:27:10.594 [Test worker] DEBUG org.apache.http.wire -  << "Connection: keep-alive[\r][\n]"
08:27:10.594 [Test worker] DEBUG org.apache.http.wire -  << "[\r][\n]"
08:27:10.594 [Test worker] DEBUG org.apache.http.impl.conn.DefaultClientConnection - Receiving response: HTTP/1.1 200 
08:27:10.594 [Test worker] DEBUG org.apache.http.headers - << HTTP/1.1 200 
08:27:10.594 [Test worker] DEBUG org.apache.http.headers - << Vary: Origin
08:27:10.594 [Test worker] DEBUG org.apache.http.headers - << Vary: Access-Control-Request-Method
08:27:10.594 [Test worker] DEBUG org.apache.http.headers - << Vary: Access-Control-Request-Headers
08:27:10.594 [Test worker] DEBUG org.apache.http.headers - << Vary: Origin
08:27:10.594 [Test worker] DEBUG org.apache.http.headers - << Vary: Access-Control-Request-Method
08:27:10.594 [Test worker] DEBUG org.apache.http.headers - << Vary: Access-Control-Request-Headers
08:27:10.594 [Test worker] DEBUG org.apache.http.headers - << X-Content-Type-Options: nosniff
08:27:10.594 [Test worker] DEBUG org.apache.http.headers - << X-XSS-Protection: 1; mode=block
08:27:10.594 [Test worker] DEBUG org.apache.http.headers - << Cache-Control: no-cache, no-store, max-age=0, must-revalidate
08:27:10.594 [Test worker] DEBUG org.apache.http.headers - << Pragma: no-cache
08:27:10.594 [Test worker] DEBUG org.apache.http.headers - << Expires: 0
08:27:10.594 [Test worker] DEBUG org.apache.http.headers - << X-Frame-Options: DENY
08:27:10.594 [Test worker] DEBUG org.apache.http.headers - << Content-Type: application/json
08:27:10.594 [Test worker] DEBUG org.apache.http.headers - << Transfer-Encoding: chunked
08:27:10.594 [Test worker] DEBUG org.apache.http.headers - << Date: Fri, 13 May 2022 12:55:52 GMT
08:27:10.594 [Test worker] DEBUG org.apache.http.headers - << Keep-Alive: timeout=60
08:27:10.594 [Test worker] DEBUG org.apache.http.headers - << Connection: keep-alive
08:27:10.594 [Test worker] DEBUG org.apache.http.impl.client.DefaultHttpClient - Connection can be kept alive for 60000 MILLISECONDS
08:27:10.594 [Test worker] DEBUG io.restassured.internal.RequestSpecificationImpl$RestAssuredHttpBuilder - Parsing response as: application/json
08:27:10.594 [Test worker] DEBUG io.restassured.internal.RequestSpecificationImpl$RestAssuredHttpBuilder - Parsed data to instance of: class org.apache.http.conn.EofSensorInputStream
08:27:10.594 [Test worker] DEBUG org.apache.http.wire -  << "38[\r][\n]"
08:27:10.594 [Test worker] DEBUG org.apache.http.wire -  << "{"result":"Pendiente","executionStatus":"En ejecuci[0xc3][0xb3]n"}"
08:27:10.594 [Test worker] DEBUG org.apache.http.wire -  << "[\r][\n]"
08:27:10.594 [Test worker] DEBUG org.apache.http.wire -  << "0[\r][\n]"
08:27:10.594 [Test worker] DEBUG org.apache.http.wire -  << "[\r][\n]"
08:27:10.594 [Test worker] DEBUG org.apache.http.impl.conn.BasicClientConnectionManager - Releasing connection org.apache.http.impl.conn.ManagedClientConnectionImpl@383bcee6
08:27:10.594 [Test worker] DEBUG org.apache.http.impl.conn.BasicClientConnectionManager - Connection can be kept alive for 60000 MILLISECONDS


 Se ejecuta API de Consulta de Resultado 


08:27:20.603 [Test worker] DEBUG org.apache.http.impl.conn.BasicClientConnectionManager - Get connection for route {}->http://10.69.42.60:8089
08:27:20.603 [Test worker] DEBUG org.apache.http.impl.conn.DefaultClientConnectionOperator - Connecting to 10.69.42.60:8089
08:27:20.635 [Test worker] DEBUG org.apache.http.client.protocol.RequestAddCookies - CookieSpec selected: ignoreCookies
08:27:20.635 [Test worker] DEBUG org.apache.http.client.protocol.RequestAuthCache - Auth cache not set in the context
08:27:20.635 [Test worker] DEBUG org.apache.http.client.protocol.RequestProxyAuthentication - Proxy auth state: UNCHALLENGED
08:27:20.635 [Test worker] DEBUG org.apache.http.impl.client.DefaultHttpClient - Attempt 1 to execute request
08:27:20.635 [Test worker] DEBUG org.apache.http.impl.conn.DefaultClientConnection - Sending request: GET /api/execution-result?idexecution=12503 HTTP/1.1
08:27:20.635 [Test worker] DEBUG org.apache.http.wire -  >> "GET /api/execution-result?idexecution=12503 HTTP/1.1[\r][\n]"
08:27:20.635 [Test worker] DEBUG org.apache.http.wire -  >> "Content-Type: application/json; charset=UTF-8[\r][\n]"
08:27:20.635 [Test worker] DEBUG org.apache.http.wire -  >> "Authorization: Bearer eyJhbGciOiJIUzI1NiJ9.eyJzdWIiOiJPcmxhbmRvLlBhdXR0QVBJIiwiZXhwIjoxNjUyNDgyNTIxLCJpYXQiOjE2NTI0NDY1MjF9.SpYMDwuFomyM6qloaLlIk4xkSKurhqC2FxDLq5iHNBc[\r][\n]"
08:27:20.635 [Test worker] DEBUG org.apache.http.wire -  >> "Accept: */*[\r][\n]"
08:27:20.635 [Test worker] DEBUG org.apache.http.wire -  >> "Host: 10.69.42.60:8089[\r][\n]"
08:27:20.635 [Test worker] DEBUG org.apache.http.wire -  >> "Connection: Keep-Alive[\r][\n]"
08:27:20.635 [Test worker] DEBUG org.apache.http.wire -  >> "User-Agent: Apache-HttpClient/4.5.9 (Java/1.8.0_301)[\r][\n]"
08:27:20.635 [Test worker] DEBUG org.apache.http.wire -  >> "Accept-Encoding: gzip,deflate[\r][\n]"
08:27:20.635 [Test worker] DEBUG org.apache.http.wire -  >> "[\r][\n]"
08:27:20.635 [Test worker] DEBUG org.apache.http.headers - >> GET /api/execution-result?idexecution=12503 HTTP/1.1
08:27:20.635 [Test worker] DEBUG org.apache.http.headers - >> Content-Type: application/json; charset=UTF-8
08:27:20.635 [Test worker] DEBUG org.apache.http.headers - >> Authorization: Bearer eyJhbGciOiJIUzI1NiJ9.eyJzdWIiOiJPcmxhbmRvLlBhdXR0QVBJIiwiZXhwIjoxNjUyNDgyNTIxLCJpYXQiOjE2NTI0NDY1MjF9.SpYMDwuFomyM6qloaLlIk4xkSKurhqC2FxDLq5iHNBc
08:27:20.635 [Test worker] DEBUG org.apache.http.headers - >> Accept: */*
08:27:20.635 [Test worker] DEBUG org.apache.http.headers - >> Host: 10.69.42.60:8089
08:27:20.635 [Test worker] DEBUG org.apache.http.headers - >> Connection: Keep-Alive
08:27:20.635 [Test worker] DEBUG org.apache.http.headers - >> User-Agent: Apache-HttpClient/4.5.9 (Java/1.8.0_301)
08:27:20.635 [Test worker] DEBUG org.apache.http.headers - >> Accept-Encoding: gzip,deflate
08:27:20.689 [Test worker] DEBUG org.apache.http.wire -  << "HTTP/1.1 200 [\r][\n]"
08:27:20.689 [Test worker] DEBUG org.apache.http.wire -  << "Vary: Origin[\r][\n]"
08:27:20.689 [Test worker] DEBUG org.apache.http.wire -  << "Vary: Access-Control-Request-Method[\r][\n]"
08:27:20.689 [Test worker] DEBUG org.apache.http.wire -  << "Vary: Access-Control-Request-Headers[\r][\n]"
08:27:20.689 [Test worker] DEBUG org.apache.http.wire -  << "Vary: Origin[\r][\n]"
08:27:20.689 [Test worker] DEBUG org.apache.http.wire -  << "Vary: Access-Control-Request-Method[\r][\n]"
08:27:20.689 [Test worker] DEBUG org.apache.http.wire -  << "Vary: Access-Control-Request-Headers[\r][\n]"
08:27:20.689 [Test worker] DEBUG org.apache.http.wire -  << "X-Content-Type-Options: nosniff[\r][\n]"
08:27:20.689 [Test worker] DEBUG org.apache.http.wire -  << "X-XSS-Protection: 1; mode=block[\r][\n]"
08:27:20.689 [Test worker] DEBUG org.apache.http.wire -  << "Cache-Control: no-cache, no-store, max-age=0, must-revalidate[\r][\n]"
08:27:20.689 [Test worker] DEBUG org.apache.http.wire -  << "Pragma: no-cache[\r][\n]"
08:27:20.689 [Test worker] DEBUG org.apache.http.wire -  << "Expires: 0[\r][\n]"
08:27:20.689 [Test worker] DEBUG org.apache.http.wire -  << "X-Frame-Options: DENY[\r][\n]"
08:27:20.689 [Test worker] DEBUG org.apache.http.wire -  << "Content-Type: application/json[\r][\n]"
08:27:20.689 [Test worker] DEBUG org.apache.http.wire -  << "Transfer-Encoding: chunked[\r][\n]"
08:27:20.689 [Test worker] DEBUG org.apache.http.wire -  << "Date: Fri, 13 May 2022 12:56:02 GMT[\r][\n]"
08:27:20.689 [Test worker] DEBUG org.apache.http.wire -  << "Keep-Alive: timeout=60[\r][\n]"
08:27:20.689 [Test worker] DEBUG org.apache.http.wire -  << "Connection: keep-alive[\r][\n]"
08:27:20.689 [Test worker] DEBUG org.apache.http.wire -  << "[\r][\n]"
08:27:20.689 [Test worker] DEBUG org.apache.http.impl.conn.DefaultClientConnection - Receiving response: HTTP/1.1 200 
08:27:20.689 [Test worker] DEBUG org.apache.http.headers - << HTTP/1.1 200 
08:27:20.689 [Test worker] DEBUG org.apache.http.headers - << Vary: Origin
08:27:20.689 [Test worker] DEBUG org.apache.http.headers - << Vary: Access-Control-Request-Method
08:27:20.689 [Test worker] DEBUG org.apache.http.headers - << Vary: Access-Control-Request-Headers
08:27:20.689 [Test worker] DEBUG org.apache.http.headers - << Vary: Origin
08:27:20.689 [Test worker] DEBUG org.apache.http.headers - << Vary: Access-Control-Request-Method
08:27:20.689 [Test worker] DEBUG org.apache.http.headers - << Vary: Access-Control-Request-Headers
08:27:20.689 [Test worker] DEBUG org.apache.http.headers - << X-Content-Type-Options: nosniff
08:27:20.689 [Test worker] DEBUG org.apache.http.headers - << X-XSS-Protection: 1; mode=block
08:27:20.689 [Test worker] DEBUG org.apache.http.headers - << Cache-Control: no-cache, no-store, max-age=0, must-revalidate
08:27:20.689 [Test worker] DEBUG org.apache.http.headers - << Pragma: no-cache
08:27:20.689 [Test worker] DEBUG org.apache.http.headers - << Expires: 0
08:27:20.689 [Test worker] DEBUG org.apache.http.headers - << X-Frame-Options: DENY
08:27:20.689 [Test worker] DEBUG org.apache.http.headers - << Content-Type: application/json
08:27:20.689 [Test worker] DEBUG org.apache.http.headers - << Transfer-Encoding: chunked
08:27:20.689 [Test worker] DEBUG org.apache.http.headers - << Date: Fri, 13 May 2022 12:56:02 GMT
08:27:20.689 [Test worker] DEBUG org.apache.http.headers - << Keep-Alive: timeout=60
08:27:20.689 [Test worker] DEBUG org.apache.http.headers - << Connection: keep-alive
08:27:20.689 [Test worker] DEBUG org.apache.http.impl.client.DefaultHttpClient - Connection can be kept alive for 60000 MILLISECONDS
08:27:20.689 [Test worker] DEBUG io.restassured.internal.RequestSpecificationImpl$RestAssuredHttpBuilder - Parsing response as: application/json
08:27:20.689 [Test worker] DEBUG io.restassured.internal.RequestSpecificationImpl$RestAssuredHttpBuilder - Parsed data to instance of: class org.apache.http.conn.EofSensorInputStream
08:27:20.689 [Test worker] DEBUG org.apache.http.wire -  << "38[\r][\n]"
08:27:20.689 [Test worker] DEBUG org.apache.http.wire -  << "{"result":"Pendiente","executionStatus":"En ejecuci[0xc3][0xb3]n"}"
08:27:20.689 [Test worker] DEBUG org.apache.http.wire -  << "[\r][\n]"
08:27:20.689 [Test worker] DEBUG org.apache.http.wire -  << "0[\r][\n]"
08:27:20.689 [Test worker] DEBUG org.apache.http.wire -  << "[\r][\n]"
08:27:20.689 [Test worker] DEBUG org.apache.http.impl.conn.BasicClientConnectionManager - Releasing connection org.apache.http.impl.conn.ManagedClientConnectionImpl@ecf5363
08:27:20.689 [Test worker] DEBUG org.apache.http.impl.conn.BasicClientConnectionManager - Connection can be kept alive for 60000 MILLISECONDS


 Se ejecuta API de Consulta de Resultado 


08:27:30.716 [Test worker] DEBUG org.apache.http.impl.conn.BasicClientConnectionManager - Get connection for route {}->http://10.69.42.60:8089
08:27:30.716 [Test worker] DEBUG org.apache.http.impl.conn.DefaultClientConnectionOperator - Connecting to 10.69.42.60:8089
08:27:30.747 [Test worker] DEBUG org.apache.http.client.protocol.RequestAddCookies - CookieSpec selected: ignoreCookies
08:27:30.747 [Test worker] DEBUG org.apache.http.client.protocol.RequestAuthCache - Auth cache not set in the context
08:27:30.747 [Test worker] DEBUG org.apache.http.client.protocol.RequestProxyAuthentication - Proxy auth state: UNCHALLENGED
08:27:30.747 [Test worker] DEBUG org.apache.http.impl.client.DefaultHttpClient - Attempt 1 to execute request
08:27:30.747 [Test worker] DEBUG org.apache.http.impl.conn.DefaultClientConnection - Sending request: GET /api/execution-result?idexecution=12503 HTTP/1.1
08:27:30.747 [Test worker] DEBUG org.apache.http.wire -  >> "GET /api/execution-result?idexecution=12503 HTTP/1.1[\r][\n]"
08:27:30.747 [Test worker] DEBUG org.apache.http.wire -  >> "Content-Type: application/json; charset=UTF-8[\r][\n]"
08:27:30.747 [Test worker] DEBUG org.apache.http.wire -  >> "Authorization: Bearer eyJhbGciOiJIUzI1NiJ9.eyJzdWIiOiJPcmxhbmRvLlBhdXR0QVBJIiwiZXhwIjoxNjUyNDgyNTIxLCJpYXQiOjE2NTI0NDY1MjF9.SpYMDwuFomyM6qloaLlIk4xkSKurhqC2FxDLq5iHNBc[\r][\n]"
08:27:30.747 [Test worker] DEBUG org.apache.http.wire -  >> "Accept: */*[\r][\n]"
08:27:30.747 [Test worker] DEBUG org.apache.http.wire -  >> "Host: 10.69.42.60:8089[\r][\n]"
08:27:30.747 [Test worker] DEBUG org.apache.http.wire -  >> "Connection: Keep-Alive[\r][\n]"
08:27:30.747 [Test worker] DEBUG org.apache.http.wire -  >> "User-Agent: Apache-HttpClient/4.5.9 (Java/1.8.0_301)[\r][\n]"
08:27:30.747 [Test worker] DEBUG org.apache.http.wire -  >> "Accept-Encoding: gzip,deflate[\r][\n]"
08:27:30.747 [Test worker] DEBUG org.apache.http.wire -  >> "[\r][\n]"
08:27:30.747 [Test worker] DEBUG org.apache.http.headers - >> GET /api/execution-result?idexecution=12503 HTTP/1.1
08:27:30.747 [Test worker] DEBUG org.apache.http.headers - >> Content-Type: application/json; charset=UTF-8
08:27:30.747 [Test worker] DEBUG org.apache.http.headers - >> Authorization: Bearer eyJhbGciOiJIUzI1NiJ9.eyJzdWIiOiJPcmxhbmRvLlBhdXR0QVBJIiwiZXhwIjoxNjUyNDgyNTIxLCJpYXQiOjE2NTI0NDY1MjF9.SpYMDwuFomyM6qloaLlIk4xkSKurhqC2FxDLq5iHNBc
08:27:30.747 [Test worker] DEBUG org.apache.http.headers - >> Accept: */*
08:27:30.747 [Test worker] DEBUG org.apache.http.headers - >> Host: 10.69.42.60:8089
08:27:30.747 [Test worker] DEBUG org.apache.http.headers - >> Connection: Keep-Alive
08:27:30.747 [Test worker] DEBUG org.apache.http.headers - >> User-Agent: Apache-HttpClient/4.5.9 (Java/1.8.0_301)
08:27:30.747 [Test worker] DEBUG org.apache.http.headers - >> Accept-Encoding: gzip,deflate
08:27:30.794 [Test worker] DEBUG org.apache.http.wire -  << "HTTP/1.1 200 [\r][\n]"
08:27:30.794 [Test worker] DEBUG org.apache.http.wire -  << "Vary: Origin[\r][\n]"
08:27:30.794 [Test worker] DEBUG org.apache.http.wire -  << "Vary: Access-Control-Request-Method[\r][\n]"
08:27:30.794 [Test worker] DEBUG org.apache.http.wire -  << "Vary: Access-Control-Request-Headers[\r][\n]"
08:27:30.794 [Test worker] DEBUG org.apache.http.wire -  << "Vary: Origin[\r][\n]"
08:27:30.794 [Test worker] DEBUG org.apache.http.wire -  << "Vary: Access-Control-Request-Method[\r][\n]"
08:27:30.794 [Test worker] DEBUG org.apache.http.wire -  << "Vary: Access-Control-Request-Headers[\r][\n]"
08:27:30.794 [Test worker] DEBUG org.apache.http.wire -  << "X-Content-Type-Options: nosniff[\r][\n]"
08:27:30.794 [Test worker] DEBUG org.apache.http.wire -  << "X-XSS-Protection: 1; mode=block[\r][\n]"
08:27:30.794 [Test worker] DEBUG org.apache.http.wire -  << "Cache-Control: no-cache, no-store, max-age=0, must-revalidate[\r][\n]"
08:27:30.794 [Test worker] DEBUG org.apache.http.wire -  << "Pragma: no-cache[\r][\n]"
08:27:30.794 [Test worker] DEBUG org.apache.http.wire -  << "Expires: 0[\r][\n]"
08:27:30.794 [Test worker] DEBUG org.apache.http.wire -  << "X-Frame-Options: DENY[\r][\n]"
08:27:30.794 [Test worker] DEBUG org.apache.http.wire -  << "Content-Type: application/json[\r][\n]"
08:27:30.794 [Test worker] DEBUG org.apache.http.wire -  << "Transfer-Encoding: chunked[\r][\n]"
08:27:30.794 [Test worker] DEBUG org.apache.http.wire -  << "Date: Fri, 13 May 2022 12:56:12 GMT[\r][\n]"
08:27:30.794 [Test worker] DEBUG org.apache.http.wire -  << "Keep-Alive: timeout=60[\r][\n]"
08:27:30.794 [Test worker] DEBUG org.apache.http.wire -  << "Connection: keep-alive[\r][\n]"
08:27:30.794 [Test worker] DEBUG org.apache.http.wire -  << "[\r][\n]"
08:27:30.794 [Test worker] DEBUG org.apache.http.impl.conn.DefaultClientConnection - Receiving response: HTTP/1.1 200 
08:27:30.794 [Test worker] DEBUG org.apache.http.headers - << HTTP/1.1 200 
08:27:30.794 [Test worker] DEBUG org.apache.http.headers - << Vary: Origin
08:27:30.794 [Test worker] DEBUG org.apache.http.headers - << Vary: Access-Control-Request-Method
08:27:30.794 [Test worker] DEBUG org.apache.http.headers - << Vary: Access-Control-Request-Headers
08:27:30.794 [Test worker] DEBUG org.apache.http.headers - << Vary: Origin
08:27:30.794 [Test worker] DEBUG org.apache.http.headers - << Vary: Access-Control-Request-Method
08:27:30.794 [Test worker] DEBUG org.apache.http.headers - << Vary: Access-Control-Request-Headers
08:27:30.794 [Test worker] DEBUG org.apache.http.headers - << X-Content-Type-Options: nosniff
08:27:30.794 [Test worker] DEBUG org.apache.http.headers - << X-XSS-Protection: 1; mode=block
08:27:30.794 [Test worker] DEBUG org.apache.http.headers - << Cache-Control: no-cache, no-store, max-age=0, must-revalidate
08:27:30.794 [Test worker] DEBUG org.apache.http.headers - << Pragma: no-cache
08:27:30.794 [Test worker] DEBUG org.apache.http.headers - << Expires: 0
08:27:30.794 [Test worker] DEBUG org.apache.http.headers - << X-Frame-Options: DENY
08:27:30.794 [Test worker] DEBUG org.apache.http.headers - << Content-Type: application/json
08:27:30.794 [Test worker] DEBUG org.apache.http.headers - << Transfer-Encoding: chunked
08:27:30.794 [Test worker] DEBUG org.apache.http.headers - << Date: Fri, 13 May 2022 12:56:12 GMT
08:27:30.794 [Test worker] DEBUG org.apache.http.headers - << Keep-Alive: timeout=60
08:27:30.794 [Test worker] DEBUG org.apache.http.headers - << Connection: keep-alive
08:27:30.794 [Test worker] DEBUG org.apache.http.impl.client.DefaultHttpClient - Connection can be kept alive for 60000 MILLISECONDS
08:27:30.794 [Test worker] DEBUG io.restassured.internal.RequestSpecificationImpl$RestAssuredHttpBuilder - Parsing response as: application/json
08:27:30.794 [Test worker] DEBUG io.restassured.internal.RequestSpecificationImpl$RestAssuredHttpBuilder - Parsed data to instance of: class org.apache.http.conn.EofSensorInputStream
08:27:30.794 [Test worker] DEBUG org.apache.http.wire -  << "38[\r][\n]"
08:27:30.794 [Test worker] DEBUG org.apache.http.wire -  << "{"result":"Pendiente","executionStatus":"En ejecuci[0xc3][0xb3]n"}"
08:27:30.794 [Test worker] DEBUG org.apache.http.wire -  << "[\r][\n]"
08:27:30.794 [Test worker] DEBUG org.apache.http.wire -  << "0[\r][\n]"
08:27:30.794 [Test worker] DEBUG org.apache.http.wire -  << "[\r][\n]"
08:27:30.794 [Test worker] DEBUG org.apache.http.impl.conn.BasicClientConnectionManager - Releasing connection org.apache.http.impl.conn.ManagedClientConnectionImpl@54533dae
08:27:30.794 [Test worker] DEBUG org.apache.http.impl.conn.BasicClientConnectionManager - Connection can be kept alive for 60000 MILLISECONDS
Ejecucion Fallida


 Se ejecuta API de Consulta de Resultado 


08:27:30.868 [Test worker] DEBUG org.apache.http.impl.conn.BasicClientConnectionManager - Get connection for route {}->http://10.69.42.60:8089
08:27:30.868 [Test worker] DEBUG org.apache.http.impl.conn.DefaultClientConnectionOperator - Connecting to 10.69.42.60:8089
08:27:30.900 [Test worker] DEBUG org.apache.http.client.protocol.RequestAddCookies - CookieSpec selected: ignoreCookies
08:27:30.900 [Test worker] DEBUG org.apache.http.client.protocol.RequestAuthCache - Auth cache not set in the context
08:27:30.900 [Test worker] DEBUG org.apache.http.client.protocol.RequestProxyAuthentication - Proxy auth state: UNCHALLENGED
08:27:30.900 [Test worker] DEBUG org.apache.http.impl.client.DefaultHttpClient - Attempt 1 to execute request
08:27:30.901 [Test worker] DEBUG org.apache.http.impl.conn.DefaultClientConnection - Sending request: GET /api/execution-result?idexecution=12503 HTTP/1.1
08:27:30.901 [Test worker] DEBUG org.apache.http.wire -  >> "GET /api/execution-result?idexecution=12503 HTTP/1.1[\r][\n]"
08:27:30.901 [Test worker] DEBUG org.apache.http.wire -  >> "Content-Type: application/json; charset=UTF-8[\r][\n]"
08:27:30.901 [Test worker] DEBUG org.apache.http.wire -  >> "Authorization: Bearer eyJhbGciOiJIUzI1NiJ9.eyJzdWIiOiJPcmxhbmRvLlBhdXR0QVBJIiwiZXhwIjoxNjUyNDgyNTIxLCJpYXQiOjE2NTI0NDY1MjF9.SpYMDwuFomyM6qloaLlIk4xkSKurhqC2FxDLq5iHNBc[\r][\n]"
08:27:30.901 [Test worker] DEBUG org.apache.http.wire -  >> "Accept: */*[\r][\n]"
08:27:30.901 [Test worker] DEBUG org.apache.http.wire -  >> "Host: 10.69.42.60:8089[\r][\n]"
08:27:30.901 [Test worker] DEBUG org.apache.http.wire -  >> "Connection: Keep-Alive[\r][\n]"
08:27:30.901 [Test worker] DEBUG org.apache.http.wire -  >> "User-Agent: Apache-HttpClient/4.5.9 (Java/1.8.0_301)[\r][\n]"
08:27:30.901 [Test worker] DEBUG org.apache.http.wire -  >> "Accept-Encoding: gzip,deflate[\r][\n]"
08:27:30.901 [Test worker] DEBUG org.apache.http.wire -  >> "[\r][\n]"
08:27:30.901 [Test worker] DEBUG org.apache.http.headers - >> GET /api/execution-result?idexecution=12503 HTTP/1.1
08:27:30.901 [Test worker] DEBUG org.apache.http.headers - >> Content-Type: application/json; charset=UTF-8
08:27:30.901 [Test worker] DEBUG org.apache.http.headers - >> Authorization: Bearer eyJhbGciOiJIUzI1NiJ9.eyJzdWIiOiJPcmxhbmRvLlBhdXR0QVBJIiwiZXhwIjoxNjUyNDgyNTIxLCJpYXQiOjE2NTI0NDY1MjF9.SpYMDwuFomyM6qloaLlIk4xkSKurhqC2FxDLq5iHNBc
08:27:30.901 [Test worker] DEBUG org.apache.http.headers - >> Accept: */*
08:27:30.901 [Test worker] DEBUG org.apache.http.headers - >> Host: 10.69.42.60:8089
08:27:30.901 [Test worker] DEBUG org.apache.http.headers - >> Connection: Keep-Alive
08:27:30.901 [Test worker] DEBUG org.apache.http.headers - >> User-Agent: Apache-HttpClient/4.5.9 (Java/1.8.0_301)
08:27:30.901 [Test worker] DEBUG org.apache.http.headers - >> Accept-Encoding: gzip,deflate
08:27:30.933 [Test worker] DEBUG org.apache.http.wire -  << "HTTP/1.1 200 [\r][\n]"
08:27:30.933 [Test worker] DEBUG org.apache.http.wire -  << "Vary: Origin[\r][\n]"
08:27:30.933 [Test worker] DEBUG org.apache.http.wire -  << "Vary: Access-Control-Request-Method[\r][\n]"
08:27:30.933 [Test worker] DEBUG org.apache.http.wire -  << "Vary: Access-Control-Request-Headers[\r][\n]"
08:27:30.933 [Test worker] DEBUG org.apache.http.wire -  << "Vary: Origin[\r][\n]"
08:27:30.933 [Test worker] DEBUG org.apache.http.wire -  << "Vary: Access-Control-Request-Method[\r][\n]"
08:27:30.933 [Test worker] DEBUG org.apache.http.wire -  << "Vary: Access-Control-Request-Headers[\r][\n]"
08:27:30.933 [Test worker] DEBUG org.apache.http.wire -  << "X-Content-Type-Options: nosniff[\r][\n]"
08:27:30.933 [Test worker] DEBUG org.apache.http.wire -  << "X-XSS-Protection: 1; mode=block[\r][\n]"
08:27:30.933 [Test worker] DEBUG org.apache.http.wire -  << "Cache-Control: no-cache, no-store, max-age=0, must-revalidate[\r][\n]"
08:27:30.933 [Test worker] DEBUG org.apache.http.wire -  << "Pragma: no-cache[\r][\n]"
08:27:30.933 [Test worker] DEBUG org.apache.http.wire -  << "Expires: 0[\r][\n]"
08:27:30.933 [Test worker] DEBUG org.apache.http.wire -  << "X-Frame-Options: DENY[\r][\n]"
08:27:30.933 [Test worker] DEBUG org.apache.http.wire -  << "Content-Type: application/json[\r][\n]"
08:27:30.933 [Test worker] DEBUG org.apache.http.wire -  << "Transfer-Encoding: chunked[\r][\n]"
08:27:30.933 [Test worker] DEBUG org.apache.http.wire -  << "Date: Fri, 13 May 2022 12:56:12 GMT[\r][\n]"
08:27:30.933 [Test worker] DEBUG org.apache.http.wire -  << "Keep-Alive: timeout=60[\r][\n]"
08:27:30.933 [Test worker] DEBUG org.apache.http.wire -  << "Connection: keep-alive[\r][\n]"
08:27:30.933 [Test worker] DEBUG org.apache.http.wire -  << "[\r][\n]"
08:27:30.933 [Test worker] DEBUG org.apache.http.impl.conn.DefaultClientConnection - Receiving response: HTTP/1.1 200 
08:27:30.933 [Test worker] DEBUG org.apache.http.headers - << HTTP/1.1 200 
08:27:30.933 [Test worker] DEBUG org.apache.http.headers - << Vary: Origin
08:27:30.933 [Test worker] DEBUG org.apache.http.headers - << Vary: Access-Control-Request-Method
08:27:30.933 [Test worker] DEBUG org.apache.http.headers - << Vary: Access-Control-Request-Headers
08:27:30.933 [Test worker] DEBUG org.apache.http.headers - << Vary: Origin
08:27:30.933 [Test worker] DEBUG org.apache.http.headers - << Vary: Access-Control-Request-Method
08:27:30.933 [Test worker] DEBUG org.apache.http.headers - << Vary: Access-Control-Request-Headers
08:27:30.933 [Test worker] DEBUG org.apache.http.headers - << X-Content-Type-Options: nosniff
08:27:30.933 [Test worker] DEBUG org.apache.http.headers - << X-XSS-Protection: 1; mode=block
08:27:30.933 [Test worker] DEBUG org.apache.http.headers - << Cache-Control: no-cache, no-store, max-age=0, must-revalidate
08:27:30.933 [Test worker] DEBUG org.apache.http.headers - << Pragma: no-cache
08:27:30.933 [Test worker] DEBUG org.apache.http.headers - << Expires: 0
[...]
08:27:41.030 [Test worker] DEBUG org.apache.http.wire -  << "Date: Fri, 13 May 2022 12:56:22 GMT[\r][\n]"
08:27:41.030 [Test worker] DEBUG org.apache.http.wire -  << "Keep-Alive: timeout=60[\r][\n]"
08:27:41.030 [Test worker] DEBUG org.apache.http.wire -  << "Connection: keep-alive[\r][\n]"
08:27:41.030 [Test worker] DEBUG org.apache.http.wire -  << "[\r][\n]"
08:27:41.030 [Test worker] DEBUG org.apache.http.impl.conn.DefaultClientConnection - Receiving response: HTTP/1.1 200 
08:27:41.030 [Test worker] DEBUG org.apache.http.headers - << HTTP/1.1 200 
08:27:41.030 [Test worker] DEBUG org.apache.http.headers - << Vary: Origin
08:27:41.030 [Test worker] DEBUG org.apache.http.headers - << Vary: Access-Control-Request-Method
08:27:41.030 [Test worker] DEBUG org.apache.http.headers - << Vary: Access-Control-Request-Headers
08:27:41.030 [Test worker] DEBUG org.apache.http.headers - << Vary: Origin
08:27:41.030 [Test worker] DEBUG org.apache.http.headers - << Vary: Access-Control-Request-Method
08:27:41.030 [Test worker] DEBUG org.apache.http.headers - << Vary: Access-Control-Request-Headers
08:27:41.030 [Test worker] DEBUG org.apache.http.headers - << X-Content-Type-Options: nosniff
08:27:41.030 [Test worker] DEBUG org.apache.http.headers - << X-XSS-Protection: 1; mode=block
08:27:41.030 [Test worker] DEBUG org.apache.http.headers - << Cache-Control: no-cache, no-store, max-age=0, must-revalidate
08:27:41.030 [Test worker] DEBUG org.apache.http.headers - << Pragma: no-cache
08:27:41.030 [Test worker] DEBUG org.apache.http.headers - << Expires: 0
08:27:41.030 [Test worker] DEBUG org.apache.http.headers - << X-Frame-Options: DENY
08:27:41.030 [Test worker] DEBUG org.apache.http.headers - << Content-Type: application/json
08:27:41.030 [Test worker] DEBUG org.apache.http.headers - << Transfer-Encoding: chunked
08:27:41.030 [Test worker] DEBUG org.apache.http.headers - << Date: Fri, 13 May 2022 12:56:22 GMT
08:27:41.030 [Test worker] DEBUG org.apache.http.headers - << Keep-Alive: timeout=60
08:27:41.030 [Test worker] DEBUG org.apache.http.headers - << Connection: keep-alive
08:27:41.030 [Test worker] DEBUG org.apache.http.impl.client.DefaultHttpClient - Connection can be kept alive for 60000 MILLISECONDS
08:27:41.030 [Test worker] DEBUG io.restassured.internal.RequestSpecificationImpl$RestAssuredHttpBuilder - Parsing response as: application/json
08:27:41.030 [Test worker] DEBUG io.restassured.internal.RequestSpecificationImpl$RestAssuredHttpBuilder - Parsed data to instance of: class org.apache.http.conn.EofSensorInputStream
08:27:41.030 [Test worker] DEBUG org.apache.http.wire -  << "38[\r][\n]"
08:27:41.030 [Test worker] DEBUG org.apache.http.wire -  << "{"result":"Pendiente","executionStatus":"En ejecuci[0xc3][0xb3]n"}"
08:27:41.030 [Test worker] DEBUG org.apache.http.wire -  << "[\r][\n]"
08:27:41.030 [Test worker] DEBUG org.apache.http.wire -  << "0[\r][\n]"
08:27:41.030 [Test worker] DEBUG org.apache.http.wire -  << "[\r][\n]"
08:27:41.030 [Test worker] DEBUG org.apache.http.impl.conn.BasicClientConnectionManager - Releasing connection org.apache.http.impl.conn.ManagedClientConnectionImpl@7abb8ccf
08:27:41.030 [Test worker] DEBUG org.apache.http.impl.conn.BasicClientConnectionManager - Connection can be kept alive for 60000 MILLISECONDS


 Se ejecuta API de Consulta de Resultado 


08:27:51.047 [Test worker] DEBUG org.apache.http.impl.conn.BasicClientConnectionManager - Get connection for route {}->http://10.69.42.60:8089
08:27:51.047 [Test worker] DEBUG org.apache.http.impl.conn.DefaultClientConnectionOperator - Connecting to 10.69.42.60:8089
08:27:51.077 [Test worker] DEBUG org.apache.http.client.protocol.RequestAddCookies - CookieSpec selected: ignoreCookies
08:27:51.077 [Test worker] DEBUG org.apache.http.client.protocol.RequestAuthCache - Auth cache not set in the context
08:27:51.077 [Test worker] DEBUG org.apache.http.client.protocol.RequestProxyAuthentication - Proxy auth state: UNCHALLENGED
08:27:51.077 [Test worker] DEBUG org.apache.http.impl.client.DefaultHttpClient - Attempt 1 to execute request
08:27:51.077 [Test worker] DEBUG org.apache.http.impl.conn.DefaultClientConnection - Sending request: GET /api/execution-result?idexecution=12503 HTTP/1.1
08:27:51.077 [Test worker] DEBUG org.apache.http.wire -  >> "GET /api/execution-result?idexecution=12503 HTTP/1.1[\r][\n]"
08:27:51.077 [Test worker] DEBUG org.apache.http.wire -  >> "Content-Type: application/json; charset=UTF-8[\r][\n]"
08:27:51.077 [Test worker] DEBUG org.apache.http.wire -  >> "Authorization: Bearer eyJhbGciOiJIUzI1NiJ9.eyJzdWIiOiJPcmxhbmRvLlBhdXR0QVBJIiwiZXhwIjoxNjUyNDgyNTIxLCJpYXQiOjE2NTI0NDY1MjF9.SpYMDwuFomyM6qloaLlIk4xkSKurhqC2FxDLq5iHNBc[\r][\n]"
08:27:51.077 [Test worker] DEBUG org.apache.http.wire -  >> "Accept: */*[\r][\n]"
08:27:51.077 [Test worker] DEBUG org.apache.http.wire -  >> "Host: 10.69.42.60:8089[\r][\n]"
08:27:51.077 [Test worker] DEBUG org.apache.http.wire -  >> "Connection: Keep-Alive[\r][\n]"
08:27:51.077 [Test worker] DEBUG org.apache.http.wire -  >> "User-Agent: Apache-HttpClient/4.5.9 (Java/1.8.0_301)[\r][\n]"
08:27:51.077 [Test worker] DEBUG org.apache.http.wire -  >> "Accept-Encoding: gzip,deflate[\r][\n]"
08:27:51.077 [Test worker] DEBUG org.apache.http.wire -  >> "[\r][\n]"
08:27:51.077 [Test worker] DEBUG org.apache.http.headers - >> GET /api/execution-result?idexecution=12503 HTTP/1.1
08:27:51.077 [Test worker] DEBUG org.apache.http.headers - >> Content-Type: application/json; charset=UTF-8
08:27:51.077 [Test worker] DEBUG org.apache.http.headers - >> Authorization: Bearer eyJhbGciOiJIUzI1NiJ9.eyJzdWIiOiJPcmxhbmRvLlBhdXR0QVBJIiwiZXhwIjoxNjUyNDgyNTIxLCJpYXQiOjE2NTI0NDY1MjF9.SpYMDwuFomyM6qloaLlIk4xkSKurhqC2FxDLq5iHNBc
08:27:51.077 [Test worker] DEBUG org.apache.http.headers - >> Accept: */*
08:27:51.077 [Test worker] DEBUG org.apache.http.headers - >> Host: 10.69.42.60:8089
08:27:51.077 [Test worker] DEBUG org.apache.http.headers - >> Connection: Keep-Alive
08:27:51.077 [Test worker] DEBUG org.apache.http.headers - >> User-Agent: Apache-HttpClient/4.5.9 (Java/1.8.0_301)
08:27:51.077 [Test worker] DEBUG org.apache.http.headers - >> Accept-Encoding: gzip,deflate
08:27:51.108 [Test worker] DEBUG org.apache.http.wire -  << "HTTP/1.1 200 [\r][\n]"
08:27:51.108 [Test worker] DEBUG org.apache.http.wire -  << "Vary: Origin[\r][\n]"
08:27:51.108 [Test worker] DEBUG org.apache.http.wire -  << "Vary: Access-Control-Request-Method[\r][\n]"
08:27:51.108 [Test worker] DEBUG org.apache.http.wire -  << "Vary: Access-Control-Request-Headers[\r][\n]"
08:27:51.108 [Test worker] DEBUG org.apache.http.wire -  << "Vary: Origin[\r][\n]"
08:27:51.108 [Test worker] DEBUG org.apache.http.wire -  << "Vary: Access-Control-Request-Method[\r][\n]"
08:27:51.108 [Test worker] DEBUG org.apache.http.wire -  << "Vary: Access-Control-Request-Headers[\r][\n]"
08:27:51.108 [Test worker] DEBUG org.apache.http.wire -  << "X-Content-Type-Options: nosniff[\r][\n]"
08:27:51.108 [Test worker] DEBUG org.apache.http.wire -  << "X-XSS-Protection: 1; mode=block[\r][\n]"
08:27:51.108 [Test worker] DEBUG org.apache.http.wire -  << "Cache-Control: no-cache, no-store, max-age=0, must-revalidate[\r][\n]"
08:27:51.108 [Test worker] DEBUG org.apache.http.wire -  << "Pragma: no-cache[\r][\n]"
08:27:51.108 [Test worker] DEBUG org.apache.http.wire -  << "Expires: 0[\r][\n]"
08:27:51.108 [Test worker] DEBUG org.apache.http.wire -  << "X-Frame-Options: DENY[\r][\n]"
08:27:51.108 [Test worker] DEBUG org.apache.http.wire -  << "Content-Type: application/json[\r][\n]"
08:27:51.108 [Test worker] DEBUG org.apache.http.wire -  << "Transfer-Encoding: chunked[\r][\n]"
08:27:51.108 [Test worker] DEBUG org.apache.http.wire -  << "Date: Fri, 13 May 2022 12:56:32 GMT[\r][\n]"
08:27:51.108 [Test worker] DEBUG org.apache.http.wire -  << "Keep-Alive: timeout=60[\r][\n]"
08:27:51.108 [Test worker] DEBUG org.apache.http.wire -  << "Connection: keep-alive[\r][\n]"
08:27:51.108 [Test worker] DEBUG org.apache.http.wire -  << "[\r][\n]"
08:27:51.108 [Test worker] DEBUG org.apache.http.impl.conn.DefaultClientConnection - Receiving response: HTTP/1.1 200 
08:27:51.108 [Test worker] DEBUG org.apache.http.headers - << HTTP/1.1 200 
08:27:51.108 [Test worker] DEBUG org.apache.http.headers - << Vary: Origin
08:27:51.108 [Test worker] DEBUG org.apache.http.headers - << Vary: Access-Control-Request-Method
08:27:51.108 [Test worker] DEBUG org.apache.http.headers - << Vary: Access-Control-Request-Headers
08:27:51.108 [Test worker] DEBUG org.apache.http.headers - << Vary: Origin
08:27:51.108 [Test worker] DEBUG org.apache.http.headers - << Vary: Access-Control-Request-Method
08:27:51.108 [Test worker] DEBUG org.apache.http.headers - << Vary: Access-Control-Request-Headers
08:27:51.108 [Test worker] DEBUG org.apache.http.headers - << X-Content-Type-Options: nosniff
08:27:51.108 [Test worker] DEBUG org.apache.http.headers - << X-XSS-Protection: 1; mode=block
08:27:51.108 [Test worker] DEBUG org.apache.http.headers - << Cache-Control: no-cache, no-store, max-age=0, must-revalidate
08:27:51.108 [Test worker] DEBUG org.apache.http.headers - << Pragma: no-cache
08:27:51.108 [Test worker] DEBUG org.apache.http.headers - << Expires: 0
08:27:51.108 [Test worker] DEBUG org.apache.http.headers - << X-Frame-Options: DENY
08:27:51.108 [Test worker] DEBUG org.apache.http.headers - << Content-Type: application/json
08:27:51.108 [Test worker] DEBUG org.apache.http.headers - << Transfer-Encoding: chunked
08:27:51.108 [Test worker] DEBUG org.apache.http.headers - << Date: Fri, 13 May 2022 12:56:32 GMT
08:27:51.108 [Test worker] DEBUG org.apache.http.headers - << Keep-Alive: timeout=60
08:27:51.108 [Test worker] DEBUG org.apache.http.headers - << Connection: keep-alive
08:27:51.108 [Test worker] DEBUG org.apache.http.impl.client.DefaultHttpClient - Connection can be kept alive for 60000 MILLISECONDS
08:27:51.108 [Test worker] DEBUG io.restassured.internal.RequestSpecificationImpl$RestAssuredHttpBuilder - Parsing response as: application/json
08:27:51.108 [Test worker] DEBUG io.restassured.internal.RequestSpecificationImpl$RestAssuredHttpBuilder - Parsed data to instance of: class org.apache.http.conn.EofSensorInputStream
08:27:51.108 [Test worker] DEBUG org.apache.http.wire -  << "38[\r][\n]"
08:27:51.108 [Test worker] DEBUG org.apache.http.wire -  << "{"result":"Pendiente","executionStatus":"En ejecuci[0xc3][0xb3]n"}"
08:27:51.108 [Test worker] DEBUG org.apache.http.wire -  << "[\r][\n]"
08:27:51.108 [Test worker] DEBUG org.apache.http.wire -  << "0[\r][\n]"
08:27:51.108 [Test worker] DEBUG org.apache.http.wire -  << "[\r][\n]"
08:27:51.108 [Test worker] DEBUG org.apache.http.impl.conn.BasicClientConnectionManager - Releasing connection org.apache.http.impl.conn.ManagedClientConnectionImpl@ea2d52a
08:27:51.108 [Test worker] DEBUG org.apache.http.impl.conn.BasicClientConnectionManager - Connection can be kept alive for 60000 MILLISECONDS


 Se ejecuta API de Consulta de Resultado 


08:28:01.133 [Test worker] DEBUG org.apache.http.impl.conn.BasicClientConnectionManager - Get connection for route {}->http://10.69.42.60:8089
08:28:01.133 [Test worker] DEBUG org.apache.http.impl.conn.DefaultClientConnectionOperator - Connecting to 10.69.42.60:8089
08:28:01.150 [Test worker] DEBUG org.apache.http.client.protocol.RequestAddCookies - CookieSpec selected: ignoreCookies
08:28:01.166 [Test worker] DEBUG org.apache.http.client.protocol.RequestAuthCache - Auth cache not set in the context
08:28:01.166 [Test worker] DEBUG org.apache.http.client.protocol.RequestProxyAuthentication - Proxy auth state: UNCHALLENGED
08:28:01.166 [Test worker] DEBUG org.apache.http.impl.client.DefaultHttpClient - Attempt 1 to execute request
08:28:01.166 [Test worker] DEBUG org.apache.http.impl.conn.DefaultClientConnection - Sending request: GET /api/execution-result?idexecution=12503 HTTP/1.1
08:28:01.166 [Test worker] DEBUG org.apache.http.wire -  >> "GET /api/execution-result?idexecution=12503 HTTP/1.1[\r][\n]"
08:28:01.166 [Test worker] DEBUG org.apache.http.wire -  >> "Content-Type: application/json; charset=UTF-8[\r][\n]"
08:28:01.166 [Test worker] DEBUG org.apache.http.wire -  >> "Authorization: Bearer eyJhbGciOiJIUzI1NiJ9.eyJzdWIiOiJPcmxhbmRvLlBhdXR0QVBJIiwiZXhwIjoxNjUyNDgyNTIxLCJpYXQiOjE2NTI0NDY1MjF9.SpYMDwuFomyM6qloaLlIk4xkSKurhqC2FxDLq5iHNBc[\r][\n]"
08:28:01.166 [Test worker] DEBUG org.apache.http.wire -  >> "Accept: */*[\r][\n]"
08:28:01.166 [Test worker] DEBUG org.apache.http.wire -  >> "Host: 10.69.42.60:8089[\r][\n]"
08:28:01.166 [Test worker] DEBUG org.apache.http.wire -  >> "Connection: Keep-Alive[\r][\n]"
08:28:01.166 [Test worker] DEBUG org.apache.http.wire -  >> "User-Agent: Apache-HttpClient/4.5.9 (Java/1.8.0_301)[\r][\n]"
08:28:01.166 [Test worker] DEBUG org.apache.http.wire -  >> "Accept-Encoding: gzip,deflate[\r][\n]"
08:28:01.166 [Test worker] DEBUG org.apache.http.wire -  >> "[\r][\n]"
08:28:01.166 [Test worker] DEBUG org.apache.http.headers - >> GET /api/execution-result?idexecution=12503 HTTP/1.1
08:28:01.166 [Test worker] DEBUG org.apache.http.headers - >> Content-Type: application/json; charset=UTF-8
08:28:01.166 [Test worker] DEBUG org.apache.http.headers - >> Authorization: Bearer eyJhbGciOiJIUzI1NiJ9.eyJzdWIiOiJPcmxhbmRvLlBhdXR0QVBJIiwiZXhwIjoxNjUyNDgyNTIxLCJpYXQiOjE2NTI0NDY1MjF9.SpYMDwuFomyM6qloaLlIk4xkSKurhqC2FxDLq5iHNBc
08:28:01.166 [Test worker] DEBUG org.apache.http.headers - >> Accept: */*
08:28:01.166 [Test worker] DEBUG org.apache.http.headers - >> Host: 10.69.42.60:8089
08:28:01.166 [Test worker] DEBUG org.apache.http.headers - >> Connection: Keep-Alive
08:28:01.166 [Test worker] DEBUG org.apache.http.headers - >> User-Agent: Apache-HttpClient/4.5.9 (Java/1.8.0_301)
08:28:01.166 [Test worker] DEBUG org.apache.http.headers - >> Accept-Encoding: gzip,deflate
08:28:01.219 [Test worker] DEBUG org.apache.http.wire -  << "HTTP/1.1 200 [\r][\n]"
08:28:01.219 [Test worker] DEBUG org.apache.http.wire -  << "Vary: Origin[\r][\n]"
08:28:01.219 [Test worker] DEBUG org.apache.http.wire -  << "Vary: Access-Control-Request-Method[\r][\n]"
08:28:01.219 [Test worker] DEBUG org.apache.http.wire -  << "Vary: Access-Control-Request-Headers[\r][\n]"
08:28:01.219 [Test worker] DEBUG org.apache.http.wire -  << "Vary: Origin[\r][\n]"
08:28:01.219 [Test worker] DEBUG org.apache.http.wire -  << "Vary: Access-Control-Request-Method[\r][\n]"
08:28:01.219 [Test worker] DEBUG org.apache.http.wire -  << "Vary: Access-Control-Request-Headers[\r][\n]"
08:28:01.219 [Test worker] DEBUG org.apache.http.wire -  << "X-Content-Type-Options: nosniff[\r][\n]"
08:28:01.219 [Test worker] DEBUG org.apache.http.wire -  << "X-XSS-Protection: 1; mode=block[\r][\n]"
08:28:01.219 [Test worker] DEBUG org.apache.http.wire -  << "Cache-Control: no-cache, no-store, max-age=0, must-revalidate[\r][\n]"
08:28:01.219 [Test worker] DEBUG org.apache.http.wire -  << "Pragma: no-cache[\r][\n]"
08:28:01.219 [Test worker] DEBUG org.apache.http.wire -  << "Expires: 0[\r][\n]"
08:28:01.219 [Test worker] DEBUG org.apache.http.wire -  << "X-Frame-Options: DENY[\r][\n]"
08:28:01.219 [Test worker] DEBUG org.apache.http.wire -  << "Content-Type: application/json[\r][\n]"
08:28:01.219 [Test worker] DEBUG org.apache.http.wire -  << "Transfer-Encoding: chunked[\r][\n]"
08:28:01.219 [Test worker] DEBUG org.apache.http.wire -  << "Date: Fri, 13 May 2022 12:56:42 GMT[\r][\n]"
08:28:01.219 [Test worker] DEBUG org.apache.http.wire -  << "Keep-Alive: timeout=60[\r][\n]"
08:28:01.219 [Test worker] DEBUG org.apache.http.wire -  << "Connection: keep-alive[\r][\n]"
08:28:01.219 [Test worker] DEBUG org.apache.http.wire -  << "[\r][\n]"
08:28:01.219 [Test worker] DEBUG org.apache.http.impl.conn.DefaultClientConnection - Receiving response: HTTP/1.1 200 
08:28:01.219 [Test worker] DEBUG org.apache.http.headers - << HTTP/1.1 200 
08:28:01.219 [Test worker] DEBUG org.apache.http.headers - << Vary: Origin
08:28:01.219 [Test worker] DEBUG org.apache.http.headers - << Vary: Access-Control-Request-Method
08:28:01.219 [Test worker] DEBUG org.apache.http.headers - << Vary: Access-Control-Request-Headers
08:28:01.219 [Test worker] DEBUG org.apache.http.headers - << Vary: Origin
08:28:01.219 [Test worker] DEBUG org.apache.http.headers - << Vary: Access-Control-Request-Method
08:28:01.219 [Test worker] DEBUG org.apache.http.headers - << Vary: Access-Control-Request-Headers
08:28:01.219 [Test worker] DEBUG org.apache.http.headers - << X-Content-Type-Options: nosniff
08:28:01.219 [Test worker] DEBUG org.apache.http.headers - << X-XSS-Protection: 1; mode=block
08:28:01.219 [Test worker] DEBUG org.apache.http.headers - << Cache-Control: no-cache, no-store, max-age=0, must-revalidate
08:28:01.219 [Test worker] DEBUG org.apache.http.headers - << Pragma: no-cache
08:28:01.219 [Test worker] DEBUG org.apache.http.headers - << Expires: 0
08:28:01.219 [Test worker] DEBUG org.apache.http.headers - << X-Frame-Options: DENY
08:28:01.219 [Test worker] DEBUG org.apache.http.headers - << Content-Type: application/json
08:28:01.219 [Test worker] DEBUG org.apache.http.headers - << Transfer-Encoding: chunked
08:28:01.219 [Test worker] DEBUG org.apache.http.headers - << Date: Fri, 13 May 2022 12:56:42 GMT
08:28:01.219 [Test worker] DEBUG org.apache.http.headers - << Keep-Alive: timeout=60
08:28:01.219 [Test worker] DEBUG org.apache.http.headers - << Connection: keep-alive
08:28:01.219 [Test worker] DEBUG org.apache.http.impl.client.DefaultHttpClient - Connection can be kept alive for 60000 MILLISECONDS
08:28:01.220 [Test worker] DEBUG io.restassured.internal.RequestSpecificationImpl$RestAssuredHttpBuilder - Parsing response as: application/json
08:28:01.220 [Test worker] DEBUG io.restassured.internal.RequestSpecificationImpl$RestAssuredHttpBuilder - Parsed data to instance of: class org.apache.http.conn.EofSensorInputStream
08:28:01.220 [Test worker] DEBUG org.apache.http.wire -  << "17c[\r][\n]"
08:28:01.220 [Test worker] DEBUG org.apache.http.wire -  << "{"result":["Fallido"],"executionStatus":"Terminado","urlEvidenceSerenity":"http://10.69.42.60:8092/assets/evidences/13_05_2022_08_22_44_801/Sox_Evidence.zip","urlEvidenceEvidenceComplete":"http://10.69.42.60:8092/assets/evidences/13_05_2022_08_22_44_801/Complete_Evidence.zip","urlEvidenceSox":"http://10.69.42.60:8092/assets/evidences/13_05_2022_08_22_44_801/reports/index.html"}"
08:28:01.220 [Test worker] DEBUG org.apache.http.wire -  << "[\r][\n]"
08:28:01.220 [Test worker] DEBUG org.apache.http.wire -  << "0[\r][\n]"
08:28:01.220 [Test worker] DEBUG org.apache.http.wire -  << "[\r][\n]"
08:28:01.220 [Test worker] DEBUG org.apache.http.impl.conn.BasicClientConnectionManager - Releasing connection org.apache.http.impl.conn.ManagedClientConnectionImpl@5a90f506
08:28:01.220 [Test worker] DEBUG org.apache.http.impl.conn.BasicClientConnectionManager - Connection can be kept alive for 60000 MILLISECONDS
Ejecucion Fallida
[http://10.69.42.60:8092/assets/evidences/13_05_2022_08_22_44_801/Sox_Evidence.zip, http://10.69.42.60:8092/assets/evidences/13_05_2022_08_22_44_801/Complete_Evidence.zip, http://10.69.42.60:8092/assets/evidences/13_05_2022_08_22_44_801/reports/index.html]
08:28:01.300 [Test worker] INFO net.thucydides.core.steps.ConsoleLoggingListener - 
        __    _____ _____ ____ _____   ____   _    ____  ____  _____ ____  
  _     \ \  |_   _| ____/ ___|_   _| |  _ \ / \  / ___|/ ___|| ____|  _ \ 
 (_)_____| |   | | |  _| \___ \ | |   | |_) / _ \ \___ \\___ \|  _| | | | |
  _|_____| |   | | | |___ ___) || |   |  __/ ___ \ ___) |___) | |___| |_| |
 (_)     | |   |_| |_____|____/ |_|   |_| /_/   \_\____/|____/|_____|____/ 
        /_/                                                                

TEST PASSED: se requiere ejecutar el Json
----------------------------------------------------------------------------
]]></system-out>
  <system-err><![CDATA[]]></system-err>
</testsuite>
